[2024-07-22T09:10:10.338+0000] {taskinstance.py:1956} INFO - Dependencies all met for dep_context=non-requeueable deps ti=<TaskInstance: fact_order.transform_and_load_task manual__2024-07-22T09:09:50.268095+00:00 [queued]>
[2024-07-22T09:10:10.356+0000] {taskinstance.py:1956} INFO - Dependencies all met for dep_context=requeueable deps ti=<TaskInstance: fact_order.transform_and_load_task manual__2024-07-22T09:09:50.268095+00:00 [queued]>
[2024-07-22T09:10:10.358+0000] {taskinstance.py:2170} INFO - Starting attempt 1 of 1
[2024-07-22T09:10:10.384+0000] {taskinstance.py:2191} INFO - Executing <Task(_PythonDecoratedOperator): transform_and_load_task> on 2024-07-22 09:09:50.268095+00:00
[2024-07-22T09:10:10.395+0000] {standard_task_runner.py:60} INFO - Started process 10835 to run task
[2024-07-22T09:10:10.401+0000] {standard_task_runner.py:87} INFO - Running: ['***', 'tasks', 'run', 'fact_order', 'transform_and_load_task', 'manual__2024-07-22T09:09:50.268095+00:00', '--job-id', '239', '--raw', '--subdir', 'DAGS_FOLDER/fact_order.py', '--cfg-path', '/tmp/tmp8yxyxce8']
[2024-07-22T09:10:10.403+0000] {standard_task_runner.py:88} INFO - Job 239: Subtask transform_and_load_task
[2024-07-22T09:10:10.495+0000] {task_command.py:423} INFO - Running <TaskInstance: fact_order.transform_and_load_task manual__2024-07-22T09:09:50.268095+00:00 [running]> on host 087c584822ad
[2024-07-22T09:10:10.622+0000] {taskinstance.py:2480} INFO - Exporting env vars: AIRFLOW_CTX_DAG_OWNER='***' AIRFLOW_CTX_DAG_ID='fact_order' AIRFLOW_CTX_TASK_ID='transform_and_load_task' AIRFLOW_CTX_EXECUTION_DATE='2024-07-22T09:09:50.268095+00:00' AIRFLOW_CTX_TRY_NUMBER='1' AIRFLOW_CTX_DAG_RUN_ID='manual__2024-07-22T09:09:50.268095+00:00'
[2024-07-22T09:10:10.634+0000] {pipeline.py:197} INFO - Missing pipeline option (runner). Executing pipeline using the default runner: DirectRunner.
[2024-07-22T09:10:13.208+0000] {pipeline_options.py:372} WARNING - Discarding unparseable args: ['celery', 'worker']
[2024-07-22T09:10:13.209+0000] {pipeline_options.py:390} WARNING - Discarding invalid overrides: {'save_main_sesion': True}
[2024-07-22T09:10:13.607+0000] {statecache.py:234} INFO - Creating state cache with size 104857600
[2024-07-22T09:10:34.318+0000] {bigquery_file_loads.py:703} INFO - Load job has 1 files. Job name is beam_bq_job_LOAD_factorderbigqueryetl_LOAD_STEP_ce7a96355ebf40f89038e7f2205b446d_5525c64786710cd6cbb950e69cdc9eb4_pane0_partition0.
[2024-07-22T09:10:34.320+0000] {bigquery_file_loads.py:739} INFO - Triggering job beam_bq_job_LOAD_factorderbigqueryetl_LOAD_STEP_ce7a96355ebf40f89038e7f2205b446d_5525c64786710cd6cbb950e69cdc9eb4_pane0_partition0 to load data to BigQuery table <TableReference
 datasetId: 'dw_demo'
 projectId: 'liquid-kite-423215-s2'
 tableId: 'fact_order'>.Schema: {'fields': [{'name': 'ingested_at', 'type': 'TIMESTAMP', 'mode': 'NULLABLE'}, {'name': 'created_at', 'type': 'TIMESTAMP', 'mode': 'NULLABLE'}, {'name': 'last_updated_at', 'type': 'TIMESTAMP', 'mode': 'NULLABLE'}, {'name': 'order_id', 'type': 'INTEGER', 'mode': 'NULLABLE'}, {'name': 'order_code', 'type': 'STRING', 'mode': 'NULLABLE'}, {'name': 'status', 'type': 'STRING', 'mode': 'NULLABLE'}, {'name': 'customer_id', 'type': 'INTEGER', 'mode': 'NULLABLE'}, {'name': 'channel', 'type': 'STRING', 'mode': 'NULLABLE'}, {'name': 'currency_code', 'type': 'STRING', 'mode': 'NULLABLE'}, {'name': 'warehouse_code', 'type': 'STRING', 'mode': 'NULLABLE'}, {'name': 'city_shipping_id', 'type': 'INTEGER', 'mode': 'NULLABLE'}, {'name': 'total_product_order_quantity', 'type': 'INTEGER', 'mode': 'NULLABLE'}, {'name': 'total_price', 'type': 'NUMERIC', 'mode': 'NULLABLE'}, {'name': 'total_cost', 'type': 'NUMERIC', 'mode': 'NULLABLE'}]}. Additional parameters: {}. Source format: NEWLINE_DELIMITED_JSON
[2024-07-22T09:10:35.175+0000] {bigquery_tools.py:579} INFO - Started BigQuery job: <JobReference
 jobId: 'beam_bq_job_LOAD_factorderbigqueryetl_LOAD_STEP_ce7a96355ebf40f89038e7f2205b446d_5525c64786710cd6cbb950e69cdc9eb4_pane0_partition0'
 location: 'asia-southeast1'
 projectId: 'liquid-kite-423215-s2'>
 bq show -j --format=prettyjson --project_id=liquid-kite-423215-s2 beam_bq_job_LOAD_factorderbigqueryetl_LOAD_STEP_ce7a96355ebf40f89038e7f2205b446d_5525c64786710cd6cbb950e69cdc9eb4_pane0_partition0
[2024-07-22T09:10:35.475+0000] {bigquery_tools.py:652} INFO - Job liquid-kite-423215-s2:asia-southeast1.beam_bq_job_LOAD_factorderbigqueryetl_LOAD_STEP_ce7a96355ebf40f89038e7f2205b446d_5525c64786710cd6cbb950e69cdc9eb4_pane0_partition0 status: RUNNING
[2024-07-22T09:10:45.688+0000] {bigquery_tools.py:652} INFO - Job liquid-kite-423215-s2:asia-southeast1.beam_bq_job_LOAD_factorderbigqueryetl_LOAD_STEP_ce7a96355ebf40f89038e7f2205b446d_5525c64786710cd6cbb950e69cdc9eb4_pane0_partition0 status: DONE
[2024-07-22T09:10:49.951+0000] {python.py:201} INFO - Done. Returned value was: None
[2024-07-22T09:10:49.965+0000] {taskinstance.py:1138} INFO - Marking task as SUCCESS. dag_id=fact_order, task_id=transform_and_load_task, execution_date=20240722T090950, start_date=20240722T091010, end_date=20240722T091049
[2024-07-22T09:10:50.023+0000] {local_task_job_runner.py:234} INFO - Task exited with return code 0
[2024-07-22T09:10:50.042+0000] {taskinstance.py:3280} INFO - 0 downstream tasks scheduled from follow-on schedule check
