[2024-07-17T01:43:32.231+0000] {taskinstance.py:1956} INFO - Dependencies all met for dep_context=non-requeueable deps ti=<TaskInstance: dim_product.transform_and_load_task manual__2024-07-17T01:43:28.160961+00:00 [queued]>
[2024-07-17T01:43:32.241+0000] {taskinstance.py:1956} INFO - Dependencies all met for dep_context=requeueable deps ti=<TaskInstance: dim_product.transform_and_load_task manual__2024-07-17T01:43:28.160961+00:00 [queued]>
[2024-07-17T01:43:32.241+0000] {taskinstance.py:2170} INFO - Starting attempt 1 of 1
[2024-07-17T01:43:32.259+0000] {taskinstance.py:2191} INFO - Executing <Task(_PythonDecoratedOperator): transform_and_load_task> on 2024-07-17 01:43:28.160961+00:00
[2024-07-17T01:43:32.266+0000] {standard_task_runner.py:60} INFO - Started process 379 to run task
[2024-07-17T01:43:32.271+0000] {standard_task_runner.py:87} INFO - Running: ['***', 'tasks', 'run', 'dim_product', 'transform_and_load_task', 'manual__2024-07-17T01:43:28.160961+00:00', '--job-id', '148', '--raw', '--subdir', 'DAGS_FOLDER/dim_product_orchestration.py', '--cfg-path', '/tmp/tmp5ar8lpam']
[2024-07-17T01:43:32.273+0000] {standard_task_runner.py:88} INFO - Job 148: Subtask transform_and_load_task
[2024-07-17T01:43:32.335+0000] {task_command.py:423} INFO - Running <TaskInstance: dim_product.transform_and_load_task manual__2024-07-17T01:43:28.160961+00:00 [running]> on host 087c584822ad
[2024-07-17T01:43:32.435+0000] {taskinstance.py:2480} INFO - Exporting env vars: AIRFLOW_CTX_DAG_OWNER='***' AIRFLOW_CTX_DAG_ID='dim_product' AIRFLOW_CTX_TASK_ID='transform_and_load_task' AIRFLOW_CTX_EXECUTION_DATE='2024-07-17T01:43:28.160961+00:00' AIRFLOW_CTX_TRY_NUMBER='1' AIRFLOW_CTX_DAG_RUN_ID='manual__2024-07-17T01:43:28.160961+00:00'
[2024-07-17T01:43:33.146+0000] {pipeline_options.py:923} WARNING - Bucket specified in temp_location has soft-delete policy enabled. To avoid being billed for unnecessary storage costs, turn off the soft delete feature on buckets that your Dataflow jobs use for temporary and staging storage. For more information, see https://cloud.google.com/storage/docs/use-soft-delete#remove-soft-delete-policy.
[2024-07-17T01:43:33.532+0000] {pipeline_options.py:923} WARNING - Bucket specified in staging_location has soft-delete policy enabled. To avoid being billed for unnecessary storage costs, turn off the soft delete feature on buckets that your Dataflow jobs use for temporary and staging storage. For more information, see https://cloud.google.com/storage/docs/use-soft-delete#remove-soft-delete-policy.
[2024-07-17T01:43:35.423+0000] {pipeline_options.py:923} WARNING - Bucket specified in temp_location has soft-delete policy enabled. To avoid being billed for unnecessary storage costs, turn off the soft delete feature on buckets that your Dataflow jobs use for temporary and staging storage. For more information, see https://cloud.google.com/storage/docs/use-soft-delete#remove-soft-delete-policy.
[2024-07-17T01:43:35.702+0000] {pipeline_options.py:923} WARNING - Bucket specified in staging_location has soft-delete policy enabled. To avoid being billed for unnecessary storage costs, turn off the soft delete feature on buckets that your Dataflow jobs use for temporary and staging storage. For more information, see https://cloud.google.com/storage/docs/use-soft-delete#remove-soft-delete-policy.
[2024-07-17T01:43:36.144+0000] {stager.py:800} INFO - Executing command: ['/usr/local/bin/python', '-m', 'build', '--no-isolation', '--sdist', '--outdir', '/tmp/tmptje54ztj', '/opt/***/plugins']
[2024-07-17T01:43:36.205+0000] {stager.py:810} INFO - Executing command: ['/usr/local/bin/python', 'setup.py', 'sdist', '--dist-dir', '/tmp/tmptje54ztj']
[2024-07-17T01:43:38.602+0000] {dataflow_runner.py:397} INFO - Pipeline has additional dependencies to be installed in SDK worker container, consider using the SDK container image pre-building workflow to avoid repetitive installations. Learn more on https://cloud.google.com/dataflow/docs/guides/using-custom-containers#prebuild
[2024-07-17T01:43:38.607+0000] {environments.py:314} INFO - Using provided Python SDK container image: gcr.io/cloud-dataflow/v1beta3/beam_python3.8_sdk:2.57.0
[2024-07-17T01:43:38.607+0000] {environments.py:321} INFO - Python SDK container image set to "gcr.io/cloud-dataflow/v1beta3/beam_python3.8_sdk:2.57.0" for Docker environment
[2024-07-17T01:43:39.174+0000] {apiclient.py:663} INFO - Starting GCS upload to gs://ingestion_layer/staging/dim-product-bigquery-etl.1721180619.138211/workflow.tar.gz...
[2024-07-17T01:43:40.347+0000] {apiclient.py:673} INFO - Completed GCS upload to gs://ingestion_layer/staging/dim-product-bigquery-etl.1721180619.138211/workflow.tar.gz in 1 seconds.
[2024-07-17T01:43:40.349+0000] {apiclient.py:663} INFO - Starting GCS upload to gs://ingestion_layer/staging/dim-product-bigquery-etl.1721180619.138211/submission_environment_dependencies.txt...
[2024-07-17T01:43:41.294+0000] {apiclient.py:673} INFO - Completed GCS upload to gs://ingestion_layer/staging/dim-product-bigquery-etl.1721180619.138211/submission_environment_dependencies.txt in 0 seconds.
[2024-07-17T01:43:41.295+0000] {apiclient.py:663} INFO - Starting GCS upload to gs://ingestion_layer/staging/dim-product-bigquery-etl.1721180619.138211/pipeline.pb...
[2024-07-17T01:43:42.283+0000] {apiclient.py:673} INFO - Completed GCS upload to gs://ingestion_layer/staging/dim-product-bigquery-etl.1721180619.138211/pipeline.pb in 0 seconds.
[2024-07-17T01:43:42.307+0000] {pipeline_options.py:339} WARNING - Unknown pipeline options received: celery,worker. Ignore if flags are used for internal purposes.
[2024-07-17T01:43:42.324+0000] {pipeline_options.py:339} WARNING - Unknown pipeline options received: celery,worker. Ignore if flags are used for internal purposes.
[2024-07-17T01:43:43.878+0000] {apiclient.py:844} INFO - Create job: <Job
 clientRequestId: '20240717014339140069-6888'
 createTime: '2024-07-17T01:43:43.826764Z'
 currentStateTime: '1970-01-01T00:00:00Z'
 id: '2024-07-16_18_43_43-11117917288353136582'
 location: 'asia-southeast2'
 name: 'dim-product-bigquery-etl'
 projectId: 'liquid-kite-423215-s2'
 stageStates: []
 startTime: '2024-07-17T01:43:43.826764Z'
 steps: []
 tempFiles: []
 type: TypeValueValuesEnum(JOB_TYPE_BATCH, 1)>
[2024-07-17T01:43:43.885+0000] {apiclient.py:846} INFO - Created job with id: [2024-07-16_18_43_43-11117917288353136582]
[2024-07-17T01:43:43.886+0000] {apiclient.py:847} INFO - Submitted job: 2024-07-16_18_43_43-11117917288353136582
[2024-07-17T01:43:43.888+0000] {apiclient.py:848} INFO - To access the Dataflow monitoring console, please navigate to https://console.cloud.google.com/dataflow/jobs/asia-southeast2/2024-07-16_18_43_43-11117917288353136582?project=liquid-kite-423215-s2
[2024-07-17T01:43:44.264+0000] {dataflow_runner.py:153} INFO - Job 2024-07-16_18_43_43-11117917288353136582 is in state JOB_STATE_PENDING
[2024-07-17T01:43:49.450+0000] {dataflow_runner.py:203} INFO - 2024-07-17T01:43:47.363Z: JOB_MESSAGE_BASIC: Worker configuration: n1-standard-1 in asia-southeast2-c.
[2024-07-17T01:43:49.604+0000] {dataflow_runner.py:153} INFO - Job 2024-07-16_18_43_43-11117917288353136582 is in state JOB_STATE_RUNNING
[2024-07-17T01:43:54.738+0000] {dataflow_runner.py:203} INFO - 2024-07-17T01:43:49.452Z: JOB_MESSAGE_BASIC: Executing operation WriteToBigQuery/WriteToBigQuery/BigQueryBatchFileLoads/ImpulseEmptyPC/Impulse+WriteToBigQuery/WriteToBigQuery/BigQueryBatchFileLoads/ImpulseEmptyPC/FlatMap(<lambda at core.py:3788>)+WriteToBigQuery/WriteToBigQuery/BigQueryBatchFileLoads/ImpulseEmptyPC/Map(decode)
[2024-07-17T01:43:54.739+0000] {dataflow_runner.py:203} INFO - 2024-07-17T01:43:49.463Z: JOB_MESSAGE_BASIC: Executing operation Start/Impulse+Start/FlatMap(<lambda at core.py:3788>)+Start/Map(decode)
[2024-07-17T01:43:54.739+0000] {dataflow_runner.py:203} INFO - 2024-07-17T01:43:49.475Z: JOB_MESSAGE_BASIC: Executing operation ReadAvro/ReadAvro/Read/Impulse+ReadAvro/ReadAvro/Read/EmitSource+ref_AppliedPTransform_ReadAvro-ReadAvro-Read-SDFBoundedSourceReader-ParDo-SDFBoundedSourceDoFn-_13/PairWithRestriction+ref_AppliedPTransform_ReadAvro-ReadAvro-Read-SDFBoundedSourceReader-ParDo-SDFBoundedSourceDoFn-_13/SplitWithSizing
[2024-07-17T01:43:54.740+0000] {dataflow_runner.py:203} INFO - 2024-07-17T01:43:49.486Z: JOB_MESSAGE_BASIC: Executing operation WriteToBigQuery/WriteToBigQuery/BigQueryBatchFileLoads/ImpulseSingleElementPC/Impulse+WriteToBigQuery/WriteToBigQuery/BigQueryBatchFileLoads/ImpulseSingleElementPC/FlatMap(<lambda at core.py:3788>)+WriteToBigQuery/WriteToBigQuery/BigQueryBatchFileLoads/ImpulseSingleElementPC/Map(decode)+WriteToBigQuery/WriteToBigQuery/BigQueryBatchFileLoads/CopyJobNamePrefix+WriteToBigQuery/WriteToBigQuery/BigQueryBatchFileLoads/GenerateFilePrefix+WriteToBigQuery/WriteToBigQuery/BigQueryBatchFileLoads/LoadJobNamePrefix+WriteToBigQuery/WriteToBigQuery/BigQueryBatchFileLoads/SchemaModJobNamePrefix
[2024-07-17T01:43:54.740+0000] {dataflow_runner.py:203} INFO - 2024-07-17T01:43:49.486Z: JOB_MESSAGE_BASIC: Starting 1 workers in asia-southeast2...
[2024-07-17T01:45:09.404+0000] {dataflow_runner.py:203} INFO - 2024-07-17T01:45:06.607Z: JOB_MESSAGE_BASIC: Cancel request is committed for workflow job: 2024-07-16_18_43_43-11117917288353136582.
[2024-07-17T01:45:09.405+0000] {dataflow_runner.py:203} INFO - 2024-07-17T01:45:06.627Z: JOB_MESSAGE_BASIC: Finished operation WriteToBigQuery/WriteToBigQuery/BigQueryBatchFileLoads/ImpulseEmptyPC/Impulse+WriteToBigQuery/WriteToBigQuery/BigQueryBatchFileLoads/ImpulseEmptyPC/FlatMap(<lambda at core.py:3788>)+WriteToBigQuery/WriteToBigQuery/BigQueryBatchFileLoads/ImpulseEmptyPC/Map(decode)
[2024-07-17T01:45:09.405+0000] {dataflow_runner.py:203} INFO - 2024-07-17T01:45:06.627Z: JOB_MESSAGE_BASIC: Finished operation Start/Impulse+Start/FlatMap(<lambda at core.py:3788>)+Start/Map(decode)
[2024-07-17T01:45:09.405+0000] {dataflow_runner.py:205} WARNING - 2024-07-17T01:45:06.740Z: JOB_MESSAGE_WARNING: Unable to delete temp files: "gs://ingestion_layer/tmp/dim-product-bigquery-etl.1721180619.138211/dax-tmp-2024-07-16_18_43_43-11117917288353136582-S01-0-1d7b137530c399eb/tmp-1d7b137530c39ab0@DAX.recordio."
[2024-07-17T01:45:09.406+0000] {dataflow_runner.py:205} WARNING - 2024-07-17T01:45:06.742Z: JOB_MESSAGE_WARNING: Unable to delete temp files: "gs://ingestion_layer/tmp/dim-product-bigquery-etl.1721180619.138211/dax-tmp-2024-07-16_18_43_43-11117917288353136582-S08-0-e21edffb895c137/tmp-e21edffb895c320@DAX.sdfmeta."
[2024-07-17T01:45:09.406+0000] {dataflow_runner.py:205} WARNING - 2024-07-17T01:45:06.746Z: JOB_MESSAGE_WARNING: Unable to delete temp files: "gs://ingestion_layer/tmp/dim-product-bigquery-etl.1721180619.138211/dax-tmp-2024-07-16_18_43_43-11117917288353136582-S01-2-ce3879190d5b8971/tmp-ce3879190d5b8c64@DAX.recordio."
[2024-07-17T01:45:09.407+0000] {dataflow_runner.py:205} WARNING - 2024-07-17T01:45:06.752Z: JOB_MESSAGE_WARNING: S08:ReadAvro/ReadAvro/Read/Impulse+ReadAvro/ReadAvro/Read/EmitSource+ref_AppliedPTransform_ReadAvro-ReadAvro-Read-SDFBoundedSourceReader-ParDo-SDFBoundedSourceDoFn-_13/PairWithRestriction+ref_AppliedPTransform_ReadAvro-ReadAvro-Read-SDFBoundedSourceReader-ParDo-SDFBoundedSourceDoFn-_13/SplitWithSizing failed.
[2024-07-17T01:45:09.407+0000] {dataflow_runner.py:205} WARNING - 2024-07-17T01:45:06.752Z: JOB_MESSAGE_WARNING: Unable to delete temp files: "gs://ingestion_layer/tmp/dim-product-bigquery-etl.1721180619.138211/dax-tmp-2024-07-16_18_43_43-11117917288353136582-S01-3-c886c8e68aa51ff1/tmp-c886c8e68aa513a2@DAX.recordio."
[2024-07-17T01:45:09.407+0000] {dataflow_runner.py:205} WARNING - 2024-07-17T01:45:06.756Z: JOB_MESSAGE_WARNING: Unable to delete temp files: "gs://ingestion_layer/tmp/dim-product-bigquery-etl.1721180619.138211/dax-tmp-2024-07-16_18_43_43-11117917288353136582-S01-1-b13b1761c4709868/tmp-b13b1761c4709dc3@DAX.recordio."
[2024-07-17T01:45:09.408+0000] {dataflow_runner.py:203} INFO - 2024-07-17T01:45:06.765Z: JOB_MESSAGE_BASIC: Finished operation ReadAvro/ReadAvro/Read/Impulse+ReadAvro/ReadAvro/Read/EmitSource+ref_AppliedPTransform_ReadAvro-ReadAvro-Read-SDFBoundedSourceReader-ParDo-SDFBoundedSourceDoFn-_13/PairWithRestriction+ref_AppliedPTransform_ReadAvro-ReadAvro-Read-SDFBoundedSourceReader-ParDo-SDFBoundedSourceDoFn-_13/SplitWithSizing
[2024-07-17T01:45:09.408+0000] {dataflow_runner.py:205} WARNING - 2024-07-17T01:45:06.767Z: JOB_MESSAGE_WARNING: S01:WriteToBigQuery/WriteToBigQuery/BigQueryBatchFileLoads/ImpulseSingleElementPC/Impulse+WriteToBigQuery/WriteToBigQuery/BigQueryBatchFileLoads/ImpulseSingleElementPC/FlatMap(<lambda at core.py:3788>)+WriteToBigQuery/WriteToBigQuery/BigQueryBatchFileLoads/ImpulseSingleElementPC/Map(decode)+WriteToBigQuery/WriteToBigQuery/BigQueryBatchFileLoads/CopyJobNamePrefix+WriteToBigQuery/WriteToBigQuery/BigQueryBatchFileLoads/GenerateFilePrefix+WriteToBigQuery/WriteToBigQuery/BigQueryBatchFileLoads/LoadJobNamePrefix+WriteToBigQuery/WriteToBigQuery/BigQueryBatchFileLoads/SchemaModJobNamePrefix failed.
[2024-07-17T01:45:09.409+0000] {dataflow_runner.py:203} INFO - 2024-07-17T01:45:06.785Z: JOB_MESSAGE_BASIC: Finished operation WriteToBigQuery/WriteToBigQuery/BigQueryBatchFileLoads/ImpulseSingleElementPC/Impulse+WriteToBigQuery/WriteToBigQuery/BigQueryBatchFileLoads/ImpulseSingleElementPC/FlatMap(<lambda at core.py:3788>)+WriteToBigQuery/WriteToBigQuery/BigQueryBatchFileLoads/ImpulseSingleElementPC/Map(decode)+WriteToBigQuery/WriteToBigQuery/BigQueryBatchFileLoads/CopyJobNamePrefix+WriteToBigQuery/WriteToBigQuery/BigQueryBatchFileLoads/GenerateFilePrefix+WriteToBigQuery/WriteToBigQuery/BigQueryBatchFileLoads/LoadJobNamePrefix+WriteToBigQuery/WriteToBigQuery/BigQueryBatchFileLoads/SchemaModJobNamePrefix
[2024-07-17T01:45:09.409+0000] {dataflow_runner.py:203} INFO - 2024-07-17T01:45:06.852Z: JOB_MESSAGE_BASIC: Stopping worker pool...
[2024-07-17T01:45:09.549+0000] {dataflow_runner.py:153} INFO - Job 2024-07-16_18_43_43-11117917288353136582 is in state JOB_STATE_CANCELLING
[2024-07-17T01:45:45.490+0000] {dataflow_runner.py:203} INFO - 2024-07-17T01:45:44.448Z: JOB_MESSAGE_BASIC: Worker pool stopped.
[2024-07-17T01:46:19.033+0000] {taskinstance.py:2698} ERROR - Task failed with exception
Traceback (most recent call last):
  File "/home/airflow/.local/lib/python3.8/site-packages/airflow/models/taskinstance.py", line 433, in _execute_task
    result = execute_callable(context=context, **execute_callable_kwargs)
  File "/home/airflow/.local/lib/python3.8/site-packages/airflow/decorators/base.py", line 241, in execute
    return_value = super().execute(context)
  File "/home/airflow/.local/lib/python3.8/site-packages/airflow/operators/python.py", line 199, in execute
    return_value = self.execute_callable()
  File "/home/airflow/.local/lib/python3.8/site-packages/airflow/operators/python.py", line 216, in execute_callable
    return self.python_callable(*self.op_args, **self.op_kwargs)
  File "/opt/airflow/dags/dim_product_orchestration.py", line 64, in transform_and_load_task
    (
  File "/home/airflow/.local/lib/python3.8/site-packages/apache_beam/pipeline.py", line 614, in __exit__
    self.result.wait_until_finish()
  File "/home/airflow/.local/lib/python3.8/site-packages/apache_beam/runners/dataflow/dataflow_runner.py", line 799, in wait_until_finish
    assert duration or terminated, (
AssertionError: Job did not reach to a terminal state after waiting indefinitely. Console URL: https://console.cloud.google.com/dataflow/jobs/<RegionId>/2024-07-16_18_43_43-11117917288353136582?project=<ProjectId>
[2024-07-17T01:46:19.066+0000] {taskinstance.py:1138} INFO - Marking task as FAILED. dag_id=dim_product, task_id=transform_and_load_task, execution_date=20240717T014328, start_date=20240717T014332, end_date=20240717T014619
[2024-07-17T01:46:19.102+0000] {standard_task_runner.py:107} ERROR - Failed to execute job 148 for task transform_and_load_task (Job did not reach to a terminal state after waiting indefinitely. Console URL: https://console.cloud.google.com/dataflow/jobs/<RegionId>/2024-07-16_18_43_43-11117917288353136582?project=<ProjectId>; 379)
[2024-07-17T01:46:19.165+0000] {local_task_job_runner.py:234} INFO - Task exited with return code 1
[2024-07-17T01:46:19.184+0000] {taskinstance.py:3280} INFO - 0 downstream tasks scheduled from follow-on schedule check
