[2024-07-22T18:47:01.536+0000] {taskinstance.py:1956} INFO - Dependencies all met for dep_context=non-requeueable deps ti=<TaskInstance: fact_order_product_etl_daily.transform_and_load_task manual__2024-07-22T18:46:56.315001+00:00 [queued]>
[2024-07-22T18:47:01.549+0000] {taskinstance.py:1956} INFO - Dependencies all met for dep_context=requeueable deps ti=<TaskInstance: fact_order_product_etl_daily.transform_and_load_task manual__2024-07-22T18:46:56.315001+00:00 [queued]>
[2024-07-22T18:47:01.550+0000] {taskinstance.py:2170} INFO - Starting attempt 1 of 1
[2024-07-22T18:47:01.572+0000] {taskinstance.py:2191} INFO - Executing <Task(_PythonDecoratedOperator): transform_and_load_task> on 2024-07-22 18:46:56.315001+00:00
[2024-07-22T18:47:01.587+0000] {standard_task_runner.py:60} INFO - Started process 3234 to run task
[2024-07-22T18:47:01.593+0000] {standard_task_runner.py:87} INFO - Running: ['***', 'tasks', 'run', 'fact_order_product_etl_daily', 'transform_and_load_task', 'manual__2024-07-22T18:46:56.315001+00:00', '--job-id', '277', '--raw', '--subdir', 'DAGS_FOLDER/fact_order_product.py', '--cfg-path', '/tmp/tmpzd800imx']
[2024-07-22T18:47:01.597+0000] {standard_task_runner.py:88} INFO - Job 277: Subtask transform_and_load_task
[2024-07-22T18:47:01.676+0000] {task_command.py:423} INFO - Running <TaskInstance: fact_order_product_etl_daily.transform_and_load_task manual__2024-07-22T18:46:56.315001+00:00 [running]> on host 087c584822ad
[2024-07-22T18:47:01.789+0000] {taskinstance.py:2480} INFO - Exporting env vars: AIRFLOW_CTX_DAG_OWNER='***' AIRFLOW_CTX_DAG_ID='fact_order_product_etl_daily' AIRFLOW_CTX_TASK_ID='transform_and_load_task' AIRFLOW_CTX_EXECUTION_DATE='2024-07-22T18:46:56.315001+00:00' AIRFLOW_CTX_TRY_NUMBER='1' AIRFLOW_CTX_DAG_RUN_ID='manual__2024-07-22T18:46:56.315001+00:00'
[2024-07-22T18:47:01.799+0000] {pipeline.py:197} INFO - Missing pipeline option (runner). Executing pipeline using the default runner: DirectRunner.
[2024-07-22T18:47:03.899+0000] {pipeline_options.py:372} WARNING - Discarding unparseable args: ['celery', 'worker']
[2024-07-22T18:47:03.900+0000] {pipeline_options.py:390} WARNING - Discarding invalid overrides: {'save_main_sesion': True}
[2024-07-22T18:47:04.424+0000] {statecache.py:234} INFO - Creating state cache with size 104857600
[2024-07-22T18:47:23.655+0000] {bigquery_file_loads.py:703} INFO - Load job has 1 files. Job name is beam_bq_job_LOAD_factorderproductbigqueryetl_LOAD_STEP_5db9dde921514f1d80fff6477d983e8c_365553b2bb534d4c2ee23362d5c8590c_pane0_partition0.
[2024-07-22T18:47:23.656+0000] {bigquery_file_loads.py:739} INFO - Triggering job beam_bq_job_LOAD_factorderproductbigqueryetl_LOAD_STEP_5db9dde921514f1d80fff6477d983e8c_365553b2bb534d4c2ee23362d5c8590c_pane0_partition0 to load data to BigQuery table <TableReference
 datasetId: 'dw_demo'
 projectId: 'liquid-kite-423215-s2'
 tableId: 'fact_order_product'>.Schema: {'fields': [{'name': 'ingested_at', 'type': 'TIMESTAMP', 'mode': 'NULLABLE'}, {'name': 'created_at', 'type': 'TIMESTAMP', 'mode': 'NULLABLE'}, {'name': 'last_updated_at', 'type': 'TIMESTAMP', 'mode': 'NULLABLE'}, {'name': 'order_product_id', 'type': 'INTEGER', 'mode': 'NULLABLE'}, {'name': 'order_id', 'type': 'INTEGER', 'mode': 'NULLABLE'}, {'name': 'product_id', 'type': 'INTEGER', 'mode': 'NULLABLE'}, {'name': 'currency_code', 'type': 'STRING', 'mode': 'NULLABLE'}, {'name': 'order_quantity', 'type': 'INTEGER', 'mode': 'NULLABLE'}, {'name': 'unit_price', 'type': 'NUMERIC', 'mode': 'NULLABLE'}, {'name': 'total_unit_price', 'type': 'NUMERIC', 'mode': 'NULLABLE'}]}. Additional parameters: {}. Source format: NEWLINE_DELIMITED_JSON
[2024-07-22T18:47:24.250+0000] {bigquery_tools.py:579} INFO - Started BigQuery job: <JobReference
 jobId: 'beam_bq_job_LOAD_factorderproductbigqueryetl_LOAD_STEP_5db9dde921514f1d80fff6477d983e8c_365553b2bb534d4c2ee23362d5c8590c_pane0_partition0'
 location: 'asia-southeast1'
 projectId: 'liquid-kite-423215-s2'>
 bq show -j --format=prettyjson --project_id=liquid-kite-423215-s2 beam_bq_job_LOAD_factorderproductbigqueryetl_LOAD_STEP_5db9dde921514f1d80fff6477d983e8c_365553b2bb534d4c2ee23362d5c8590c_pane0_partition0
[2024-07-22T18:47:24.519+0000] {bigquery_tools.py:652} INFO - Job liquid-kite-423215-s2:asia-southeast1.beam_bq_job_LOAD_factorderproductbigqueryetl_LOAD_STEP_5db9dde921514f1d80fff6477d983e8c_365553b2bb534d4c2ee23362d5c8590c_pane0_partition0 status: RUNNING
[2024-07-22T18:47:34.768+0000] {bigquery_tools.py:652} INFO - Job liquid-kite-423215-s2:asia-southeast1.beam_bq_job_LOAD_factorderproductbigqueryetl_LOAD_STEP_5db9dde921514f1d80fff6477d983e8c_365553b2bb534d4c2ee23362d5c8590c_pane0_partition0 status: DONE
[2024-07-22T18:47:35.156+0000] {gcsio.py:518} INFO - Finished listing 1 files in 0.25235462188720703 seconds.
[2024-07-22T18:47:35.157+0000] {filebasedsink.py:230} WARNING - Deleting 1 existing files in target path matching: -*-of-%(num_shards)05d
[2024-07-22T18:47:40.593+0000] {gcsio.py:518} INFO - Finished listing 1 files in 0.30282068252563477 seconds.
[2024-07-22T18:47:40.932+0000] {filebasedsink.py:310} INFO - Starting finalize_write threads with num_shards: 1 (skipped: 0), batches: 1, num_threads: 1
[2024-07-22T18:47:41.701+0000] {filebasedsink.py:357} INFO - Renamed 1 shards in 0.77 seconds.
[2024-07-22T18:47:42.593+0000] {pipeline_options.py:372} WARNING - Discarding unparseable args: ['celery', 'worker']
[2024-07-22T18:47:42.594+0000] {pipeline_options.py:390} WARNING - Discarding invalid overrides: {'save_main_sesion': True}
[2024-07-22T18:47:43.301+0000] {statecache.py:234} INFO - Creating state cache with size 104857600
[2024-07-22T18:48:03.107+0000] {bigquery_file_loads.py:703} INFO - Load job has 1 files. Job name is beam_bq_job_LOAD_factorderproductbigqueryetl_LOAD_STEP_6b1d0985b90244b0977eafda032723f9_365553b2bb534d4c2ee23362d5c8590c_pane0_partition0.
[2024-07-22T18:48:03.109+0000] {bigquery_file_loads.py:739} INFO - Triggering job beam_bq_job_LOAD_factorderproductbigqueryetl_LOAD_STEP_6b1d0985b90244b0977eafda032723f9_365553b2bb534d4c2ee23362d5c8590c_pane0_partition0 to load data to BigQuery table <TableReference
 datasetId: 'dw_demo'
 projectId: 'liquid-kite-423215-s2'
 tableId: 'fact_order_product'>.Schema: {'fields': [{'name': 'ingested_at', 'type': 'TIMESTAMP', 'mode': 'NULLABLE'}, {'name': 'created_at', 'type': 'TIMESTAMP', 'mode': 'NULLABLE'}, {'name': 'last_updated_at', 'type': 'TIMESTAMP', 'mode': 'NULLABLE'}, {'name': 'order_product_id', 'type': 'INTEGER', 'mode': 'NULLABLE'}, {'name': 'order_id', 'type': 'INTEGER', 'mode': 'NULLABLE'}, {'name': 'product_id', 'type': 'INTEGER', 'mode': 'NULLABLE'}, {'name': 'currency_code', 'type': 'STRING', 'mode': 'NULLABLE'}, {'name': 'order_quantity', 'type': 'INTEGER', 'mode': 'NULLABLE'}, {'name': 'unit_price', 'type': 'NUMERIC', 'mode': 'NULLABLE'}, {'name': 'total_unit_price', 'type': 'NUMERIC', 'mode': 'NULLABLE'}]}. Additional parameters: {}. Source format: NEWLINE_DELIMITED_JSON
[2024-07-22T18:48:03.701+0000] {bigquery_tools.py:579} INFO - Started BigQuery job: <JobReference
 jobId: 'beam_bq_job_LOAD_factorderproductbigqueryetl_LOAD_STEP_6b1d0985b90244b0977eafda032723f9_365553b2bb534d4c2ee23362d5c8590c_pane0_partition0'
 location: 'asia-southeast1'
 projectId: 'liquid-kite-423215-s2'>
 bq show -j --format=prettyjson --project_id=liquid-kite-423215-s2 beam_bq_job_LOAD_factorderproductbigqueryetl_LOAD_STEP_6b1d0985b90244b0977eafda032723f9_365553b2bb534d4c2ee23362d5c8590c_pane0_partition0
[2024-07-22T18:48:03.932+0000] {bigquery_tools.py:652} INFO - Job liquid-kite-423215-s2:asia-southeast1.beam_bq_job_LOAD_factorderproductbigqueryetl_LOAD_STEP_6b1d0985b90244b0977eafda032723f9_365553b2bb534d4c2ee23362d5c8590c_pane0_partition0 status: RUNNING
[2024-07-22T18:48:14.110+0000] {bigquery_tools.py:652} INFO - Job liquid-kite-423215-s2:asia-southeast1.beam_bq_job_LOAD_factorderproductbigqueryetl_LOAD_STEP_6b1d0985b90244b0977eafda032723f9_365553b2bb534d4c2ee23362d5c8590c_pane0_partition0 status: DONE
[2024-07-22T18:48:14.386+0000] {gcsio.py:518} INFO - Finished listing 1 files in 0.2387101650238037 seconds.
[2024-07-22T18:48:14.387+0000] {filebasedsink.py:230} WARNING - Deleting 1 existing files in target path matching: -*-of-%(num_shards)05d
[2024-07-22T18:48:19.623+0000] {gcsio.py:518} INFO - Finished listing 1 files in 0.3046095371246338 seconds.
[2024-07-22T18:48:19.883+0000] {filebasedsink.py:310} INFO - Starting finalize_write threads with num_shards: 1 (skipped: 0), batches: 1, num_threads: 1
[2024-07-22T18:48:20.588+0000] {filebasedsink.py:357} INFO - Renamed 1 shards in 0.70 seconds.
[2024-07-22T18:48:21.283+0000] {python.py:201} INFO - Done. Returned value was: None
[2024-07-22T18:48:21.312+0000] {taskinstance.py:1138} INFO - Marking task as SUCCESS. dag_id=fact_order_product_etl_daily, task_id=transform_and_load_task, execution_date=20240722T184656, start_date=20240722T184701, end_date=20240722T184821
[2024-07-22T18:48:21.456+0000] {local_task_job_runner.py:234} INFO - Task exited with return code 0
[2024-07-22T18:48:21.475+0000] {taskinstance.py:3280} INFO - 0 downstream tasks scheduled from follow-on schedule check
