[2024-07-22T09:05:56.407+0000] {taskinstance.py:1956} INFO - Dependencies all met for dep_context=non-requeueable deps ti=<TaskInstance: fact_order.ingest_data_task manual__2024-07-22T09:05:50.954856+00:00 [queued]>
[2024-07-22T09:05:56.419+0000] {taskinstance.py:1956} INFO - Dependencies all met for dep_context=requeueable deps ti=<TaskInstance: fact_order.ingest_data_task manual__2024-07-22T09:05:50.954856+00:00 [queued]>
[2024-07-22T09:05:56.420+0000] {taskinstance.py:2170} INFO - Starting attempt 1 of 1
[2024-07-22T09:05:56.440+0000] {taskinstance.py:2191} INFO - Executing <Task(_PythonDecoratedOperator): ingest_data_task> on 2024-07-22 09:05:50.954856+00:00
[2024-07-22T09:05:56.450+0000] {standard_task_runner.py:60} INFO - Started process 10744 to run task
[2024-07-22T09:05:56.454+0000] {standard_task_runner.py:87} INFO - Running: ['***', 'tasks', 'run', 'fact_order', 'ingest_data_task', 'manual__2024-07-22T09:05:50.954856+00:00', '--job-id', '235', '--raw', '--subdir', 'DAGS_FOLDER/fact_order.py', '--cfg-path', '/tmp/tmpj7y4ai61']
[2024-07-22T09:05:56.456+0000] {standard_task_runner.py:88} INFO - Job 235: Subtask ingest_data_task
[2024-07-22T09:05:56.526+0000] {task_command.py:423} INFO - Running <TaskInstance: fact_order.ingest_data_task manual__2024-07-22T09:05:50.954856+00:00 [running]> on host 087c584822ad
[2024-07-22T09:05:56.637+0000] {taskinstance.py:2480} INFO - Exporting env vars: AIRFLOW_CTX_DAG_OWNER='***' AIRFLOW_CTX_DAG_ID='fact_order' AIRFLOW_CTX_TASK_ID='ingest_data_task' AIRFLOW_CTX_EXECUTION_DATE='2024-07-22T09:05:50.954856+00:00' AIRFLOW_CTX_TRY_NUMBER='1' AIRFLOW_CTX_DAG_RUN_ID='manual__2024-07-22T09:05:50.954856+00:00'
[2024-07-22T09:05:56.640+0000] {logging_mixin.py:188} INFO - Start data ingestion stage
[2024-07-22T09:06:01.896+0000] {logging_mixin.py:188} INFO - Number records captured: 8002
[2024-07-22T09:06:01.909+0000] {logging_mixin.py:188} INFO - 3007   2024-06-28 08:04:03
2946   2024-06-28 08:04:03
3468   2024-06-28 08:04:03
7534   2024-06-28 08:04:03
2170   2024-06-28 08:04:03
Name: created_at, dtype: datetime64[ns]
[2024-07-22T09:06:01.972+0000] {logging_mixin.py:188} INFO - 4823    2024-06-28 08:04:03
7187    2024-06-28 08:04:03
2934    2024-06-28 08:04:03
989     2024-06-28 08:04:03
3980    2024-06-28 08:04:03
Name: created_at, dtype: object
[2024-07-22T09:06:01.993+0000] {logging_mixin.py:188} INFO - Ingest data successfully
[2024-07-22T09:06:01.994+0000] {python.py:201} INFO - Done. Returned value was: None
[2024-07-22T09:06:02.025+0000] {taskinstance.py:1138} INFO - Marking task as SUCCESS. dag_id=fact_order, task_id=ingest_data_task, execution_date=20240722T090550, start_date=20240722T090556, end_date=20240722T090602
[2024-07-22T09:06:02.104+0000] {local_task_job_runner.py:234} INFO - Task exited with return code 0
[2024-07-22T09:06:02.153+0000] {taskinstance.py:3280} INFO - 0 downstream tasks scheduled from follow-on schedule check
