[2024-07-22T08:24:26.835+0000] {taskinstance.py:1956} INFO - Dependencies all met for dep_context=non-requeueable deps ti=<TaskInstance: fact_order.ingest_data_task manual__2024-07-22T08:24:20.751226+00:00 [queued]>
[2024-07-22T08:24:26.850+0000] {taskinstance.py:1956} INFO - Dependencies all met for dep_context=requeueable deps ti=<TaskInstance: fact_order.ingest_data_task manual__2024-07-22T08:24:20.751226+00:00 [queued]>
[2024-07-22T08:24:26.851+0000] {taskinstance.py:2170} INFO - Starting attempt 1 of 1
[2024-07-22T08:24:26.872+0000] {taskinstance.py:2191} INFO - Executing <Task(_PythonDecoratedOperator): ingest_data_task> on 2024-07-22 08:24:20.751226+00:00
[2024-07-22T08:24:26.883+0000] {standard_task_runner.py:60} INFO - Started process 10074 to run task
[2024-07-22T08:24:26.888+0000] {standard_task_runner.py:87} INFO - Running: ['***', 'tasks', 'run', 'fact_order', 'ingest_data_task', 'manual__2024-07-22T08:24:20.751226+00:00', '--job-id', '225', '--raw', '--subdir', 'DAGS_FOLDER/fact_order.py', '--cfg-path', '/tmp/tmp2gqasw8x']
[2024-07-22T08:24:26.891+0000] {standard_task_runner.py:88} INFO - Job 225: Subtask ingest_data_task
[2024-07-22T08:24:26.966+0000] {task_command.py:423} INFO - Running <TaskInstance: fact_order.ingest_data_task manual__2024-07-22T08:24:20.751226+00:00 [running]> on host 087c584822ad
[2024-07-22T08:24:27.122+0000] {taskinstance.py:2480} INFO - Exporting env vars: AIRFLOW_CTX_DAG_OWNER='***' AIRFLOW_CTX_DAG_ID='fact_order' AIRFLOW_CTX_TASK_ID='ingest_data_task' AIRFLOW_CTX_EXECUTION_DATE='2024-07-22T08:24:20.751226+00:00' AIRFLOW_CTX_TRY_NUMBER='1' AIRFLOW_CTX_DAG_RUN_ID='manual__2024-07-22T08:24:20.751226+00:00'
[2024-07-22T08:24:27.125+0000] {logging_mixin.py:188} INFO - Start data ingestion stage
[2024-07-22T08:24:32.246+0000] {logging_mixin.py:188} INFO - Number records captured: 15
[2024-07-22T08:24:32.252+0000] {logging_mixin.py:188} INFO - 3    2024-06-28 08:04:03
10   2024-06-28 08:04:03
0    2024-06-28 08:04:03
6    2024-06-28 08:04:03
13   2024-06-28 08:04:03
Name: created_at, dtype: datetime64[ns]
[2024-07-22T08:24:32.253+0000] {logging_mixin.py:188} INFO - Ingest data successfully
[2024-07-22T08:24:32.254+0000] {python.py:201} INFO - Done. Returned value was: None
[2024-07-22T08:24:32.268+0000] {taskinstance.py:1138} INFO - Marking task as SUCCESS. dag_id=fact_order, task_id=ingest_data_task, execution_date=20240722T082420, start_date=20240722T082426, end_date=20240722T082432
[2024-07-22T08:24:32.312+0000] {local_task_job_runner.py:234} INFO - Task exited with return code 0
[2024-07-22T08:24:32.337+0000] {taskinstance.py:3280} INFO - 0 downstream tasks scheduled from follow-on schedule check
