[2024-07-21T15:46:45.783+0000] {taskinstance.py:1956} INFO - Dependencies all met for dep_context=non-requeueable deps ti=<TaskInstance: dim_customer.ingest_data_task manual__2024-07-21T15:46:41.366367+00:00 [queued]>
[2024-07-21T15:46:45.795+0000] {taskinstance.py:1956} INFO - Dependencies all met for dep_context=requeueable deps ti=<TaskInstance: dim_customer.ingest_data_task manual__2024-07-21T15:46:41.366367+00:00 [queued]>
[2024-07-21T15:46:45.796+0000] {taskinstance.py:2170} INFO - Starting attempt 1 of 1
[2024-07-21T15:46:45.816+0000] {taskinstance.py:2191} INFO - Executing <Task(_PythonDecoratedOperator): ingest_data_task> on 2024-07-21 15:46:41.366367+00:00
[2024-07-21T15:46:45.825+0000] {standard_task_runner.py:60} INFO - Started process 6888 to run task
[2024-07-21T15:46:45.830+0000] {standard_task_runner.py:87} INFO - Running: ['***', 'tasks', 'run', 'dim_customer', 'ingest_data_task', 'manual__2024-07-21T15:46:41.366367+00:00', '--job-id', '185', '--raw', '--subdir', 'DAGS_FOLDER/dim_customer.py', '--cfg-path', '/tmp/tmpy87gg00t']
[2024-07-21T15:46:45.832+0000] {standard_task_runner.py:88} INFO - Job 185: Subtask ingest_data_task
[2024-07-21T15:46:45.895+0000] {task_command.py:423} INFO - Running <TaskInstance: dim_customer.ingest_data_task manual__2024-07-21T15:46:41.366367+00:00 [running]> on host 087c584822ad
[2024-07-21T15:46:46.024+0000] {taskinstance.py:2480} INFO - Exporting env vars: AIRFLOW_CTX_DAG_OWNER='***' AIRFLOW_CTX_DAG_ID='dim_customer' AIRFLOW_CTX_TASK_ID='ingest_data_task' AIRFLOW_CTX_EXECUTION_DATE='2024-07-21T15:46:41.366367+00:00' AIRFLOW_CTX_TRY_NUMBER='1' AIRFLOW_CTX_DAG_RUN_ID='manual__2024-07-21T15:46:41.366367+00:00'
[2024-07-21T15:46:46.028+0000] {logging_mixin.py:188} INFO - Start data ingestion stage
[2024-07-21T15:46:50.492+0000] {logging_mixin.py:188} INFO - Number records captured: 175
[2024-07-21T15:46:50.498+0000] {logging_mixin.py:188} INFO - 136    
97     
Name: phone, dtype: object
[2024-07-21T15:46:50.524+0000] {logging_mixin.py:188} INFO - Created avro file successfully
[2024-07-21T15:46:51.283+0000] {logging_mixin.py:188} INFO - Push avro file to GCS successfully
[2024-07-21T15:46:51.284+0000] {logging_mixin.py:188} INFO - Ingest data successfully
[2024-07-21T15:46:51.285+0000] {python.py:201} INFO - Done. Returned value was: None
[2024-07-21T15:46:51.305+0000] {taskinstance.py:1138} INFO - Marking task as SUCCESS. dag_id=dim_customer, task_id=ingest_data_task, execution_date=20240721T154641, start_date=20240721T154645, end_date=20240721T154651
[2024-07-21T15:46:51.366+0000] {local_task_job_runner.py:234} INFO - Task exited with return code 0
[2024-07-21T15:46:51.390+0000] {taskinstance.py:3280} INFO - 0 downstream tasks scheduled from follow-on schedule check
