[2024-07-21T15:47:48.733+0000] {taskinstance.py:1956} INFO - Dependencies all met for dep_context=non-requeueable deps ti=<TaskInstance: dim_customer.transform_and_load_task manual__2024-07-21T15:47:35.263914+00:00 [queued]>
[2024-07-21T15:47:48.747+0000] {taskinstance.py:1956} INFO - Dependencies all met for dep_context=requeueable deps ti=<TaskInstance: dim_customer.transform_and_load_task manual__2024-07-21T15:47:35.263914+00:00 [queued]>
[2024-07-21T15:47:48.748+0000] {taskinstance.py:2170} INFO - Starting attempt 1 of 1
[2024-07-21T15:47:48.770+0000] {taskinstance.py:2191} INFO - Executing <Task(_PythonDecoratedOperator): transform_and_load_task> on 2024-07-21 15:47:35.263914+00:00
[2024-07-21T15:47:48.780+0000] {standard_task_runner.py:60} INFO - Started process 6919 to run task
[2024-07-21T15:47:48.785+0000] {standard_task_runner.py:87} INFO - Running: ['***', 'tasks', 'run', 'dim_customer', 'transform_and_load_task', 'manual__2024-07-21T15:47:35.263914+00:00', '--job-id', '187', '--raw', '--subdir', 'DAGS_FOLDER/dim_customer.py', '--cfg-path', '/tmp/tmpl6z7adef']
[2024-07-21T15:47:48.787+0000] {standard_task_runner.py:88} INFO - Job 187: Subtask transform_and_load_task
[2024-07-21T15:47:48.860+0000] {task_command.py:423} INFO - Running <TaskInstance: dim_customer.transform_and_load_task manual__2024-07-21T15:47:35.263914+00:00 [running]> on host 087c584822ad
[2024-07-21T15:47:48.995+0000] {taskinstance.py:2480} INFO - Exporting env vars: AIRFLOW_CTX_DAG_OWNER='***' AIRFLOW_CTX_DAG_ID='dim_customer' AIRFLOW_CTX_TASK_ID='transform_and_load_task' AIRFLOW_CTX_EXECUTION_DATE='2024-07-21T15:47:35.263914+00:00' AIRFLOW_CTX_TRY_NUMBER='1' AIRFLOW_CTX_DAG_RUN_ID='manual__2024-07-21T15:47:35.263914+00:00'
[2024-07-21T15:47:48.997+0000] {logging_mixin.py:188} INFO - Start data transformation and load stage
[2024-07-21T15:47:49.569+0000] {pipeline_options.py:923} WARNING - Bucket specified in temp_location has soft-delete policy enabled. To avoid being billed for unnecessary storage costs, turn off the soft delete feature on buckets that your Dataflow jobs use for temporary and staging storage. For more information, see https://cloud.google.com/storage/docs/use-soft-delete#remove-soft-delete-policy.
[2024-07-21T15:47:49.898+0000] {pipeline_options.py:923} WARNING - Bucket specified in staging_location has soft-delete policy enabled. To avoid being billed for unnecessary storage costs, turn off the soft delete feature on buckets that your Dataflow jobs use for temporary and staging storage. For more information, see https://cloud.google.com/storage/docs/use-soft-delete#remove-soft-delete-policy.
[2024-07-21T15:47:52.191+0000] {pipeline_options.py:923} WARNING - Bucket specified in temp_location has soft-delete policy enabled. To avoid being billed for unnecessary storage costs, turn off the soft delete feature on buckets that your Dataflow jobs use for temporary and staging storage. For more information, see https://cloud.google.com/storage/docs/use-soft-delete#remove-soft-delete-policy.
[2024-07-21T15:47:52.533+0000] {pipeline_options.py:923} WARNING - Bucket specified in staging_location has soft-delete policy enabled. To avoid being billed for unnecessary storage costs, turn off the soft delete feature on buckets that your Dataflow jobs use for temporary and staging storage. For more information, see https://cloud.google.com/storage/docs/use-soft-delete#remove-soft-delete-policy.
[2024-07-21T15:47:52.897+0000] {stager.py:800} INFO - Executing command: ['/usr/local/bin/python', '-m', 'build', '--no-isolation', '--sdist', '--outdir', '/tmp/tmp9gmv5cxl', '/opt/***/plugins']
[2024-07-21T15:47:52.966+0000] {stager.py:810} INFO - Executing command: ['/usr/local/bin/python', 'setup.py', 'sdist', '--dist-dir', '/tmp/tmp9gmv5cxl']
[2024-07-21T15:47:55.777+0000] {dataflow_runner.py:397} INFO - Pipeline has additional dependencies to be installed in SDK worker container, consider using the SDK container image pre-building workflow to avoid repetitive installations. Learn more on https://cloud.google.com/dataflow/docs/guides/using-custom-containers#prebuild
[2024-07-21T15:47:55.782+0000] {environments.py:314} INFO - Using provided Python SDK container image: gcr.io/cloud-dataflow/v1beta3/beam_python3.8_sdk:2.57.0
[2024-07-21T15:47:55.783+0000] {environments.py:321} INFO - Python SDK container image set to "gcr.io/cloud-dataflow/v1beta3/beam_python3.8_sdk:2.57.0" for Docker environment
[2024-07-21T15:47:56.150+0000] {apiclient.py:663} INFO - Starting GCS upload to gs://ingestion_layer/staging/dim-customer-bigquery-etl.1721576876.140265/workflow.tar.gz...
[2024-07-21T15:47:57.150+0000] {apiclient.py:673} INFO - Completed GCS upload to gs://ingestion_layer/staging/dim-customer-bigquery-etl.1721576876.140265/workflow.tar.gz in 1 seconds.
[2024-07-21T15:47:57.151+0000] {apiclient.py:663} INFO - Starting GCS upload to gs://ingestion_layer/staging/dim-customer-bigquery-etl.1721576876.140265/submission_environment_dependencies.txt...
[2024-07-21T15:47:58.062+0000] {apiclient.py:673} INFO - Completed GCS upload to gs://ingestion_layer/staging/dim-customer-bigquery-etl.1721576876.140265/submission_environment_dependencies.txt in 0 seconds.
[2024-07-21T15:47:58.064+0000] {apiclient.py:663} INFO - Starting GCS upload to gs://ingestion_layer/staging/dim-customer-bigquery-etl.1721576876.140265/pipeline.pb...
[2024-07-21T15:47:59.120+0000] {apiclient.py:673} INFO - Completed GCS upload to gs://ingestion_layer/staging/dim-customer-bigquery-etl.1721576876.140265/pipeline.pb in 1 seconds.
[2024-07-21T15:47:59.155+0000] {pipeline_options.py:339} WARNING - Unknown pipeline options received: celery,worker. Ignore if flags are used for internal purposes.
[2024-07-21T15:47:59.178+0000] {pipeline_options.py:339} WARNING - Unknown pipeline options received: celery,worker. Ignore if flags are used for internal purposes.
[2024-07-21T15:48:00.761+0000] {apiclient.py:844} INFO - Create job: <Job
 clientRequestId: '20240721154756141685-9223'
 createTime: '2024-07-21T15:48:01.213258Z'
 currentStateTime: '1970-01-01T00:00:00Z'
 id: '2024-07-21_08_48_00-17967070112790471152'
 location: 'asia-southeast2'
 name: 'dim-customer-bigquery-etl'
 projectId: 'liquid-kite-423215-s2'
 stageStates: []
 startTime: '2024-07-21T15:48:01.213258Z'
 steps: []
 tempFiles: []
 type: TypeValueValuesEnum(JOB_TYPE_BATCH, 1)>
[2024-07-21T15:48:00.763+0000] {apiclient.py:846} INFO - Created job with id: [2024-07-21_08_48_00-17967070112790471152]
[2024-07-21T15:48:00.763+0000] {apiclient.py:847} INFO - Submitted job: 2024-07-21_08_48_00-17967070112790471152
[2024-07-21T15:48:00.764+0000] {apiclient.py:848} INFO - To access the Dataflow monitoring console, please navigate to https://console.cloud.google.com/dataflow/jobs/asia-southeast2/2024-07-21_08_48_00-17967070112790471152?project=liquid-kite-423215-s2
[2024-07-21T15:48:01.070+0000] {dataflow_runner.py:153} INFO - Job 2024-07-21_08_48_00-17967070112790471152 is in state JOB_STATE_PENDING
[2024-07-21T15:48:06.252+0000] {dataflow_runner.py:203} INFO - 2024-07-21T15:48:04.663Z: JOB_MESSAGE_BASIC: Worker configuration: n1-standard-1 in asia-southeast2-c.
[2024-07-21T15:48:06.446+0000] {dataflow_runner.py:153} INFO - Job 2024-07-21_08_48_00-17967070112790471152 is in state JOB_STATE_RUNNING
[2024-07-21T15:48:11.602+0000] {dataflow_runner.py:203} INFO - 2024-07-21T15:48:06.792Z: JOB_MESSAGE_BASIC: Executing operation WriteToBigQuery/WriteToBigQuery/BigQueryBatchFileLoads/ImpulseEmptyPC/Impulse+WriteToBigQuery/WriteToBigQuery/BigQueryBatchFileLoads/ImpulseEmptyPC/FlatMap(<lambda at core.py:3788>)+WriteToBigQuery/WriteToBigQuery/BigQueryBatchFileLoads/ImpulseEmptyPC/Map(decode)
[2024-07-21T15:48:11.604+0000] {dataflow_runner.py:203} INFO - 2024-07-21T15:48:06.803Z: JOB_MESSAGE_BASIC: Executing operation Start/Impulse+Start/FlatMap(<lambda at core.py:3788>)+Start/Map(decode)
[2024-07-21T15:48:11.606+0000] {dataflow_runner.py:203} INFO - 2024-07-21T15:48:06.814Z: JOB_MESSAGE_BASIC: Executing operation ReadAvro/ReadAvro/Read/Impulse+ReadAvro/ReadAvro/Read/EmitSource+ref_AppliedPTransform_ReadAvro-ReadAvro-Read-SDFBoundedSourceReader-ParDo-SDFBoundedSourceDoFn-_13/PairWithRestriction+ref_AppliedPTransform_ReadAvro-ReadAvro-Read-SDFBoundedSourceReader-ParDo-SDFBoundedSourceDoFn-_13/SplitWithSizing
[2024-07-21T15:48:11.608+0000] {dataflow_runner.py:203} INFO - 2024-07-21T15:48:06.825Z: JOB_MESSAGE_BASIC: Executing operation WriteToBigQuery/WriteToBigQuery/BigQueryBatchFileLoads/ImpulseSingleElementPC/Impulse+WriteToBigQuery/WriteToBigQuery/BigQueryBatchFileLoads/ImpulseSingleElementPC/FlatMap(<lambda at core.py:3788>)+WriteToBigQuery/WriteToBigQuery/BigQueryBatchFileLoads/ImpulseSingleElementPC/Map(decode)+WriteToBigQuery/WriteToBigQuery/BigQueryBatchFileLoads/CopyJobNamePrefix+WriteToBigQuery/WriteToBigQuery/BigQueryBatchFileLoads/GenerateFilePrefix+WriteToBigQuery/WriteToBigQuery/BigQueryBatchFileLoads/LoadJobNamePrefix+WriteToBigQuery/WriteToBigQuery/BigQueryBatchFileLoads/SchemaModJobNamePrefix
[2024-07-21T15:48:11.609+0000] {dataflow_runner.py:203} INFO - 2024-07-21T15:48:06.826Z: JOB_MESSAGE_BASIC: Starting 1 workers in asia-southeast2...
[2024-07-21T15:51:54.834+0000] {dataflow_runner.py:203} INFO - 2024-07-21T15:51:50.274Z: JOB_MESSAGE_BASIC: All workers have finished the startup processes and began to receive work requests.
[2024-07-21T15:51:54.835+0000] {dataflow_runner.py:203} INFO - 2024-07-21T15:51:52.984Z: JOB_MESSAGE_BASIC: Finished operation Start/Impulse+Start/FlatMap(<lambda at core.py:3788>)+Start/Map(decode)
[2024-07-21T15:51:54.837+0000] {dataflow_runner.py:203} INFO - 2024-07-21T15:51:53.082Z: JOB_MESSAGE_BASIC: Finished operation WriteToBigQuery/WriteToBigQuery/BigQueryBatchFileLoads/ImpulseEmptyPC/Impulse+WriteToBigQuery/WriteToBigQuery/BigQueryBatchFileLoads/ImpulseEmptyPC/FlatMap(<lambda at core.py:3788>)+WriteToBigQuery/WriteToBigQuery/BigQueryBatchFileLoads/ImpulseEmptyPC/Map(decode)
[2024-07-21T15:51:54.839+0000] {dataflow_runner.py:203} INFO - 2024-07-21T15:51:53.131Z: JOB_MESSAGE_BASIC: Finished operation ReadAvro/ReadAvro/Read/Impulse+ReadAvro/ReadAvro/Read/EmitSource+ref_AppliedPTransform_ReadAvro-ReadAvro-Read-SDFBoundedSourceReader-ParDo-SDFBoundedSourceDoFn-_13/PairWithRestriction+ref_AppliedPTransform_ReadAvro-ReadAvro-Read-SDFBoundedSourceReader-ParDo-SDFBoundedSourceDoFn-_13/SplitWithSizing
[2024-07-21T15:51:54.840+0000] {dataflow_runner.py:203} INFO - 2024-07-21T15:51:53.206Z: JOB_MESSAGE_BASIC: Executing operation RemoveDuplicates/GroupByKey/Create
[2024-07-21T15:51:54.842+0000] {dataflow_runner.py:203} INFO - 2024-07-21T15:51:53.787Z: JOB_MESSAGE_BASIC: Finished operation RemoveDuplicates/GroupByKey/Create
[2024-07-21T15:51:54.843+0000] {dataflow_runner.py:203} INFO - 2024-07-21T15:51:53.838Z: JOB_MESSAGE_BASIC: Executing operation ref_AppliedPTransform_ReadAvro-ReadAvro-Read-SDFBoundedSourceReader-ParDo-SDFBoundedSourceDoFn-_13/ProcessElementAndRestrictionWithSizing+RemoveDuplicates/PairWithKey+RemoveDuplicates/GroupByKey/Write
[2024-07-21T15:51:54.845+0000] {dataflow_runner.py:203} INFO - 2024-07-21T15:51:54.018Z: JOB_MESSAGE_BASIC: Finished operation WriteToBigQuery/WriteToBigQuery/BigQueryBatchFileLoads/ImpulseSingleElementPC/Impulse+WriteToBigQuery/WriteToBigQuery/BigQueryBatchFileLoads/ImpulseSingleElementPC/FlatMap(<lambda at core.py:3788>)+WriteToBigQuery/WriteToBigQuery/BigQueryBatchFileLoads/ImpulseSingleElementPC/Map(decode)+WriteToBigQuery/WriteToBigQuery/BigQueryBatchFileLoads/CopyJobNamePrefix+WriteToBigQuery/WriteToBigQuery/BigQueryBatchFileLoads/GenerateFilePrefix+WriteToBigQuery/WriteToBigQuery/BigQueryBatchFileLoads/LoadJobNamePrefix+WriteToBigQuery/WriteToBigQuery/BigQueryBatchFileLoads/SchemaModJobNamePrefix
[2024-07-21T15:51:54.846+0000] {dataflow_runner.py:203} INFO - 2024-07-21T15:51:54.119Z: JOB_MESSAGE_BASIC: Executing operation WriteToBigQuery/WriteToBigQuery/BigQueryBatchFileLoads/ParDo(TriggerCopyJobs)/ParDo(TriggerCopyJobs)/View-python_side_input0
[2024-07-21T15:51:54.847+0000] {dataflow_runner.py:203} INFO - 2024-07-21T15:51:54.131Z: JOB_MESSAGE_BASIC: Executing operation WriteToBigQuery/WriteToBigQuery/BigQueryBatchFileLoads/WriteGroupedRecordsToFile/View-python_side_input0
[2024-07-21T15:51:54.849+0000] {dataflow_runner.py:203} INFO - 2024-07-21T15:51:54.142Z: JOB_MESSAGE_BASIC: Executing operation WriteToBigQuery/WriteToBigQuery/BigQueryBatchFileLoads/ParDo(WriteRecordsToFile)/ParDo(WriteRecordsToFile)/View-python_side_input0
[2024-07-21T15:51:54.850+0000] {dataflow_runner.py:203} INFO - 2024-07-21T15:51:54.154Z: JOB_MESSAGE_BASIC: Executing operation WriteToBigQuery/WriteToBigQuery/BigQueryBatchFileLoads/TriggerLoadJobsWithTempTables/ParDo(TriggerLoadJobs)/View-python_side_input0
[2024-07-21T15:51:54.852+0000] {dataflow_runner.py:203} INFO - 2024-07-21T15:51:54.165Z: JOB_MESSAGE_BASIC: Executing operation WriteToBigQuery/WriteToBigQuery/BigQueryBatchFileLoads/TriggerLoadJobsWithoutTempTables/ParDo(TriggerLoadJobs)/View-python_side_input0
[2024-07-21T15:51:54.853+0000] {dataflow_runner.py:203} INFO - 2024-07-21T15:51:54.169Z: JOB_MESSAGE_BASIC: Finished operation WriteToBigQuery/WriteToBigQuery/BigQueryBatchFileLoads/ParDo(TriggerCopyJobs)/ParDo(TriggerCopyJobs)/View-python_side_input0
[2024-07-21T15:51:54.855+0000] {dataflow_runner.py:203} INFO - 2024-07-21T15:51:54.177Z: JOB_MESSAGE_BASIC: Executing operation WriteToBigQuery/WriteToBigQuery/BigQueryBatchFileLoads/ParDo(UpdateDestinationSchema)/View-python_side_input0
[2024-07-21T15:51:54.856+0000] {dataflow_runner.py:203} INFO - 2024-07-21T15:51:54.203Z: JOB_MESSAGE_BASIC: Finished operation WriteToBigQuery/WriteToBigQuery/BigQueryBatchFileLoads/TriggerLoadJobsWithTempTables/ParDo(TriggerLoadJobs)/View-python_side_input0
[2024-07-21T15:51:54.858+0000] {dataflow_runner.py:203} INFO - 2024-07-21T15:51:54.228Z: JOB_MESSAGE_BASIC: Finished operation WriteToBigQuery/WriteToBigQuery/BigQueryBatchFileLoads/WriteGroupedRecordsToFile/View-python_side_input0
[2024-07-21T15:51:54.859+0000] {dataflow_runner.py:203} INFO - 2024-07-21T15:51:54.235Z: JOB_MESSAGE_BASIC: Finished operation WriteToBigQuery/WriteToBigQuery/BigQueryBatchFileLoads/ParDo(UpdateDestinationSchema)/View-python_side_input0
[2024-07-21T15:51:54.861+0000] {dataflow_runner.py:203} INFO - 2024-07-21T15:51:54.247Z: JOB_MESSAGE_BASIC: Finished operation WriteToBigQuery/WriteToBigQuery/BigQueryBatchFileLoads/ParDo(WriteRecordsToFile)/ParDo(WriteRecordsToFile)/View-python_side_input0
[2024-07-21T15:51:54.862+0000] {dataflow_runner.py:203} INFO - 2024-07-21T15:51:54.254Z: JOB_MESSAGE_BASIC: Finished operation WriteToBigQuery/WriteToBigQuery/BigQueryBatchFileLoads/TriggerLoadJobsWithoutTempTables/ParDo(TriggerLoadJobs)/View-python_side_input0
[2024-07-21T15:52:00.175+0000] {dataflow_runner.py:203} INFO - 2024-07-21T15:51:55.451Z: JOB_MESSAGE_BASIC: Finished operation ref_AppliedPTransform_ReadAvro-ReadAvro-Read-SDFBoundedSourceReader-ParDo-SDFBoundedSourceDoFn-_13/ProcessElementAndRestrictionWithSizing+RemoveDuplicates/PairWithKey+RemoveDuplicates/GroupByKey/Write
[2024-07-21T15:52:00.175+0000] {dataflow_runner.py:203} INFO - 2024-07-21T15:51:55.475Z: JOB_MESSAGE_BASIC: Executing operation RemoveDuplicates/GroupByKey/Close
[2024-07-21T15:52:00.176+0000] {dataflow_runner.py:203} INFO - 2024-07-21T15:51:55.638Z: JOB_MESSAGE_BASIC: Finished operation RemoveDuplicates/GroupByKey/Close
[2024-07-21T15:52:00.177+0000] {dataflow_runner.py:203} INFO - 2024-07-21T15:51:55.663Z: JOB_MESSAGE_BASIC: Executing operation WriteToBigQuery/WriteToBigQuery/BigQueryBatchFileLoads/GroupShardedRows/Create
[2024-07-21T15:52:00.177+0000] {dataflow_runner.py:203} INFO - 2024-07-21T15:51:55.748Z: JOB_MESSAGE_BASIC: Finished operation WriteToBigQuery/WriteToBigQuery/BigQueryBatchFileLoads/GroupShardedRows/Create
[2024-07-21T15:52:00.178+0000] {dataflow_runner.py:203} INFO - 2024-07-21T15:51:55.801Z: JOB_MESSAGE_BASIC: Executing operation WriteToBigQuery/WriteToBigQuery/BigQueryBatchFileLoads/GroupFilesByTableDestinations/Create
[2024-07-21T15:52:00.179+0000] {dataflow_runner.py:203} INFO - 2024-07-21T15:51:55.890Z: JOB_MESSAGE_BASIC: Finished operation WriteToBigQuery/WriteToBigQuery/BigQueryBatchFileLoads/GroupFilesByTableDestinations/Create
[2024-07-21T15:52:00.180+0000] {dataflow_runner.py:203} INFO - 2024-07-21T15:51:55.941Z: JOB_MESSAGE_BASIC: Executing operation RemoveDuplicates/GroupByKey/Read+RemoveDuplicates/RemoveDuplicates+WriteToBigQuery/WriteToBigQuery/BigQueryBatchFileLoads/RewindowIntoGlobal+WriteToBigQuery/WriteToBigQuery/BigQueryBatchFileLoads/AppendDestination+WriteToBigQuery/WriteToBigQuery/BigQueryBatchFileLoads/ParDo(WriteRecordsToFile)/ParDo(WriteRecordsToFile)+WriteToBigQuery/WriteToBigQuery/BigQueryBatchFileLoads/IdentityWorkaround+WriteToBigQuery/WriteToBigQuery/BigQueryBatchFileLoads/GroupFilesByTableDestinations/Write+WriteToBigQuery/WriteToBigQuery/BigQueryBatchFileLoads/ParDo(_ShardDestinations)+WriteToBigQuery/WriteToBigQuery/BigQueryBatchFileLoads/GroupShardedRows/Write
[2024-07-21T15:52:00.180+0000] {dataflow_runner.py:203} INFO - 2024-07-21T15:51:57.512Z: JOB_MESSAGE_BASIC: Finished operation RemoveDuplicates/GroupByKey/Read+RemoveDuplicates/RemoveDuplicates+WriteToBigQuery/WriteToBigQuery/BigQueryBatchFileLoads/RewindowIntoGlobal+WriteToBigQuery/WriteToBigQuery/BigQueryBatchFileLoads/AppendDestination+WriteToBigQuery/WriteToBigQuery/BigQueryBatchFileLoads/ParDo(WriteRecordsToFile)/ParDo(WriteRecordsToFile)+WriteToBigQuery/WriteToBigQuery/BigQueryBatchFileLoads/IdentityWorkaround+WriteToBigQuery/WriteToBigQuery/BigQueryBatchFileLoads/GroupFilesByTableDestinations/Write+WriteToBigQuery/WriteToBigQuery/BigQueryBatchFileLoads/ParDo(_ShardDestinations)+WriteToBigQuery/WriteToBigQuery/BigQueryBatchFileLoads/GroupShardedRows/Write
[2024-07-21T15:52:00.181+0000] {dataflow_runner.py:203} INFO - 2024-07-21T15:51:57.536Z: JOB_MESSAGE_BASIC: Executing operation WriteToBigQuery/WriteToBigQuery/BigQueryBatchFileLoads/GroupShardedRows/Close
[2024-07-21T15:52:00.182+0000] {dataflow_runner.py:203} INFO - 2024-07-21T15:51:57.565Z: JOB_MESSAGE_BASIC: Finished operation WriteToBigQuery/WriteToBigQuery/BigQueryBatchFileLoads/GroupShardedRows/Close
[2024-07-21T15:52:00.182+0000] {dataflow_runner.py:203} INFO - 2024-07-21T15:51:57.591Z: JOB_MESSAGE_BASIC: Executing operation WriteToBigQuery/WriteToBigQuery/BigQueryBatchFileLoads/GroupShardedRows/Read+WriteToBigQuery/WriteToBigQuery/BigQueryBatchFileLoads/DropShardNumber+WriteToBigQuery/WriteToBigQuery/BigQueryBatchFileLoads/WriteGroupedRecordsToFile+WriteToBigQuery/WriteToBigQuery/BigQueryBatchFileLoads/DestinationFilesUnion/InputIdentity+WriteToBigQuery/WriteToBigQuery/BigQueryBatchFileLoads/IdentityWorkaround+WriteToBigQuery/WriteToBigQuery/BigQueryBatchFileLoads/GroupFilesByTableDestinations/Write
[2024-07-21T15:52:00.183+0000] {dataflow_runner.py:203} INFO - 2024-07-21T15:51:57.840Z: JOB_MESSAGE_BASIC: Finished operation WriteToBigQuery/WriteToBigQuery/BigQueryBatchFileLoads/GroupShardedRows/Read+WriteToBigQuery/WriteToBigQuery/BigQueryBatchFileLoads/DropShardNumber+WriteToBigQuery/WriteToBigQuery/BigQueryBatchFileLoads/WriteGroupedRecordsToFile+WriteToBigQuery/WriteToBigQuery/BigQueryBatchFileLoads/DestinationFilesUnion/InputIdentity+WriteToBigQuery/WriteToBigQuery/BigQueryBatchFileLoads/IdentityWorkaround+WriteToBigQuery/WriteToBigQuery/BigQueryBatchFileLoads/GroupFilesByTableDestinations/Write
[2024-07-21T15:52:00.184+0000] {dataflow_runner.py:203} INFO - 2024-07-21T15:51:57.866Z: JOB_MESSAGE_BASIC: Executing operation WriteToBigQuery/WriteToBigQuery/BigQueryBatchFileLoads/GroupFilesByTableDestinations/Close
[2024-07-21T15:52:00.185+0000] {dataflow_runner.py:203} INFO - 2024-07-21T15:51:57.898Z: JOB_MESSAGE_BASIC: Finished operation WriteToBigQuery/WriteToBigQuery/BigQueryBatchFileLoads/GroupFilesByTableDestinations/Close
[2024-07-21T15:52:00.185+0000] {dataflow_runner.py:203} INFO - 2024-07-21T15:51:57.924Z: JOB_MESSAGE_BASIC: Executing operation WriteToBigQuery/WriteToBigQuery/BigQueryBatchFileLoads/GroupFilesByTableDestinations/Read+WriteToBigQuery/WriteToBigQuery/BigQueryBatchFileLoads/ParDo(PartitionFiles)/ParDo(PartitionFiles)+WriteToBigQuery/WriteToBigQuery/BigQueryBatchFileLoads/TriggerLoadJobsWithTempTables/ParDo(TriggerLoadJobs)+WriteToBigQuery/WriteToBigQuery/BigQueryBatchFileLoads/Map(<lambda at bigquery_file_loads.py:1145>)+WriteToBigQuery/WriteToBigQuery/BigQueryBatchFileLoads/ParDo(UpdateDestinationSchema)+WriteToBigQuery/WriteToBigQuery/BigQueryBatchFileLoads/TriggerLoadJobsWithoutTempTables/ParDo(TriggerLoadJobs)
[2024-07-21T15:52:16.054+0000] {dataflow_runner.py:203} INFO - 2024-07-21T15:52:13.613Z: JOB_MESSAGE_BASIC: Finished operation WriteToBigQuery/WriteToBigQuery/BigQueryBatchFileLoads/GroupFilesByTableDestinations/Read+WriteToBigQuery/WriteToBigQuery/BigQueryBatchFileLoads/ParDo(PartitionFiles)/ParDo(PartitionFiles)+WriteToBigQuery/WriteToBigQuery/BigQueryBatchFileLoads/TriggerLoadJobsWithTempTables/ParDo(TriggerLoadJobs)+WriteToBigQuery/WriteToBigQuery/BigQueryBatchFileLoads/Map(<lambda at bigquery_file_loads.py:1145>)+WriteToBigQuery/WriteToBigQuery/BigQueryBatchFileLoads/ParDo(UpdateDestinationSchema)+WriteToBigQuery/WriteToBigQuery/BigQueryBatchFileLoads/TriggerLoadJobsWithoutTempTables/ParDo(TriggerLoadJobs)
[2024-07-21T15:52:16.055+0000] {dataflow_runner.py:203} INFO - 2024-07-21T15:52:13.696Z: JOB_MESSAGE_BASIC: Executing operation WriteToBigQuery/WriteToBigQuery/BigQueryBatchFileLoads/ParDo(TriggerCopyJobs)/ParDo(TriggerCopyJobs)/View-python_side_input1
[2024-07-21T15:52:16.055+0000] {dataflow_runner.py:203} INFO - 2024-07-21T15:52:13.708Z: JOB_MESSAGE_BASIC: Executing operation WriteToBigQuery/WriteToBigQuery/BigQueryBatchFileLoads/Flatten
[2024-07-21T15:52:16.056+0000] {dataflow_runner.py:203} INFO - 2024-07-21T15:52:13.791Z: JOB_MESSAGE_BASIC: Finished operation WriteToBigQuery/WriteToBigQuery/BigQueryBatchFileLoads/ParDo(TriggerCopyJobs)/ParDo(TriggerCopyJobs)/View-python_side_input1
[2024-07-21T15:52:16.057+0000] {dataflow_runner.py:203} INFO - 2024-07-21T15:52:13.841Z: JOB_MESSAGE_BASIC: Executing operation WriteToBigQuery/WriteToBigQuery/BigQueryBatchFileLoads/ParDo(TriggerCopyJobs)/ParDo(TriggerCopyJobs)
[2024-07-21T15:52:16.057+0000] {dataflow_runner.py:203} INFO - 2024-07-21T15:52:13.894Z: JOB_MESSAGE_BASIC: Finished operation WriteToBigQuery/WriteToBigQuery/BigQueryBatchFileLoads/Flatten
[2024-07-21T15:52:21.355+0000] {dataflow_runner.py:203} INFO - 2024-07-21T15:52:17.159Z: JOB_MESSAGE_BASIC: Finished operation WriteToBigQuery/WriteToBigQuery/BigQueryBatchFileLoads/ParDo(TriggerCopyJobs)/ParDo(TriggerCopyJobs)
[2024-07-21T15:52:21.357+0000] {dataflow_runner.py:203} INFO - 2024-07-21T15:52:17.209Z: JOB_MESSAGE_BASIC: Executing operation WriteToBigQuery/WriteToBigQuery/BigQueryBatchFileLoads/RemoveTempTables/AddUselessValue/View-python_side_input0
[2024-07-21T15:52:21.358+0000] {dataflow_runner.py:203} INFO - 2024-07-21T15:52:17.310Z: JOB_MESSAGE_BASIC: Finished operation WriteToBigQuery/WriteToBigQuery/BigQueryBatchFileLoads/RemoveTempTables/AddUselessValue/View-python_side_input0
[2024-07-21T15:52:21.359+0000] {dataflow_runner.py:203} INFO - 2024-07-21T15:52:17.361Z: JOB_MESSAGE_BASIC: Executing operation WriteToBigQuery/WriteToBigQuery/BigQueryBatchFileLoads/RemoveTempTables/DeduplicateTables/Create
[2024-07-21T15:52:21.361+0000] {dataflow_runner.py:203} INFO - 2024-07-21T15:52:17.627Z: JOB_MESSAGE_BASIC: Finished operation WriteToBigQuery/WriteToBigQuery/BigQueryBatchFileLoads/RemoveTempTables/DeduplicateTables/Create
[2024-07-21T15:52:21.362+0000] {dataflow_runner.py:203} INFO - 2024-07-21T15:52:17.675Z: JOB_MESSAGE_BASIC: Executing operation WriteToBigQuery/WriteToBigQuery/BigQueryBatchFileLoads/RemoveTempTables/AddUselessValue+WriteToBigQuery/WriteToBigQuery/BigQueryBatchFileLoads/RemoveTempTables/DeduplicateTables/Write
[2024-07-21T15:52:21.363+0000] {dataflow_runner.py:203} INFO - 2024-07-21T15:52:18.298Z: JOB_MESSAGE_BASIC: Finished operation WriteToBigQuery/WriteToBigQuery/BigQueryBatchFileLoads/RemoveTempTables/AddUselessValue+WriteToBigQuery/WriteToBigQuery/BigQueryBatchFileLoads/RemoveTempTables/DeduplicateTables/Write
[2024-07-21T15:52:21.364+0000] {dataflow_runner.py:203} INFO - 2024-07-21T15:52:18.322Z: JOB_MESSAGE_BASIC: Executing operation WriteToBigQuery/WriteToBigQuery/BigQueryBatchFileLoads/RemoveTempTables/DeduplicateTables/Close
[2024-07-21T15:52:21.365+0000] {dataflow_runner.py:203} INFO - 2024-07-21T15:52:18.355Z: JOB_MESSAGE_BASIC: Finished operation WriteToBigQuery/WriteToBigQuery/BigQueryBatchFileLoads/RemoveTempTables/DeduplicateTables/Close
[2024-07-21T15:52:21.366+0000] {dataflow_runner.py:203} INFO - 2024-07-21T15:52:18.381Z: JOB_MESSAGE_BASIC: Executing operation WriteToBigQuery/WriteToBigQuery/BigQueryBatchFileLoads/RemoveTempTables/DeduplicateTables/Read+WriteToBigQuery/WriteToBigQuery/BigQueryBatchFileLoads/RemoveTempTables/GetTableNames/Keys+WriteToBigQuery/WriteToBigQuery/BigQueryBatchFileLoads/RemoveTempTables/Delete
[2024-07-21T15:52:21.367+0000] {dataflow_runner.py:203} INFO - 2024-07-21T15:52:18.495Z: JOB_MESSAGE_BASIC: Finished operation WriteToBigQuery/WriteToBigQuery/BigQueryBatchFileLoads/RemoveTempTables/DeduplicateTables/Read+WriteToBigQuery/WriteToBigQuery/BigQueryBatchFileLoads/RemoveTempTables/GetTableNames/Keys+WriteToBigQuery/WriteToBigQuery/BigQueryBatchFileLoads/RemoveTempTables/Delete
[2024-07-21T15:52:21.369+0000] {dataflow_runner.py:203} INFO - 2024-07-21T15:52:18.698Z: JOB_MESSAGE_BASIC: Stopping worker pool...
[2024-07-21T15:53:03.732+0000] {dataflow_runner.py:203} INFO - 2024-07-21T15:53:00.243Z: JOB_MESSAGE_BASIC: Worker pool stopped.
[2024-07-21T15:53:09.210+0000] {dataflow_runner.py:153} INFO - Job 2024-07-21_08_48_00-17967070112790471152 is in state JOB_STATE_DONE
[2024-07-21T15:53:10.995+0000] {logging_mixin.py:188} INFO - Transform and load stage successfully
[2024-07-21T15:53:10.997+0000] {python.py:201} INFO - Done. Returned value was: None
[2024-07-21T15:53:11.036+0000] {taskinstance.py:1138} INFO - Marking task as SUCCESS. dag_id=dim_customer, task_id=transform_and_load_task, execution_date=20240721T154735, start_date=20240721T154748, end_date=20240721T155311
[2024-07-21T15:53:11.156+0000] {local_task_job_runner.py:234} INFO - Task exited with return code 0
[2024-07-21T15:53:11.193+0000] {taskinstance.py:3280} INFO - 0 downstream tasks scheduled from follow-on schedule check
