[2024-07-22T08:57:50.004+0000] {taskinstance.py:1956} INFO - Dependencies all met for dep_context=non-requeueable deps ti=<TaskInstance: fact_order.ingest_data_task manual__2024-07-22T08:57:43.627397+00:00 [queued]>
[2024-07-22T08:57:50.020+0000] {taskinstance.py:1956} INFO - Dependencies all met for dep_context=requeueable deps ti=<TaskInstance: fact_order.ingest_data_task manual__2024-07-22T08:57:43.627397+00:00 [queued]>
[2024-07-22T08:57:50.020+0000] {taskinstance.py:2170} INFO - Starting attempt 1 of 1
[2024-07-22T08:57:50.041+0000] {taskinstance.py:2191} INFO - Executing <Task(_PythonDecoratedOperator): ingest_data_task> on 2024-07-22 08:57:43.627397+00:00
[2024-07-22T08:57:50.052+0000] {standard_task_runner.py:60} INFO - Started process 10593 to run task
[2024-07-22T08:57:50.058+0000] {standard_task_runner.py:87} INFO - Running: ['***', 'tasks', 'run', 'fact_order', 'ingest_data_task', 'manual__2024-07-22T08:57:43.627397+00:00', '--job-id', '230', '--raw', '--subdir', 'DAGS_FOLDER/fact_order.py', '--cfg-path', '/tmp/tmp0o0r6lbp']
[2024-07-22T08:57:50.061+0000] {standard_task_runner.py:88} INFO - Job 230: Subtask ingest_data_task
[2024-07-22T08:57:50.144+0000] {task_command.py:423} INFO - Running <TaskInstance: fact_order.ingest_data_task manual__2024-07-22T08:57:43.627397+00:00 [running]> on host 087c584822ad
[2024-07-22T08:57:50.263+0000] {taskinstance.py:2480} INFO - Exporting env vars: AIRFLOW_CTX_DAG_OWNER='***' AIRFLOW_CTX_DAG_ID='fact_order' AIRFLOW_CTX_TASK_ID='ingest_data_task' AIRFLOW_CTX_EXECUTION_DATE='2024-07-22T08:57:43.627397+00:00' AIRFLOW_CTX_TRY_NUMBER='1' AIRFLOW_CTX_DAG_RUN_ID='manual__2024-07-22T08:57:43.627397+00:00'
[2024-07-22T08:57:50.266+0000] {logging_mixin.py:188} INFO - Start data ingestion stage
[2024-07-22T08:57:55.473+0000] {logging_mixin.py:188} INFO - Number records captured: 8002
[2024-07-22T08:57:55.486+0000] {logging_mixin.py:188} INFO - 3007   2024-06-28 08:04:03
2946   2024-06-28 08:04:03
3468   2024-06-28 08:04:03
7534   2024-06-28 08:04:03
2170   2024-06-28 08:04:03
Name: created_at, dtype: datetime64[ns]
[2024-07-22T08:57:55.510+0000] {logging_mixin.py:188} INFO - 4823    2024-06-28 08:04:03.000000
7187    2024-06-28 08:04:03.000000
2934    2024-06-28 08:04:03.000000
989     2024-06-28 08:04:03.000000
3980    2024-06-28 08:04:03.000000
Name: created_at, dtype: object
[2024-07-22T08:57:55.515+0000] {logging_mixin.py:188} INFO - Ingest data successfully
[2024-07-22T08:57:55.516+0000] {python.py:201} INFO - Done. Returned value was: None
[2024-07-22T08:57:55.532+0000] {taskinstance.py:1138} INFO - Marking task as SUCCESS. dag_id=fact_order, task_id=ingest_data_task, execution_date=20240722T085743, start_date=20240722T085750, end_date=20240722T085755
[2024-07-22T08:57:55.587+0000] {local_task_job_runner.py:234} INFO - Task exited with return code 0
[2024-07-22T08:57:55.615+0000] {taskinstance.py:3280} INFO - 0 downstream tasks scheduled from follow-on schedule check
