[2024-07-16T09:37:34.183+0000] {taskinstance.py:1956} INFO - Dependencies all met for dep_context=non-requeueable deps ti=<TaskInstance: dim_product.transform_and_load_task manual__2024-07-16T09:37:30.403685+00:00 [queued]>
[2024-07-16T09:37:34.194+0000] {taskinstance.py:1956} INFO - Dependencies all met for dep_context=requeueable deps ti=<TaskInstance: dim_product.transform_and_load_task manual__2024-07-16T09:37:30.403685+00:00 [queued]>
[2024-07-16T09:37:34.195+0000] {taskinstance.py:2170} INFO - Starting attempt 1 of 1
[2024-07-16T09:37:34.218+0000] {taskinstance.py:2191} INFO - Executing <Task(_PythonDecoratedOperator): transform_and_load_task> on 2024-07-16 09:37:30.403685+00:00
[2024-07-16T09:37:34.225+0000] {standard_task_runner.py:60} INFO - Started process 233 to run task
[2024-07-16T09:37:34.231+0000] {standard_task_runner.py:87} INFO - Running: ['***', 'tasks', 'run', 'dim_product', 'transform_and_load_task', 'manual__2024-07-16T09:37:30.403685+00:00', '--job-id', '90', '--raw', '--subdir', 'DAGS_FOLDER/dim_product_orchestration.py', '--cfg-path', '/tmp/tmpyx3xx3gl']
[2024-07-16T09:37:34.233+0000] {standard_task_runner.py:88} INFO - Job 90: Subtask transform_and_load_task
[2024-07-16T09:37:34.304+0000] {task_command.py:423} INFO - Running <TaskInstance: dim_product.transform_and_load_task manual__2024-07-16T09:37:30.403685+00:00 [running]> on host 3e75606cfc9c
[2024-07-16T09:37:34.398+0000] {taskinstance.py:2480} INFO - Exporting env vars: AIRFLOW_CTX_DAG_OWNER='***' AIRFLOW_CTX_DAG_ID='dim_product' AIRFLOW_CTX_TASK_ID='transform_and_load_task' AIRFLOW_CTX_EXECUTION_DATE='2024-07-16T09:37:30.403685+00:00' AIRFLOW_CTX_TRY_NUMBER='1' AIRFLOW_CTX_DAG_RUN_ID='manual__2024-07-16T09:37:30.403685+00:00'
[2024-07-16T09:37:34.405+0000] {pipeline.py:197} INFO - Missing pipeline option (runner). Executing pipeline using the default runner: DirectRunner.
[2024-07-16T09:37:36.050+0000] {pipeline_options.py:372} WARNING - Discarding unparseable args: ['celery', 'worker']
[2024-07-16T09:37:36.289+0000] {statecache.py:234} INFO - Creating state cache with size 104857600
[2024-07-16T09:37:55.164+0000] {bigquery_file_loads.py:703} INFO - Load job has 1 files. Job name is beam_bq_job_LOAD_dimproductbigqueryetl_LOAD_STEP_5bd1ffa0026f4bc880a749c25f935bea_ea5d3c3b21e211609b6ed51eecdd036b_pane0_partition0.
[2024-07-16T09:37:55.166+0000] {bigquery_file_loads.py:739} INFO - Triggering job beam_bq_job_LOAD_dimproductbigqueryetl_LOAD_STEP_5bd1ffa0026f4bc880a749c25f935bea_ea5d3c3b21e211609b6ed51eecdd036b_pane0_partition0 to load data to BigQuery table <TableReference
 datasetId: 'dw_demo'
 projectId: 'liquid-kite-423215-s2'
 tableId: 'dim_product'>.Schema: {'fields': [{'name': 'ingested_at', 'type': 'TIMESTAMP', 'mode': 'NULLABLE'}, {'name': 'created_at', 'type': 'TIMESTAMP', 'mode': 'NULLABLE'}, {'name': 'last_updated_at', 'type': 'TIMESTAMP', 'mode': 'NULLABLE'}, {'name': 'product_id', 'type': 'INTEGER', 'mode': 'NULLABLE'}, {'name': 'product_name', 'type': 'STRING', 'mode': 'NULLABLE'}, {'name': 'category_id', 'type': 'INTEGER', 'mode': 'NULLABLE'}]}. Additional parameters: {}. Source format: NEWLINE_DELIMITED_JSON
[2024-07-16T09:37:56.011+0000] {bigquery_tools.py:579} INFO - Started BigQuery job: <JobReference
 jobId: 'beam_bq_job_LOAD_dimproductbigqueryetl_LOAD_STEP_5bd1ffa0026f4bc880a749c25f935bea_ea5d3c3b21e211609b6ed51eecdd036b_pane0_partition0'
 location: 'asia-southeast1'
 projectId: 'liquid-kite-423215-s2'>
 bq show -j --format=prettyjson --project_id=liquid-kite-423215-s2 beam_bq_job_LOAD_dimproductbigqueryetl_LOAD_STEP_5bd1ffa0026f4bc880a749c25f935bea_ea5d3c3b21e211609b6ed51eecdd036b_pane0_partition0
[2024-07-16T09:37:56.371+0000] {bigquery_tools.py:652} INFO - Job liquid-kite-423215-s2:asia-southeast1.beam_bq_job_LOAD_dimproductbigqueryetl_LOAD_STEP_5bd1ffa0026f4bc880a749c25f935bea_ea5d3c3b21e211609b6ed51eecdd036b_pane0_partition0 status: RUNNING
[2024-07-16T09:38:06.704+0000] {bigquery_tools.py:652} INFO - Job liquid-kite-423215-s2:asia-southeast1.beam_bq_job_LOAD_dimproductbigqueryetl_LOAD_STEP_5bd1ffa0026f4bc880a749c25f935bea_ea5d3c3b21e211609b6ed51eecdd036b_pane0_partition0 status: DONE
[2024-07-16T09:38:11.063+0000] {python.py:201} INFO - Done. Returned value was: None
[2024-07-16T09:38:11.072+0000] {taskinstance.py:1138} INFO - Marking task as SUCCESS. dag_id=dim_product, task_id=transform_and_load_task, execution_date=20240716T093730, start_date=20240716T093734, end_date=20240716T093811
[2024-07-16T09:38:11.096+0000] {local_task_job_runner.py:234} INFO - Task exited with return code 0
[2024-07-16T09:38:11.111+0000] {taskinstance.py:3280} INFO - 0 downstream tasks scheduled from follow-on schedule check
