[2024-07-22T16:49:46.002+0000] {taskinstance.py:1956} INFO - Dependencies all met for dep_context=non-requeueable deps ti=<TaskInstance: fact_order_product_etl_daily.update_file_config_task manual__2024-07-22T16:48:53.658674+00:00 [queued]>
[2024-07-22T16:49:46.015+0000] {taskinstance.py:1956} INFO - Dependencies all met for dep_context=requeueable deps ti=<TaskInstance: fact_order_product_etl_daily.update_file_config_task manual__2024-07-22T16:48:53.658674+00:00 [queued]>
[2024-07-22T16:49:46.016+0000] {taskinstance.py:2170} INFO - Starting attempt 1 of 1
[2024-07-22T16:49:46.036+0000] {taskinstance.py:2191} INFO - Executing <Task(_PythonDecoratedOperator): update_file_config_task> on 2024-07-22 16:48:53.658674+00:00
[2024-07-22T16:49:46.046+0000] {standard_task_runner.py:60} INFO - Started process 1109 to run task
[2024-07-22T16:49:46.051+0000] {standard_task_runner.py:87} INFO - Running: ['***', 'tasks', 'run', 'fact_order_product_etl_daily', 'update_file_config_task', 'manual__2024-07-22T16:48:53.658674+00:00', '--job-id', '252', '--raw', '--subdir', 'DAGS_FOLDER/fact_order_product.py', '--cfg-path', '/tmp/tmp4lss7sbh']
[2024-07-22T16:49:46.054+0000] {standard_task_runner.py:88} INFO - Job 252: Subtask update_file_config_task
[2024-07-22T16:49:46.128+0000] {task_command.py:423} INFO - Running <TaskInstance: fact_order_product_etl_daily.update_file_config_task manual__2024-07-22T16:48:53.658674+00:00 [running]> on host 087c584822ad
[2024-07-22T16:49:46.256+0000] {taskinstance.py:2480} INFO - Exporting env vars: AIRFLOW_CTX_DAG_OWNER='***' AIRFLOW_CTX_DAG_ID='fact_order_product_etl_daily' AIRFLOW_CTX_TASK_ID='update_file_config_task' AIRFLOW_CTX_EXECUTION_DATE='2024-07-22T16:48:53.658674+00:00' AIRFLOW_CTX_TRY_NUMBER='1' AIRFLOW_CTX_DAG_RUN_ID='manual__2024-07-22T16:48:53.658674+00:00'
[2024-07-22T16:49:46.260+0000] {taskinstance.py:2698} ERROR - Task failed with exception
Traceback (most recent call last):
  File "/home/airflow/.local/lib/python3.8/site-packages/airflow/models/taskinstance.py", line 433, in _execute_task
    result = execute_callable(context=context, **execute_callable_kwargs)
  File "/home/airflow/.local/lib/python3.8/site-packages/airflow/decorators/base.py", line 241, in execute
    return_value = super().execute(context)
  File "/home/airflow/.local/lib/python3.8/site-packages/airflow/operators/python.py", line 199, in execute
    return_value = self.execute_callable()
  File "/home/airflow/.local/lib/python3.8/site-packages/airflow/operators/python.py", line 216, in execute_callable
    return self.python_callable(*self.op_args, **self.op_kwargs)
  File "/opt/airflow/dags/fact_order_product.py", line 95, in update_file_config_task
    upd.update_config_file(db_table_name,max_date_string_global['value'])
KeyError: 'value'
[2024-07-22T16:49:46.276+0000] {taskinstance.py:1138} INFO - Marking task as FAILED. dag_id=fact_order_product_etl_daily, task_id=update_file_config_task, execution_date=20240722T164853, start_date=20240722T164946, end_date=20240722T164946
[2024-07-22T16:49:46.292+0000] {standard_task_runner.py:107} ERROR - Failed to execute job 252 for task update_file_config_task ('value'; 1109)
[2024-07-22T16:49:46.344+0000] {local_task_job_runner.py:234} INFO - Task exited with return code 1
[2024-07-22T16:49:46.367+0000] {taskinstance.py:3280} INFO - 0 downstream tasks scheduled from follow-on schedule check
