[2024-07-22T07:04:21.908+0000] {taskinstance.py:1956} INFO - Dependencies all met for dep_context=non-requeueable deps ti=<TaskInstance: fact_order.transform_and_load_task scheduled__2024-07-21T00:00:00+00:00 [queued]>
[2024-07-22T07:04:21.944+0000] {taskinstance.py:1956} INFO - Dependencies all met for dep_context=requeueable deps ti=<TaskInstance: fact_order.transform_and_load_task scheduled__2024-07-21T00:00:00+00:00 [queued]>
[2024-07-22T07:04:21.946+0000] {taskinstance.py:2170} INFO - Starting attempt 1 of 1
[2024-07-22T07:04:21.979+0000] {taskinstance.py:2191} INFO - Executing <Task(_PythonDecoratedOperator): transform_and_load_task> on 2024-07-21 00:00:00+00:00
[2024-07-22T07:04:21.998+0000] {standard_task_runner.py:60} INFO - Started process 8781 to run task
[2024-07-22T07:04:22.003+0000] {standard_task_runner.py:87} INFO - Running: ['***', 'tasks', 'run', 'fact_order', 'transform_and_load_task', 'scheduled__2024-07-21T00:00:00+00:00', '--job-id', '203', '--raw', '--subdir', 'DAGS_FOLDER/fact_order.py', '--cfg-path', '/tmp/tmp64x69cap']
[2024-07-22T07:04:22.006+0000] {standard_task_runner.py:88} INFO - Job 203: Subtask transform_and_load_task
[2024-07-22T07:04:22.128+0000] {task_command.py:423} INFO - Running <TaskInstance: fact_order.transform_and_load_task scheduled__2024-07-21T00:00:00+00:00 [running]> on host 087c584822ad
[2024-07-22T07:04:22.429+0000] {taskinstance.py:2480} INFO - Exporting env vars: AIRFLOW_CTX_DAG_OWNER='***' AIRFLOW_CTX_DAG_ID='fact_order' AIRFLOW_CTX_TASK_ID='transform_and_load_task' AIRFLOW_CTX_EXECUTION_DATE='2024-07-21T00:00:00+00:00' AIRFLOW_CTX_TRY_NUMBER='1' AIRFLOW_CTX_DAG_RUN_ID='scheduled__2024-07-21T00:00:00+00:00'
[2024-07-22T07:04:23.208+0000] {pipeline_options.py:923} WARNING - Bucket specified in temp_location has soft-delete policy enabled. To avoid being billed for unnecessary storage costs, turn off the soft delete feature on buckets that your Dataflow jobs use for temporary and staging storage. For more information, see https://cloud.google.com/storage/docs/use-soft-delete#remove-soft-delete-policy.
[2024-07-22T07:04:23.553+0000] {pipeline_options.py:923} WARNING - Bucket specified in staging_location has soft-delete policy enabled. To avoid being billed for unnecessary storage costs, turn off the soft delete feature on buckets that your Dataflow jobs use for temporary and staging storage. For more information, see https://cloud.google.com/storage/docs/use-soft-delete#remove-soft-delete-policy.
[2024-07-22T07:04:25.254+0000] {pipeline_options.py:923} WARNING - Bucket specified in temp_location has soft-delete policy enabled. To avoid being billed for unnecessary storage costs, turn off the soft delete feature on buckets that your Dataflow jobs use for temporary and staging storage. For more information, see https://cloud.google.com/storage/docs/use-soft-delete#remove-soft-delete-policy.
[2024-07-22T07:04:25.605+0000] {pipeline_options.py:923} WARNING - Bucket specified in staging_location has soft-delete policy enabled. To avoid being billed for unnecessary storage costs, turn off the soft delete feature on buckets that your Dataflow jobs use for temporary and staging storage. For more information, see https://cloud.google.com/storage/docs/use-soft-delete#remove-soft-delete-policy.
[2024-07-22T07:04:25.786+0000] {stager.py:800} INFO - Executing command: ['/usr/local/bin/python', '-m', 'build', '--no-isolation', '--sdist', '--outdir', '/tmp/tmpu4h0nqll', '/opt/***/plugins']
[2024-07-22T07:04:26.106+0000] {stager.py:810} INFO - Executing command: ['/usr/local/bin/python', 'setup.py', 'sdist', '--dist-dir', '/tmp/tmpu4h0nqll']
[2024-07-22T07:04:37.125+0000] {dataflow_runner.py:397} INFO - Pipeline has additional dependencies to be installed in SDK worker container, consider using the SDK container image pre-building workflow to avoid repetitive installations. Learn more on https://cloud.google.com/dataflow/docs/guides/using-custom-containers#prebuild
[2024-07-22T07:04:37.136+0000] {environments.py:314} INFO - Using provided Python SDK container image: gcr.io/cloud-dataflow/v1beta3/beam_python3.8_sdk:2.57.0
[2024-07-22T07:04:37.137+0000] {environments.py:321} INFO - Python SDK container image set to "gcr.io/cloud-dataflow/v1beta3/beam_python3.8_sdk:2.57.0" for Docker environment
[2024-07-22T07:04:37.766+0000] {apiclient.py:663} INFO - Starting GCS upload to gs://ingestion_layer/staging/fact-order-bigquery-etl.1721631877.742353/workflow.tar.gz...
[2024-07-22T07:04:38.855+0000] {apiclient.py:673} INFO - Completed GCS upload to gs://ingestion_layer/staging/fact-order-bigquery-etl.1721631877.742353/workflow.tar.gz in 1 seconds.
[2024-07-22T07:04:38.856+0000] {apiclient.py:663} INFO - Starting GCS upload to gs://ingestion_layer/staging/fact-order-bigquery-etl.1721631877.742353/submission_environment_dependencies.txt...
[2024-07-22T07:04:40.171+0000] {apiclient.py:673} INFO - Completed GCS upload to gs://ingestion_layer/staging/fact-order-bigquery-etl.1721631877.742353/submission_environment_dependencies.txt in 1 seconds.
[2024-07-22T07:04:40.188+0000] {apiclient.py:663} INFO - Starting GCS upload to gs://ingestion_layer/staging/fact-order-bigquery-etl.1721631877.742353/pipeline.pb...
[2024-07-22T07:04:41.168+0000] {apiclient.py:673} INFO - Completed GCS upload to gs://ingestion_layer/staging/fact-order-bigquery-etl.1721631877.742353/pipeline.pb in 0 seconds.
[2024-07-22T07:04:41.220+0000] {pipeline_options.py:339} WARNING - Unknown pipeline options received: celery,worker. Ignore if flags are used for internal purposes.
[2024-07-22T07:04:41.251+0000] {pipeline_options.py:339} WARNING - Unknown pipeline options received: celery,worker. Ignore if flags are used for internal purposes.
[2024-07-22T07:04:43.506+0000] {apiclient.py:844} INFO - Create job: <Job
 clientRequestId: '20240722070437745020-5870'
 createTime: '2024-07-22T07:04:43.645022Z'
 currentStateTime: '1970-01-01T00:00:00Z'
 id: '2024-07-22_00_04_42-4152722624609458626'
 location: 'asia-southeast2'
 name: 'fact-order-bigquery-etl'
 projectId: 'liquid-kite-423215-s2'
 stageStates: []
 startTime: '2024-07-22T07:04:43.645022Z'
 steps: []
 tempFiles: []
 type: TypeValueValuesEnum(JOB_TYPE_BATCH, 1)>
[2024-07-22T07:04:43.512+0000] {apiclient.py:846} INFO - Created job with id: [2024-07-22_00_04_42-4152722624609458626]
[2024-07-22T07:04:43.512+0000] {apiclient.py:847} INFO - Submitted job: 2024-07-22_00_04_42-4152722624609458626
[2024-07-22T07:04:43.513+0000] {apiclient.py:848} INFO - To access the Dataflow monitoring console, please navigate to https://console.cloud.google.com/dataflow/jobs/asia-southeast2/2024-07-22_00_04_42-4152722624609458626?project=liquid-kite-423215-s2
[2024-07-22T07:04:43.887+0000] {dataflow_runner.py:153} INFO - Job 2024-07-22_00_04_42-4152722624609458626 is in state JOB_STATE_PENDING
[2024-07-22T07:04:49.056+0000] {dataflow_runner.py:203} INFO - 2024-07-22T07:04:46.642Z: JOB_MESSAGE_BASIC: Worker configuration: n1-standard-1 in asia-southeast2-c.
[2024-07-22T07:04:49.057+0000] {dataflow_runner.py:203} INFO - 2024-07-22T07:04:48.348Z: JOB_MESSAGE_BASIC: Executing operation Start/Impulse+Start/FlatMap(<lambda at core.py:3788>)+Start/Map(decode)
[2024-07-22T07:04:49.058+0000] {dataflow_runner.py:203} INFO - 2024-07-22T07:04:48.364Z: JOB_MESSAGE_BASIC: Executing operation ReadAvro/ReadAvro/Read/Impulse+ReadAvro/ReadAvro/Read/EmitSource+ref_AppliedPTransform_ReadAvro-ReadAvro-Read-SDFBoundedSourceReader-ParDo-SDFBoundedSourceDoFn-_13/PairWithRestriction+ref_AppliedPTransform_ReadAvro-ReadAvro-Read-SDFBoundedSourceReader-ParDo-SDFBoundedSourceDoFn-_13/SplitWithSizing
[2024-07-22T07:04:49.059+0000] {dataflow_runner.py:203} INFO - 2024-07-22T07:04:48.395Z: JOB_MESSAGE_BASIC: Starting 1 workers in asia-southeast2...
[2024-07-22T07:04:49.267+0000] {dataflow_runner.py:153} INFO - Job 2024-07-22_00_04_42-4152722624609458626 is in state JOB_STATE_RUNNING
[2024-07-22T07:08:37.232+0000] {dataflow_runner.py:203} INFO - 2024-07-22T07:08:36.531Z: JOB_MESSAGE_BASIC: All workers have finished the startup processes and began to receive work requests.
[2024-07-22T07:08:42.531+0000] {dataflow_runner.py:203} INFO - 2024-07-22T07:08:38.263Z: JOB_MESSAGE_BASIC: Finished operation Start/Impulse+Start/FlatMap(<lambda at core.py:3788>)+Start/Map(decode)
[2024-07-22T07:08:42.531+0000] {dataflow_runner.py:203} INFO - 2024-07-22T07:08:39.174Z: JOB_MESSAGE_BASIC: Finished operation ReadAvro/ReadAvro/Read/Impulse+ReadAvro/ReadAvro/Read/EmitSource+ref_AppliedPTransform_ReadAvro-ReadAvro-Read-SDFBoundedSourceReader-ParDo-SDFBoundedSourceDoFn-_13/PairWithRestriction+ref_AppliedPTransform_ReadAvro-ReadAvro-Read-SDFBoundedSourceReader-ParDo-SDFBoundedSourceDoFn-_13/SplitWithSizing
[2024-07-22T07:08:42.532+0000] {dataflow_runner.py:203} INFO - 2024-07-22T07:08:39.267Z: JOB_MESSAGE_BASIC: Executing operation ref_AppliedPTransform_ReadAvro-ReadAvro-Read-SDFBoundedSourceReader-ParDo-SDFBoundedSourceDoFn-_13/ProcessElementAndRestrictionWithSizing+Print Element Type
[2024-07-22T07:08:42.532+0000] {dataflow_runner.py:203} INFO - 2024-07-22T07:08:41.499Z: JOB_MESSAGE_BASIC: Finished operation ref_AppliedPTransform_ReadAvro-ReadAvro-Read-SDFBoundedSourceReader-ParDo-SDFBoundedSourceDoFn-_13/ProcessElementAndRestrictionWithSizing+Print Element Type
[2024-07-22T07:08:42.533+0000] {dataflow_runner.py:203} INFO - 2024-07-22T07:08:41.614Z: JOB_MESSAGE_BASIC: Stopping worker pool...
[2024-07-22T07:11:05.183+0000] {dataflow_runner.py:203} INFO - 2024-07-22T07:11:00.637Z: JOB_MESSAGE_BASIC: Worker pool stopped.
[2024-07-22T07:11:10.592+0000] {dataflow_runner.py:153} INFO - Job 2024-07-22_00_04_42-4152722624609458626 is in state JOB_STATE_DONE
[2024-07-22T07:11:13.885+0000] {python.py:201} INFO - Done. Returned value was: None
[2024-07-22T07:11:14.351+0000] {taskinstance.py:1138} INFO - Marking task as SUCCESS. dag_id=fact_order, task_id=transform_and_load_task, execution_date=20240721T000000, start_date=20240722T070421, end_date=20240722T071114
[2024-07-22T07:11:14.622+0000] {local_task_job_runner.py:234} INFO - Task exited with return code 0
[2024-07-22T07:11:14.985+0000] {taskinstance.py:3280} INFO - 0 downstream tasks scheduled from follow-on schedule check
