[2024-07-21T11:06:53.621+0000] {taskinstance.py:1956} INFO - Dependencies all met for dep_context=non-requeueable deps ti=<TaskInstance: dim_product.transform_and_load_task manual__2024-07-21T11:06:38.073746+00:00 [queued]>
[2024-07-21T11:06:53.642+0000] {taskinstance.py:1956} INFO - Dependencies all met for dep_context=requeueable deps ti=<TaskInstance: dim_product.transform_and_load_task manual__2024-07-21T11:06:38.073746+00:00 [queued]>
[2024-07-21T11:06:53.643+0000] {taskinstance.py:2170} INFO - Starting attempt 1 of 1
[2024-07-21T11:06:53.669+0000] {taskinstance.py:2191} INFO - Executing <Task(_PythonDecoratedOperator): transform_and_load_task> on 2024-07-21 11:06:38.073746+00:00
[2024-07-21T11:06:53.680+0000] {standard_task_runner.py:60} INFO - Started process 2709 to run task
[2024-07-21T11:06:53.686+0000] {standard_task_runner.py:87} INFO - Running: ['***', 'tasks', 'run', 'dim_product', 'transform_and_load_task', 'manual__2024-07-21T11:06:38.073746+00:00', '--job-id', '168', '--raw', '--subdir', 'DAGS_FOLDER/dim_product_orchestration.py', '--cfg-path', '/tmp/tmpr0_jbylu']
[2024-07-21T11:06:53.689+0000] {standard_task_runner.py:88} INFO - Job 168: Subtask transform_and_load_task
[2024-07-21T11:06:53.771+0000] {task_command.py:423} INFO - Running <TaskInstance: dim_product.transform_and_load_task manual__2024-07-21T11:06:38.073746+00:00 [running]> on host 087c584822ad
[2024-07-21T11:06:53.914+0000] {taskinstance.py:2480} INFO - Exporting env vars: AIRFLOW_CTX_DAG_OWNER='***' AIRFLOW_CTX_DAG_ID='dim_product' AIRFLOW_CTX_TASK_ID='transform_and_load_task' AIRFLOW_CTX_EXECUTION_DATE='2024-07-21T11:06:38.073746+00:00' AIRFLOW_CTX_TRY_NUMBER='1' AIRFLOW_CTX_DAG_RUN_ID='manual__2024-07-21T11:06:38.073746+00:00'
[2024-07-21T11:06:54.593+0000] {pipeline_options.py:923} WARNING - Bucket specified in temp_location has soft-delete policy enabled. To avoid being billed for unnecessary storage costs, turn off the soft delete feature on buckets that your Dataflow jobs use for temporary and staging storage. For more information, see https://cloud.google.com/storage/docs/use-soft-delete#remove-soft-delete-policy.
[2024-07-21T11:06:54.931+0000] {pipeline_options.py:923} WARNING - Bucket specified in staging_location has soft-delete policy enabled. To avoid being billed for unnecessary storage costs, turn off the soft delete feature on buckets that your Dataflow jobs use for temporary and staging storage. For more information, see https://cloud.google.com/storage/docs/use-soft-delete#remove-soft-delete-policy.
[2024-07-21T11:06:54.954+0000] {taskinstance.py:2698} ERROR - Task failed with exception
Traceback (most recent call last):
  File "/home/airflow/.local/lib/python3.8/site-packages/airflow/models/taskinstance.py", line 433, in _execute_task
    result = execute_callable(context=context, **execute_callable_kwargs)
  File "/home/airflow/.local/lib/python3.8/site-packages/airflow/decorators/base.py", line 241, in execute
    return_value = super().execute(context)
  File "/home/airflow/.local/lib/python3.8/site-packages/airflow/operators/python.py", line 199, in execute
    return_value = self.execute_callable()
  File "/home/airflow/.local/lib/python3.8/site-packages/airflow/operators/python.py", line 216, in execute_callable
    return self.python_callable(*self.op_args, **self.op_kwargs)
  File "/opt/airflow/dags/dim_product_orchestration.py", line 62, in transform_and_load_task
    with beam.Pipeline(options=options) as p:
  File "/home/airflow/.local/lib/python3.8/site-packages/apache_beam/pipeline.py", line 212, in __init__
    raise ValueError(
ValueError: Pipeline has validations errors: 
Invalid job_name ('dim-product'-bigquery-etl); the name must consist of only the characters [-a-z0-9], starting with a letter and ending with a letter or number
[2024-07-21T11:06:54.975+0000] {taskinstance.py:1138} INFO - Marking task as FAILED. dag_id=dim_product, task_id=transform_and_load_task, execution_date=20240721T110638, start_date=20240721T110653, end_date=20240721T110654
[2024-07-21T11:06:55.007+0000] {standard_task_runner.py:107} ERROR - Failed to execute job 168 for task transform_and_load_task (Pipeline has validations errors: 
Invalid job_name ('dim-product'-bigquery-etl); the name must consist of only the characters [-a-z0-9], starting with a letter and ending with a letter or number; 2709)
[2024-07-21T11:06:55.065+0000] {local_task_job_runner.py:234} INFO - Task exited with return code 1
[2024-07-21T11:06:55.115+0000] {taskinstance.py:3280} INFO - 0 downstream tasks scheduled from follow-on schedule check
