[2024-07-22T09:00:08.008+0000] {taskinstance.py:1956} INFO - Dependencies all met for dep_context=non-requeueable deps ti=<TaskInstance: dim_customer.ingest_data_task manual__2024-07-22T09:00:02.801197+00:00 [queued]>
[2024-07-22T09:00:08.032+0000] {taskinstance.py:1956} INFO - Dependencies all met for dep_context=requeueable deps ti=<TaskInstance: dim_customer.ingest_data_task manual__2024-07-22T09:00:02.801197+00:00 [queued]>
[2024-07-22T09:00:08.033+0000] {taskinstance.py:2170} INFO - Starting attempt 1 of 1
[2024-07-22T09:00:08.069+0000] {taskinstance.py:2191} INFO - Executing <Task(_PythonDecoratedOperator): ingest_data_task> on 2024-07-22 09:00:02.801197+00:00
[2024-07-22T09:00:08.085+0000] {standard_task_runner.py:60} INFO - Started process 10643 to run task
[2024-07-22T09:00:08.096+0000] {standard_task_runner.py:87} INFO - Running: ['***', 'tasks', 'run', 'dim_customer', 'ingest_data_task', 'manual__2024-07-22T09:00:02.801197+00:00', '--job-id', '232', '--raw', '--subdir', 'DAGS_FOLDER/dim_customer.py', '--cfg-path', '/tmp/tmp1ljiilaw']
[2024-07-22T09:00:08.098+0000] {standard_task_runner.py:88} INFO - Job 232: Subtask ingest_data_task
[2024-07-22T09:00:08.198+0000] {task_command.py:423} INFO - Running <TaskInstance: dim_customer.ingest_data_task manual__2024-07-22T09:00:02.801197+00:00 [running]> on host 087c584822ad
[2024-07-22T09:00:08.335+0000] {taskinstance.py:2480} INFO - Exporting env vars: AIRFLOW_CTX_DAG_OWNER='***' AIRFLOW_CTX_DAG_ID='dim_customer' AIRFLOW_CTX_TASK_ID='ingest_data_task' AIRFLOW_CTX_EXECUTION_DATE='2024-07-22T09:00:02.801197+00:00' AIRFLOW_CTX_TRY_NUMBER='1' AIRFLOW_CTX_DAG_RUN_ID='manual__2024-07-22T09:00:02.801197+00:00'
[2024-07-22T09:00:08.340+0000] {logging_mixin.py:188} INFO - Start data ingestion stage
[2024-07-22T09:00:13.027+0000] {logging_mixin.py:188} INFO - Number records captured: 175
[2024-07-22T09:00:13.033+0000] {logging_mixin.py:188} INFO - 136   2024-06-28 08:04:03
97    2024-06-28 08:04:03
50    2024-06-28 08:04:03
89    2024-06-28 08:04:03
105   2024-06-28 08:04:03
Name: created_at, dtype: datetime64[ns]
[2024-07-22T09:00:13.036+0000] {logging_mixin.py:188} INFO - 84     2024-06-28 08:04:03
123    2024-06-28 08:04:03
119    2024-06-28 08:04:03
19     2024-06-28 08:04:03
95     2024-06-28 08:04:03
Name: created_at, dtype: object
[2024-07-22T09:00:13.037+0000] {logging_mixin.py:188} INFO - Ingest data successfully
[2024-07-22T09:00:13.038+0000] {python.py:201} INFO - Done. Returned value was: None
[2024-07-22T09:00:13.049+0000] {taskinstance.py:1138} INFO - Marking task as SUCCESS. dag_id=dim_customer, task_id=ingest_data_task, execution_date=20240722T090002, start_date=20240722T090008, end_date=20240722T090013
[2024-07-22T09:00:13.089+0000] {local_task_job_runner.py:234} INFO - Task exited with return code 0
[2024-07-22T09:00:13.111+0000] {taskinstance.py:3280} INFO - 0 downstream tasks scheduled from follow-on schedule check
