[2024-07-22T16:46:01.234+0000] {taskinstance.py:1956} INFO - Dependencies all met for dep_context=non-requeueable deps ti=<TaskInstance: fact_order_product_etl_daily.transform_and_load_task manual__2024-07-22T16:45:54.416640+00:00 [queued]>
[2024-07-22T16:46:01.245+0000] {taskinstance.py:1956} INFO - Dependencies all met for dep_context=requeueable deps ti=<TaskInstance: fact_order_product_etl_daily.transform_and_load_task manual__2024-07-22T16:45:54.416640+00:00 [queued]>
[2024-07-22T16:46:01.246+0000] {taskinstance.py:2170} INFO - Starting attempt 1 of 1
[2024-07-22T16:46:01.268+0000] {taskinstance.py:2191} INFO - Executing <Task(_PythonDecoratedOperator): transform_and_load_task> on 2024-07-22 16:45:54.416640+00:00
[2024-07-22T16:46:01.281+0000] {standard_task_runner.py:60} INFO - Started process 1023 to run task
[2024-07-22T16:46:01.286+0000] {standard_task_runner.py:87} INFO - Running: ['***', 'tasks', 'run', 'fact_order_product_etl_daily', 'transform_and_load_task', 'manual__2024-07-22T16:45:54.416640+00:00', '--job-id', '250', '--raw', '--subdir', 'DAGS_FOLDER/fact_order_product.py', '--cfg-path', '/tmp/tmphtsfkw9x']
[2024-07-22T16:46:01.288+0000] {standard_task_runner.py:88} INFO - Job 250: Subtask transform_and_load_task
[2024-07-22T16:46:01.366+0000] {task_command.py:423} INFO - Running <TaskInstance: fact_order_product_etl_daily.transform_and_load_task manual__2024-07-22T16:45:54.416640+00:00 [running]> on host 087c584822ad
[2024-07-22T16:46:01.516+0000] {taskinstance.py:2480} INFO - Exporting env vars: AIRFLOW_CTX_DAG_OWNER='***' AIRFLOW_CTX_DAG_ID='fact_order_product_etl_daily' AIRFLOW_CTX_TASK_ID='transform_and_load_task' AIRFLOW_CTX_EXECUTION_DATE='2024-07-22T16:45:54.416640+00:00' AIRFLOW_CTX_TRY_NUMBER='1' AIRFLOW_CTX_DAG_RUN_ID='manual__2024-07-22T16:45:54.416640+00:00'
[2024-07-22T16:46:01.529+0000] {pipeline.py:197} INFO - Missing pipeline option (runner). Executing pipeline using the default runner: DirectRunner.
[2024-07-22T16:46:03.505+0000] {pipeline_options.py:372} WARNING - Discarding unparseable args: ['celery', 'worker']
[2024-07-22T16:46:03.506+0000] {pipeline_options.py:390} WARNING - Discarding invalid overrides: {'save_main_sesion': True}
[2024-07-22T16:46:03.859+0000] {statecache.py:234} INFO - Creating state cache with size 104857600
[2024-07-22T16:46:24.116+0000] {bigquery_file_loads.py:703} INFO - Load job has 1 files. Job name is beam_bq_job_LOAD_factorderproductbigqueryetl_LOAD_STEP_7030090b710a4d6bacc18f3cf157f8e1_365553b2bb534d4c2ee23362d5c8590c_pane0_partition0.
[2024-07-22T16:46:24.118+0000] {bigquery_file_loads.py:739} INFO - Triggering job beam_bq_job_LOAD_factorderproductbigqueryetl_LOAD_STEP_7030090b710a4d6bacc18f3cf157f8e1_365553b2bb534d4c2ee23362d5c8590c_pane0_partition0 to load data to BigQuery table <TableReference
 datasetId: 'dw_demo'
 projectId: 'liquid-kite-423215-s2'
 tableId: 'fact_order_product'>.Schema: {'fields': [{'name': 'ingested_at', 'type': 'TIMESTAMP', 'mode': 'NULLABLE'}, {'name': 'created_at', 'type': 'TIMESTAMP', 'mode': 'NULLABLE'}, {'name': 'last_updated_at', 'type': 'TIMESTAMP', 'mode': 'NULLABLE'}, {'name': 'order_product_id', 'type': 'INTEGER', 'mode': 'NULLABLE'}, {'name': 'order_id', 'type': 'INTEGER', 'mode': 'NULLABLE'}, {'name': 'product_id', 'type': 'INTEGER', 'mode': 'NULLABLE'}, {'name': 'currency_code', 'type': 'STRING', 'mode': 'NULLABLE'}, {'name': 'order_quantity', 'type': 'INTEGER', 'mode': 'NULLABLE'}, {'name': 'unit_price', 'type': 'NUMERIC', 'mode': 'NULLABLE'}, {'name': 'total_unit_price', 'type': 'NUMERIC', 'mode': 'NULLABLE'}]}. Additional parameters: {}. Source format: NEWLINE_DELIMITED_JSON
[2024-07-22T16:46:25.002+0000] {bigquery_tools.py:579} INFO - Started BigQuery job: <JobReference
 jobId: 'beam_bq_job_LOAD_factorderproductbigqueryetl_LOAD_STEP_7030090b710a4d6bacc18f3cf157f8e1_365553b2bb534d4c2ee23362d5c8590c_pane0_partition0'
 location: 'asia-southeast1'
 projectId: 'liquid-kite-423215-s2'>
 bq show -j --format=prettyjson --project_id=liquid-kite-423215-s2 beam_bq_job_LOAD_factorderproductbigqueryetl_LOAD_STEP_7030090b710a4d6bacc18f3cf157f8e1_365553b2bb534d4c2ee23362d5c8590c_pane0_partition0
[2024-07-22T16:46:25.497+0000] {bigquery_tools.py:652} INFO - Job liquid-kite-423215-s2:asia-southeast1.beam_bq_job_LOAD_factorderproductbigqueryetl_LOAD_STEP_7030090b710a4d6bacc18f3cf157f8e1_365553b2bb534d4c2ee23362d5c8590c_pane0_partition0 status: RUNNING
[2024-07-22T16:46:35.721+0000] {bigquery_tools.py:652} INFO - Job liquid-kite-423215-s2:asia-southeast1.beam_bq_job_LOAD_factorderproductbigqueryetl_LOAD_STEP_7030090b710a4d6bacc18f3cf157f8e1_365553b2bb534d4c2ee23362d5c8590c_pane0_partition0 status: DONE
[2024-07-22T16:46:40.437+0000] {python.py:201} INFO - Done. Returned value was: None
[2024-07-22T16:46:40.464+0000] {taskinstance.py:1138} INFO - Marking task as SUCCESS. dag_id=fact_order_product_etl_daily, task_id=transform_and_load_task, execution_date=20240722T164554, start_date=20240722T164601, end_date=20240722T164640
[2024-07-22T16:46:40.559+0000] {local_task_job_runner.py:234} INFO - Task exited with return code 0
[2024-07-22T16:46:40.604+0000] {taskinstance.py:3280} INFO - 0 downstream tasks scheduled from follow-on schedule check
