[2024-07-23T09:33:56.229+0000] {taskinstance.py:1956} INFO - Dependencies all met for dep_context=non-requeueable deps ti=<TaskInstance: dim_customer_etl_daily.transform_and_load_task manual__2024-07-23T09:33:36.282071+00:00 [queued]>
[2024-07-23T09:33:56.247+0000] {taskinstance.py:1956} INFO - Dependencies all met for dep_context=requeueable deps ti=<TaskInstance: dim_customer_etl_daily.transform_and_load_task manual__2024-07-23T09:33:36.282071+00:00 [queued]>
[2024-07-23T09:33:56.247+0000] {taskinstance.py:2170} INFO - Starting attempt 1 of 1
[2024-07-23T09:33:56.269+0000] {taskinstance.py:2191} INFO - Executing <Task(_PythonDecoratedOperator): transform_and_load_task> on 2024-07-23 09:33:36.282071+00:00
[2024-07-23T09:33:56.282+0000] {standard_task_runner.py:60} INFO - Started process 9128 to run task
[2024-07-23T09:33:56.287+0000] {standard_task_runner.py:87} INFO - Running: ['***', 'tasks', 'run', 'dim_customer_etl_daily', 'transform_and_load_task', 'manual__2024-07-23T09:33:36.282071+00:00', '--job-id', '306', '--raw', '--subdir', 'DAGS_FOLDER/dim_customer.py', '--cfg-path', '/tmp/tmp4nq1j5a_']
[2024-07-23T09:33:56.289+0000] {standard_task_runner.py:88} INFO - Job 306: Subtask transform_and_load_task
[2024-07-23T09:33:56.383+0000] {task_command.py:423} INFO - Running <TaskInstance: dim_customer_etl_daily.transform_and_load_task manual__2024-07-23T09:33:36.282071+00:00 [running]> on host 087c584822ad
[2024-07-23T09:33:56.497+0000] {taskinstance.py:2480} INFO - Exporting env vars: AIRFLOW_CTX_DAG_OWNER='***' AIRFLOW_CTX_DAG_ID='dim_customer_etl_daily' AIRFLOW_CTX_TASK_ID='transform_and_load_task' AIRFLOW_CTX_EXECUTION_DATE='2024-07-23T09:33:36.282071+00:00' AIRFLOW_CTX_TRY_NUMBER='1' AIRFLOW_CTX_DAG_RUN_ID='manual__2024-07-23T09:33:36.282071+00:00'
[2024-07-23T09:33:56.500+0000] {logging_mixin.py:188} INFO - Start data transformation and load stage
[2024-07-23T09:33:57.959+0000] {pipeline_options.py:923} WARNING - Bucket specified in temp_location has soft-delete policy enabled. To avoid being billed for unnecessary storage costs, turn off the soft delete feature on buckets that your Dataflow jobs use for temporary and staging storage. For more information, see https://cloud.google.com/storage/docs/use-soft-delete#remove-soft-delete-policy.
[2024-07-23T09:33:58.356+0000] {pipeline_options.py:923} WARNING - Bucket specified in staging_location has soft-delete policy enabled. To avoid being billed for unnecessary storage costs, turn off the soft delete feature on buckets that your Dataflow jobs use for temporary and staging storage. For more information, see https://cloud.google.com/storage/docs/use-soft-delete#remove-soft-delete-policy.
[2024-07-23T09:34:00.631+0000] {pipeline_options.py:923} WARNING - Bucket specified in temp_location has soft-delete policy enabled. To avoid being billed for unnecessary storage costs, turn off the soft delete feature on buckets that your Dataflow jobs use for temporary and staging storage. For more information, see https://cloud.google.com/storage/docs/use-soft-delete#remove-soft-delete-policy.
[2024-07-23T09:34:00.887+0000] {pipeline_options.py:923} WARNING - Bucket specified in staging_location has soft-delete policy enabled. To avoid being billed for unnecessary storage costs, turn off the soft delete feature on buckets that your Dataflow jobs use for temporary and staging storage. For more information, see https://cloud.google.com/storage/docs/use-soft-delete#remove-soft-delete-policy.
[2024-07-23T09:34:01.359+0000] {stager.py:800} INFO - Executing command: ['/usr/local/bin/python', '-m', 'build', '--no-isolation', '--sdist', '--outdir', '/tmp/tmpybq45dzo', '/opt/***/plugins']
[2024-07-23T09:34:01.409+0000] {stager.py:810} INFO - Executing command: ['/usr/local/bin/python', 'setup.py', 'sdist', '--dist-dir', '/tmp/tmpybq45dzo']
[2024-07-23T09:34:03.876+0000] {dataflow_runner.py:397} INFO - Pipeline has additional dependencies to be installed in SDK worker container, consider using the SDK container image pre-building workflow to avoid repetitive installations. Learn more on https://cloud.google.com/dataflow/docs/guides/using-custom-containers#prebuild
[2024-07-23T09:34:03.879+0000] {environments.py:314} INFO - Using provided Python SDK container image: gcr.io/cloud-dataflow/v1beta3/beam_python3.8_sdk:2.57.0
[2024-07-23T09:34:03.880+0000] {environments.py:321} INFO - Python SDK container image set to "gcr.io/cloud-dataflow/v1beta3/beam_python3.8_sdk:2.57.0" for Docker environment
[2024-07-23T09:34:04.389+0000] {apiclient.py:663} INFO - Starting GCS upload to gs://ingestion_layer/staging/dim-customer-bigquery-etl.1721727244.382082/workflow.tar.gz...
[2024-07-23T09:34:05.455+0000] {apiclient.py:673} INFO - Completed GCS upload to gs://ingestion_layer/staging/dim-customer-bigquery-etl.1721727244.382082/workflow.tar.gz in 1 seconds.
[2024-07-23T09:34:05.457+0000] {apiclient.py:663} INFO - Starting GCS upload to gs://ingestion_layer/staging/dim-customer-bigquery-etl.1721727244.382082/submission_environment_dependencies.txt...
[2024-07-23T09:34:06.441+0000] {apiclient.py:673} INFO - Completed GCS upload to gs://ingestion_layer/staging/dim-customer-bigquery-etl.1721727244.382082/submission_environment_dependencies.txt in 0 seconds.
[2024-07-23T09:34:06.444+0000] {apiclient.py:663} INFO - Starting GCS upload to gs://ingestion_layer/staging/dim-customer-bigquery-etl.1721727244.382082/pipeline.pb...
[2024-07-23T09:34:07.562+0000] {apiclient.py:673} INFO - Completed GCS upload to gs://ingestion_layer/staging/dim-customer-bigquery-etl.1721727244.382082/pipeline.pb in 1 seconds.
[2024-07-23T09:34:07.571+0000] {pipeline_options.py:339} WARNING - Unknown pipeline options received: celery,worker. Ignore if flags are used for internal purposes.
[2024-07-23T09:34:07.577+0000] {pipeline_options.py:339} WARNING - Unknown pipeline options received: celery,worker. Ignore if flags are used for internal purposes.
[2024-07-23T09:34:09.269+0000] {apiclient.py:844} INFO - Create job: <Job
 clientRequestId: '20240723093404383007-3150'
 createTime: '2024-07-23T09:34:11.689130Z'
 currentStateTime: '1970-01-01T00:00:00Z'
 id: '2024-07-23_02_34_10-14187261199048398022'
 location: 'asia-southeast2'
 name: 'dim-customer-bigquery-etl'
 projectId: 'liquid-kite-423215-s2'
 stageStates: []
 startTime: '2024-07-23T09:34:11.689130Z'
 steps: []
 tempFiles: []
 type: TypeValueValuesEnum(JOB_TYPE_BATCH, 1)>
[2024-07-23T09:34:09.270+0000] {apiclient.py:846} INFO - Created job with id: [2024-07-23_02_34_10-14187261199048398022]
[2024-07-23T09:34:09.271+0000] {apiclient.py:847} INFO - Submitted job: 2024-07-23_02_34_10-14187261199048398022
[2024-07-23T09:34:09.272+0000] {apiclient.py:848} INFO - To access the Dataflow monitoring console, please navigate to https://console.cloud.google.com/dataflow/jobs/asia-southeast2/2024-07-23_02_34_10-14187261199048398022?project=liquid-kite-423215-s2
[2024-07-23T09:34:09.776+0000] {dataflow_runner.py:153} INFO - Job 2024-07-23_02_34_10-14187261199048398022 is in state JOB_STATE_PENDING
[2024-07-23T09:34:14.988+0000] {dataflow_runner.py:203} INFO - 2024-07-23T09:34:15.340Z: JOB_MESSAGE_BASIC: Worker configuration: n1-standard-1 in asia-southeast2-c.
[2024-07-23T09:34:20.365+0000] {dataflow_runner.py:203} INFO - 2024-07-23T09:34:18.138Z: JOB_MESSAGE_BASIC: Executing operation WriteToBigQuery/WriteToBigQuery/BigQueryBatchFileLoads/ImpulseEmptyPC/Impulse+WriteToBigQuery/WriteToBigQuery/BigQueryBatchFileLoads/ImpulseEmptyPC/FlatMap(<lambda at core.py:3788>)+WriteToBigQuery/WriteToBigQuery/BigQueryBatchFileLoads/ImpulseEmptyPC/Map(decode)
[2024-07-23T09:34:20.365+0000] {dataflow_runner.py:203} INFO - 2024-07-23T09:34:18.149Z: JOB_MESSAGE_BASIC: Executing operation Start/Impulse+Start/FlatMap(<lambda at core.py:3788>)+Start/Map(decode)
[2024-07-23T09:34:20.366+0000] {dataflow_runner.py:203} INFO - 2024-07-23T09:34:18.161Z: JOB_MESSAGE_BASIC: Executing operation WriteToBigQuery/WriteToBigQuery/BigQueryBatchFileLoads/ImpulseSingleElementPC/Impulse+WriteToBigQuery/WriteToBigQuery/BigQueryBatchFileLoads/ImpulseSingleElementPC/FlatMap(<lambda at core.py:3788>)+WriteToBigQuery/WriteToBigQuery/BigQueryBatchFileLoads/ImpulseSingleElementPC/Map(decode)+WriteToBigQuery/WriteToBigQuery/BigQueryBatchFileLoads/CopyJobNamePrefix+WriteToBigQuery/WriteToBigQuery/BigQueryBatchFileLoads/GenerateFilePrefix+WriteToBigQuery/WriteToBigQuery/BigQueryBatchFileLoads/LoadJobNamePrefix+WriteToBigQuery/WriteToBigQuery/BigQueryBatchFileLoads/SchemaModJobNamePrefix
[2024-07-23T09:34:20.367+0000] {dataflow_runner.py:203} INFO - 2024-07-23T09:34:18.173Z: JOB_MESSAGE_BASIC: Executing operation WriteLog/WriteLogGCS/Write/WriteImpl/DoOnce/Impulse+WriteLog/WriteLogGCS/Write/WriteImpl/DoOnce/FlatMap(<lambda at core.py:3788>)+WriteLog/WriteLogGCS/Write/WriteImpl/DoOnce/Map(decode)+WriteLog/WriteLogGCS/Write/WriteImpl/InitializeWrite
[2024-07-23T09:34:20.367+0000] {dataflow_runner.py:203} INFO - 2024-07-23T09:34:18.180Z: JOB_MESSAGE_BASIC: Starting 1 workers in asia-southeast2...
[2024-07-23T09:34:20.367+0000] {dataflow_runner.py:203} INFO - 2024-07-23T09:34:18.184Z: JOB_MESSAGE_BASIC: Executing operation ReadAvro/ReadAvro/Read/Impulse+ReadAvro/ReadAvro/Read/EmitSource+ref_AppliedPTransform_ReadAvro-ReadAvro-Read-SDFBoundedSourceReader-ParDo-SDFBoundedSourceDoFn-_13/PairWithRestriction+ref_AppliedPTransform_ReadAvro-ReadAvro-Read-SDFBoundedSourceReader-ParDo-SDFBoundedSourceDoFn-_13/SplitWithSizing
[2024-07-23T09:34:20.522+0000] {dataflow_runner.py:153} INFO - Job 2024-07-23_02_34_10-14187261199048398022 is in state JOB_STATE_RUNNING
[2024-07-23T09:36:40.664+0000] {dataflow_runner.py:203} INFO - 2024-07-23T09:36:42.130Z: JOB_MESSAGE_BASIC: Cancel request is committed for workflow job: 2024-07-23_02_34_10-14187261199048398022.
[2024-07-23T09:36:40.665+0000] {dataflow_runner.py:203} INFO - 2024-07-23T09:36:42.149Z: JOB_MESSAGE_BASIC: Finished operation WriteToBigQuery/WriteToBigQuery/BigQueryBatchFileLoads/ImpulseEmptyPC/Impulse+WriteToBigQuery/WriteToBigQuery/BigQueryBatchFileLoads/ImpulseEmptyPC/FlatMap(<lambda at core.py:3788>)+WriteToBigQuery/WriteToBigQuery/BigQueryBatchFileLoads/ImpulseEmptyPC/Map(decode)
[2024-07-23T09:36:40.665+0000] {dataflow_runner.py:203} INFO - 2024-07-23T09:36:42.149Z: JOB_MESSAGE_BASIC: Finished operation Start/Impulse+Start/FlatMap(<lambda at core.py:3788>)+Start/Map(decode)
[2024-07-23T09:36:40.665+0000] {dataflow_runner.py:205} WARNING - 2024-07-23T09:36:42.293Z: JOB_MESSAGE_WARNING: Unable to delete temp files: "gs://ingestion_layer/tmp/dim-customer-bigquery-etl.1721727244.382082/dax-tmp-2024-07-23_02_34_10-14187261199048398022-S28-0-8aacc82469584625/tmp-8aacc8246958456a@DAX.recordio."
[2024-07-23T09:36:40.666+0000] {dataflow_runner.py:205} WARNING - 2024-07-23T09:36:42.343Z: JOB_MESSAGE_WARNING: Unable to delete temp files: "gs://ingestion_layer/tmp/dim-customer-bigquery-etl.1721727244.382082/dax-tmp-2024-07-23_02_34_10-14187261199048398022-S08-0-d05e7c984bc2b193/tmp-d05e7c984bc2bd5e@DAX.sdfmeta."
[2024-07-23T09:36:40.666+0000] {dataflow_runner.py:205} WARNING - 2024-07-23T09:36:42.363Z: JOB_MESSAGE_WARNING: S08:ReadAvro/ReadAvro/Read/Impulse+ReadAvro/ReadAvro/Read/EmitSource+ref_AppliedPTransform_ReadAvro-ReadAvro-Read-SDFBoundedSourceReader-ParDo-SDFBoundedSourceDoFn-_13/PairWithRestriction+ref_AppliedPTransform_ReadAvro-ReadAvro-Read-SDFBoundedSourceReader-ParDo-SDFBoundedSourceDoFn-_13/SplitWithSizing failed.
[2024-07-23T09:36:40.667+0000] {dataflow_runner.py:205} WARNING - 2024-07-23T09:36:42.366Z: JOB_MESSAGE_WARNING: Unable to delete temp files: "gs://ingestion_layer/tmp/dim-customer-bigquery-etl.1721727244.382082/dax-tmp-2024-07-23_02_34_10-14187261199048398022-S01-3-36e46ea54bf8c905/tmp-36e46ea54bf8c9e2@DAX.recordio."
[2024-07-23T09:36:40.667+0000] {dataflow_runner.py:203} INFO - 2024-07-23T09:36:42.378Z: JOB_MESSAGE_BASIC: Finished operation ReadAvro/ReadAvro/Read/Impulse+ReadAvro/ReadAvro/Read/EmitSource+ref_AppliedPTransform_ReadAvro-ReadAvro-Read-SDFBoundedSourceReader-ParDo-SDFBoundedSourceDoFn-_13/PairWithRestriction+ref_AppliedPTransform_ReadAvro-ReadAvro-Read-SDFBoundedSourceReader-ParDo-SDFBoundedSourceDoFn-_13/SplitWithSizing
[2024-07-23T09:36:40.668+0000] {dataflow_runner.py:205} WARNING - 2024-07-23T09:36:42.392Z: JOB_MESSAGE_WARNING: Unable to delete temp files: "gs://ingestion_layer/tmp/dim-customer-bigquery-etl.1721727244.382082/dax-tmp-2024-07-23_02_34_10-14187261199048398022-S01-1-f899e60d1d0c674f/tmp-f899e60d1d0c60be@DAX.recordio."
[2024-07-23T09:36:40.669+0000] {dataflow_runner.py:205} WARNING - 2024-07-23T09:36:42.397Z: JOB_MESSAGE_WARNING: Unable to delete temp files: "gs://ingestion_layer/tmp/dim-customer-bigquery-etl.1721727244.382082/dax-tmp-2024-07-23_02_34_10-14187261199048398022-S01-2-a0d84fa569f6e1c4/tmp-a0d84fa569f6e8d9@DAX.recordio."
[2024-07-23T09:36:40.669+0000] {dataflow_runner.py:205} WARNING - 2024-07-23T09:36:42.404Z: JOB_MESSAGE_WARNING: Unable to delete temp files: "gs://ingestion_layer/tmp/dim-customer-bigquery-etl.1721727244.382082/dax-tmp-2024-07-23_02_34_10-14187261199048398022-S01-0-b5d76b382267ab5e/tmp-b5d76b382267ade7@DAX.recordio."
[2024-07-23T09:36:40.670+0000] {dataflow_runner.py:205} WARNING - 2024-07-23T09:36:42.416Z: JOB_MESSAGE_WARNING: S01:WriteToBigQuery/WriteToBigQuery/BigQueryBatchFileLoads/ImpulseSingleElementPC/Impulse+WriteToBigQuery/WriteToBigQuery/BigQueryBatchFileLoads/ImpulseSingleElementPC/FlatMap(<lambda at core.py:3788>)+WriteToBigQuery/WriteToBigQuery/BigQueryBatchFileLoads/ImpulseSingleElementPC/Map(decode)+WriteToBigQuery/WriteToBigQuery/BigQueryBatchFileLoads/CopyJobNamePrefix+WriteToBigQuery/WriteToBigQuery/BigQueryBatchFileLoads/GenerateFilePrefix+WriteToBigQuery/WriteToBigQuery/BigQueryBatchFileLoads/LoadJobNamePrefix+WriteToBigQuery/WriteToBigQuery/BigQueryBatchFileLoads/SchemaModJobNamePrefix failed.
[2024-07-23T09:36:40.670+0000] {dataflow_runner.py:203} INFO - 2024-07-23T09:36:42.430Z: JOB_MESSAGE_BASIC: Finished operation WriteToBigQuery/WriteToBigQuery/BigQueryBatchFileLoads/ImpulseSingleElementPC/Impulse+WriteToBigQuery/WriteToBigQuery/BigQueryBatchFileLoads/ImpulseSingleElementPC/FlatMap(<lambda at core.py:3788>)+WriteToBigQuery/WriteToBigQuery/BigQueryBatchFileLoads/ImpulseSingleElementPC/Map(decode)+WriteToBigQuery/WriteToBigQuery/BigQueryBatchFileLoads/CopyJobNamePrefix+WriteToBigQuery/WriteToBigQuery/BigQueryBatchFileLoads/GenerateFilePrefix+WriteToBigQuery/WriteToBigQuery/BigQueryBatchFileLoads/LoadJobNamePrefix+WriteToBigQuery/WriteToBigQuery/BigQueryBatchFileLoads/SchemaModJobNamePrefix
[2024-07-23T09:36:40.671+0000] {dataflow_runner.py:205} WARNING - 2024-07-23T09:36:42.434Z: JOB_MESSAGE_WARNING: Unable to delete temp files: "gs://ingestion_layer/tmp/dim-customer-bigquery-etl.1721727244.382082/dax-tmp-2024-07-23_02_34_10-14187261199048398022-S28-1-cbcf8983ea15630/tmp-cbcf8983ea150ef@DAX.recordio."
[2024-07-23T09:36:40.671+0000] {dataflow_runner.py:205} WARNING - 2024-07-23T09:36:42.445Z: JOB_MESSAGE_WARNING: S28:WriteLog/WriteLogGCS/Write/WriteImpl/DoOnce/Impulse+WriteLog/WriteLogGCS/Write/WriteImpl/DoOnce/FlatMap(<lambda at core.py:3788>)+WriteLog/WriteLogGCS/Write/WriteImpl/DoOnce/Map(decode)+WriteLog/WriteLogGCS/Write/WriteImpl/InitializeWrite failed.
[2024-07-23T09:36:40.671+0000] {dataflow_runner.py:203} INFO - 2024-07-23T09:36:42.458Z: JOB_MESSAGE_BASIC: Finished operation WriteLog/WriteLogGCS/Write/WriteImpl/DoOnce/Impulse+WriteLog/WriteLogGCS/Write/WriteImpl/DoOnce/FlatMap(<lambda at core.py:3788>)+WriteLog/WriteLogGCS/Write/WriteImpl/DoOnce/Map(decode)+WriteLog/WriteLogGCS/Write/WriteImpl/InitializeWrite
[2024-07-23T09:36:40.672+0000] {dataflow_runner.py:203} INFO - 2024-07-23T09:36:42.527Z: JOB_MESSAGE_BASIC: Stopping worker pool...
[2024-07-23T09:36:40.826+0000] {dataflow_runner.py:153} INFO - Job 2024-07-23_02_34_10-14187261199048398022 is in state JOB_STATE_CANCELLING
[2024-07-23T09:37:25.686+0000] {dataflow_runner.py:203} INFO - 2024-07-23T09:37:27.688Z: JOB_MESSAGE_BASIC: Worker pool stopped.
[2024-07-23T09:37:54.470+0000] {taskinstance.py:2698} ERROR - Task failed with exception
Traceback (most recent call last):
  File "/home/airflow/.local/lib/python3.8/site-packages/airflow/models/taskinstance.py", line 433, in _execute_task
    result = execute_callable(context=context, **execute_callable_kwargs)
  File "/home/airflow/.local/lib/python3.8/site-packages/airflow/decorators/base.py", line 241, in execute
    return_value = super().execute(context)
  File "/home/airflow/.local/lib/python3.8/site-packages/airflow/operators/python.py", line 199, in execute
    return_value = self.execute_callable()
  File "/home/airflow/.local/lib/python3.8/site-packages/airflow/operators/python.py", line 216, in execute_callable
    return self.python_callable(*self.op_args, **self.op_kwargs)
  File "/opt/airflow/dags/dim_customer.py", line 87, in transform_and_load_task
    get_max_last_updated_value = (
  File "/home/airflow/.local/lib/python3.8/site-packages/apache_beam/pipeline.py", line 614, in __exit__
    self.result.wait_until_finish()
  File "/home/airflow/.local/lib/python3.8/site-packages/apache_beam/runners/dataflow/dataflow_runner.py", line 799, in wait_until_finish
    assert duration or terminated, (
AssertionError: Job did not reach to a terminal state after waiting indefinitely. Console URL: https://console.cloud.google.com/dataflow/jobs/<RegionId>/2024-07-23_02_34_10-14187261199048398022?project=<ProjectId>
[2024-07-23T09:37:54.499+0000] {taskinstance.py:1138} INFO - Marking task as FAILED. dag_id=dim_customer_etl_daily, task_id=transform_and_load_task, execution_date=20240723T093336, start_date=20240723T093356, end_date=20240723T093754
[2024-07-23T09:37:54.535+0000] {standard_task_runner.py:107} ERROR - Failed to execute job 306 for task transform_and_load_task (Job did not reach to a terminal state after waiting indefinitely. Console URL: https://console.cloud.google.com/dataflow/jobs/<RegionId>/2024-07-23_02_34_10-14187261199048398022?project=<ProjectId>; 9128)
[2024-07-23T09:37:54.576+0000] {local_task_job_runner.py:234} INFO - Task exited with return code 1
[2024-07-23T09:37:54.599+0000] {taskinstance.py:3280} INFO - 0 downstream tasks scheduled from follow-on schedule check
