[2024-07-22T08:21:10.299+0000] {taskinstance.py:1956} INFO - Dependencies all met for dep_context=non-requeueable deps ti=<TaskInstance: fact_order.ingest_data_task manual__2024-07-22T08:21:02.057389+00:00 [queued]>
[2024-07-22T08:21:10.312+0000] {taskinstance.py:1956} INFO - Dependencies all met for dep_context=requeueable deps ti=<TaskInstance: fact_order.ingest_data_task manual__2024-07-22T08:21:02.057389+00:00 [queued]>
[2024-07-22T08:21:10.313+0000] {taskinstance.py:2170} INFO - Starting attempt 1 of 1
[2024-07-22T08:21:10.334+0000] {taskinstance.py:2191} INFO - Executing <Task(_PythonDecoratedOperator): ingest_data_task> on 2024-07-22 08:21:02.057389+00:00
[2024-07-22T08:21:10.346+0000] {standard_task_runner.py:60} INFO - Started process 10013 to run task
[2024-07-22T08:21:10.352+0000] {standard_task_runner.py:87} INFO - Running: ['***', 'tasks', 'run', 'fact_order', 'ingest_data_task', 'manual__2024-07-22T08:21:02.057389+00:00', '--job-id', '222', '--raw', '--subdir', 'DAGS_FOLDER/fact_order.py', '--cfg-path', '/tmp/tmph058w7ig']
[2024-07-22T08:21:10.354+0000] {standard_task_runner.py:88} INFO - Job 222: Subtask ingest_data_task
[2024-07-22T08:21:10.440+0000] {task_command.py:423} INFO - Running <TaskInstance: fact_order.ingest_data_task manual__2024-07-22T08:21:02.057389+00:00 [running]> on host 087c584822ad
[2024-07-22T08:21:10.577+0000] {taskinstance.py:2480} INFO - Exporting env vars: AIRFLOW_CTX_DAG_OWNER='***' AIRFLOW_CTX_DAG_ID='fact_order' AIRFLOW_CTX_TASK_ID='ingest_data_task' AIRFLOW_CTX_EXECUTION_DATE='2024-07-22T08:21:02.057389+00:00' AIRFLOW_CTX_TRY_NUMBER='1' AIRFLOW_CTX_DAG_RUN_ID='manual__2024-07-22T08:21:02.057389+00:00'
[2024-07-22T08:21:10.580+0000] {logging_mixin.py:188} INFO - Start data ingestion stage
[2024-07-22T08:21:15.929+0000] {logging_mixin.py:188} INFO - Number records captured: 8002
[2024-07-22T08:21:16.005+0000] {logging_mixin.py:188} INFO - 3007    2024-06-28 08:04:03.000000
2946    2024-06-28 08:04:03.000000
3468    2024-06-28 08:04:03.000000
7534    2024-06-28 08:04:03.000000
2170    2024-06-28 08:04:03.000000
Name: created_at, dtype: object
[2024-07-22T08:21:16.009+0000] {logging_mixin.py:188} INFO - Ingest data successfully
[2024-07-22T08:21:16.011+0000] {python.py:201} INFO - Done. Returned value was: None
[2024-07-22T08:21:16.032+0000] {taskinstance.py:1138} INFO - Marking task as SUCCESS. dag_id=fact_order, task_id=ingest_data_task, execution_date=20240722T082102, start_date=20240722T082110, end_date=20240722T082116
[2024-07-22T08:21:16.130+0000] {local_task_job_runner.py:234} INFO - Task exited with return code 0
[2024-07-22T08:21:16.174+0000] {taskinstance.py:3280} INFO - 0 downstream tasks scheduled from follow-on schedule check
