[2024-07-14T14:58:51.833+0000] {processor.py:161} INFO - Started process (PID=4948) to work on /opt/airflow/dags/process_employees.py
[2024-07-14T14:58:51.834+0000] {processor.py:830} INFO - Processing file /opt/airflow/dags/process_employees.py for tasks to queue
[2024-07-14T14:58:51.835+0000] {logging_mixin.py:188} INFO - [2024-07-14T14:58:51.835+0000] {dagbag.py:538} INFO - Filling up the DagBag from /opt/airflow/dags/process_employees.py
[2024-07-14T14:58:51.859+0000] {processor.py:840} INFO - DAG(s) 'process_employees' retrieved from /opt/airflow/dags/process_employees.py
[2024-07-14T14:58:51.962+0000] {logging_mixin.py:188} INFO - [2024-07-14T14:58:51.961+0000] {dag.py:3036} INFO - Sync 1 DAGs
[2024-07-14T14:58:51.982+0000] {logging_mixin.py:188} INFO - [2024-07-14T14:58:51.982+0000] {dag.py:3823} INFO - Setting next_dagrun for process_employees to 2024-07-13 00:00:00+00:00, run_after=2024-07-14 00:00:00+00:00
[2024-07-14T14:58:52.010+0000] {processor.py:183} INFO - Processing /opt/airflow/dags/process_employees.py took 0.181 seconds
[2024-07-14T14:59:22.799+0000] {processor.py:161} INFO - Started process (PID=5004) to work on /opt/airflow/dags/process_employees.py
[2024-07-14T14:59:22.801+0000] {processor.py:830} INFO - Processing file /opt/airflow/dags/process_employees.py for tasks to queue
[2024-07-14T14:59:22.803+0000] {logging_mixin.py:188} INFO - [2024-07-14T14:59:22.802+0000] {dagbag.py:538} INFO - Filling up the DagBag from /opt/airflow/dags/process_employees.py
[2024-07-14T14:59:22.823+0000] {processor.py:840} INFO - DAG(s) 'process_employees' retrieved from /opt/airflow/dags/process_employees.py
[2024-07-14T14:59:22.842+0000] {logging_mixin.py:188} INFO - [2024-07-14T14:59:22.842+0000] {dag.py:3036} INFO - Sync 1 DAGs
[2024-07-14T14:59:22.871+0000] {logging_mixin.py:188} INFO - [2024-07-14T14:59:22.871+0000] {dag.py:3823} INFO - Setting next_dagrun for process_employees to 2024-07-13 00:00:00+00:00, run_after=2024-07-14 00:00:00+00:00
[2024-07-14T14:59:22.890+0000] {processor.py:183} INFO - Processing /opt/airflow/dags/process_employees.py took 0.095 seconds
[2024-07-14T14:59:53.073+0000] {processor.py:161} INFO - Started process (PID=5060) to work on /opt/airflow/dags/process_employees.py
[2024-07-14T14:59:53.074+0000] {processor.py:830} INFO - Processing file /opt/airflow/dags/process_employees.py for tasks to queue
[2024-07-14T14:59:53.075+0000] {logging_mixin.py:188} INFO - [2024-07-14T14:59:53.075+0000] {dagbag.py:538} INFO - Filling up the DagBag from /opt/airflow/dags/process_employees.py
[2024-07-14T14:59:53.092+0000] {processor.py:840} INFO - DAG(s) 'process_employees' retrieved from /opt/airflow/dags/process_employees.py
[2024-07-14T14:59:53.112+0000] {logging_mixin.py:188} INFO - [2024-07-14T14:59:53.112+0000] {dag.py:3036} INFO - Sync 1 DAGs
[2024-07-14T14:59:53.135+0000] {logging_mixin.py:188} INFO - [2024-07-14T14:59:53.135+0000] {dag.py:3823} INFO - Setting next_dagrun for process_employees to 2024-07-13 00:00:00+00:00, run_after=2024-07-14 00:00:00+00:00
[2024-07-14T14:59:53.156+0000] {processor.py:183} INFO - Processing /opt/airflow/dags/process_employees.py took 0.087 seconds
[2024-07-14T15:00:23.863+0000] {processor.py:161} INFO - Started process (PID=5116) to work on /opt/airflow/dags/process_employees.py
[2024-07-14T15:00:23.865+0000] {processor.py:830} INFO - Processing file /opt/airflow/dags/process_employees.py for tasks to queue
[2024-07-14T15:00:23.866+0000] {logging_mixin.py:188} INFO - [2024-07-14T15:00:23.865+0000] {dagbag.py:538} INFO - Filling up the DagBag from /opt/airflow/dags/process_employees.py
[2024-07-14T15:00:23.885+0000] {processor.py:840} INFO - DAG(s) 'process_employees' retrieved from /opt/airflow/dags/process_employees.py
[2024-07-14T15:00:23.905+0000] {logging_mixin.py:188} INFO - [2024-07-14T15:00:23.904+0000] {dag.py:3036} INFO - Sync 1 DAGs
[2024-07-14T15:00:23.928+0000] {logging_mixin.py:188} INFO - [2024-07-14T15:00:23.928+0000] {dag.py:3823} INFO - Setting next_dagrun for process_employees to 2024-07-13 00:00:00+00:00, run_after=2024-07-14 00:00:00+00:00
[2024-07-14T15:00:23.947+0000] {processor.py:183} INFO - Processing /opt/airflow/dags/process_employees.py took 0.087 seconds
[2024-07-14T15:00:54.657+0000] {processor.py:161} INFO - Started process (PID=5172) to work on /opt/airflow/dags/process_employees.py
[2024-07-14T15:00:54.658+0000] {processor.py:830} INFO - Processing file /opt/airflow/dags/process_employees.py for tasks to queue
[2024-07-14T15:00:54.660+0000] {logging_mixin.py:188} INFO - [2024-07-14T15:00:54.660+0000] {dagbag.py:538} INFO - Filling up the DagBag from /opt/airflow/dags/process_employees.py
[2024-07-14T15:00:54.686+0000] {processor.py:840} INFO - DAG(s) 'process_employees' retrieved from /opt/airflow/dags/process_employees.py
[2024-07-14T15:00:54.705+0000] {logging_mixin.py:188} INFO - [2024-07-14T15:00:54.704+0000] {dag.py:3036} INFO - Sync 1 DAGs
[2024-07-14T15:00:54.728+0000] {logging_mixin.py:188} INFO - [2024-07-14T15:00:54.728+0000] {dag.py:3823} INFO - Setting next_dagrun for process_employees to 2024-07-13 00:00:00+00:00, run_after=2024-07-14 00:00:00+00:00
[2024-07-14T15:00:54.746+0000] {processor.py:183} INFO - Processing /opt/airflow/dags/process_employees.py took 0.092 seconds
[2024-07-14T15:01:24.838+0000] {processor.py:161} INFO - Started process (PID=5228) to work on /opt/airflow/dags/process_employees.py
[2024-07-14T15:01:24.840+0000] {processor.py:830} INFO - Processing file /opt/airflow/dags/process_employees.py for tasks to queue
[2024-07-14T15:01:24.841+0000] {logging_mixin.py:188} INFO - [2024-07-14T15:01:24.840+0000] {dagbag.py:538} INFO - Filling up the DagBag from /opt/airflow/dags/process_employees.py
[2024-07-14T15:01:24.860+0000] {processor.py:840} INFO - DAG(s) 'process_employees' retrieved from /opt/airflow/dags/process_employees.py
[2024-07-14T15:01:24.878+0000] {logging_mixin.py:188} INFO - [2024-07-14T15:01:24.878+0000] {dag.py:3036} INFO - Sync 1 DAGs
[2024-07-14T15:01:24.900+0000] {logging_mixin.py:188} INFO - [2024-07-14T15:01:24.900+0000] {dag.py:3823} INFO - Setting next_dagrun for process_employees to 2024-07-13 00:00:00+00:00, run_after=2024-07-14 00:00:00+00:00
[2024-07-14T15:01:24.918+0000] {processor.py:183} INFO - Processing /opt/airflow/dags/process_employees.py took 0.083 seconds
[2024-07-14T15:01:55.487+0000] {processor.py:161} INFO - Started process (PID=5284) to work on /opt/airflow/dags/process_employees.py
[2024-07-14T15:01:55.489+0000] {processor.py:830} INFO - Processing file /opt/airflow/dags/process_employees.py for tasks to queue
[2024-07-14T15:01:55.491+0000] {logging_mixin.py:188} INFO - [2024-07-14T15:01:55.490+0000] {dagbag.py:538} INFO - Filling up the DagBag from /opt/airflow/dags/process_employees.py
[2024-07-14T15:01:55.511+0000] {processor.py:840} INFO - DAG(s) 'process_employees' retrieved from /opt/airflow/dags/process_employees.py
[2024-07-14T15:01:55.533+0000] {logging_mixin.py:188} INFO - [2024-07-14T15:01:55.532+0000] {dag.py:3036} INFO - Sync 1 DAGs
[2024-07-14T15:01:55.558+0000] {logging_mixin.py:188} INFO - [2024-07-14T15:01:55.557+0000] {dag.py:3823} INFO - Setting next_dagrun for process_employees to 2024-07-13 00:00:00+00:00, run_after=2024-07-14 00:00:00+00:00
[2024-07-14T15:01:55.578+0000] {processor.py:183} INFO - Processing /opt/airflow/dags/process_employees.py took 0.095 seconds
[2024-07-14T15:02:26.181+0000] {processor.py:161} INFO - Started process (PID=5340) to work on /opt/airflow/dags/process_employees.py
[2024-07-14T15:02:26.182+0000] {processor.py:830} INFO - Processing file /opt/airflow/dags/process_employees.py for tasks to queue
[2024-07-14T15:02:26.184+0000] {logging_mixin.py:188} INFO - [2024-07-14T15:02:26.183+0000] {dagbag.py:538} INFO - Filling up the DagBag from /opt/airflow/dags/process_employees.py
[2024-07-14T15:02:26.207+0000] {processor.py:840} INFO - DAG(s) 'process_employees' retrieved from /opt/airflow/dags/process_employees.py
[2024-07-14T15:02:26.231+0000] {logging_mixin.py:188} INFO - [2024-07-14T15:02:26.230+0000] {dag.py:3036} INFO - Sync 1 DAGs
[2024-07-14T15:02:26.257+0000] {logging_mixin.py:188} INFO - [2024-07-14T15:02:26.257+0000] {dag.py:3823} INFO - Setting next_dagrun for process_employees to 2024-07-13 00:00:00+00:00, run_after=2024-07-14 00:00:00+00:00
[2024-07-14T15:02:26.283+0000] {processor.py:183} INFO - Processing /opt/airflow/dags/process_employees.py took 0.105 seconds
[2024-07-14T15:02:56.758+0000] {processor.py:161} INFO - Started process (PID=5396) to work on /opt/airflow/dags/process_employees.py
[2024-07-14T15:02:56.760+0000] {processor.py:830} INFO - Processing file /opt/airflow/dags/process_employees.py for tasks to queue
[2024-07-14T15:02:56.761+0000] {logging_mixin.py:188} INFO - [2024-07-14T15:02:56.761+0000] {dagbag.py:538} INFO - Filling up the DagBag from /opt/airflow/dags/process_employees.py
[2024-07-14T15:02:56.783+0000] {processor.py:840} INFO - DAG(s) 'process_employees' retrieved from /opt/airflow/dags/process_employees.py
[2024-07-14T15:02:56.804+0000] {logging_mixin.py:188} INFO - [2024-07-14T15:02:56.804+0000] {dag.py:3036} INFO - Sync 1 DAGs
[2024-07-14T15:02:56.826+0000] {logging_mixin.py:188} INFO - [2024-07-14T15:02:56.826+0000] {dag.py:3823} INFO - Setting next_dagrun for process_employees to 2024-07-13 00:00:00+00:00, run_after=2024-07-14 00:00:00+00:00
[2024-07-14T15:02:56.845+0000] {processor.py:183} INFO - Processing /opt/airflow/dags/process_employees.py took 0.090 seconds
[2024-07-14T15:03:27.552+0000] {processor.py:161} INFO - Started process (PID=5452) to work on /opt/airflow/dags/process_employees.py
[2024-07-14T15:03:27.553+0000] {processor.py:830} INFO - Processing file /opt/airflow/dags/process_employees.py for tasks to queue
[2024-07-14T15:03:27.554+0000] {logging_mixin.py:188} INFO - [2024-07-14T15:03:27.554+0000] {dagbag.py:538} INFO - Filling up the DagBag from /opt/airflow/dags/process_employees.py
[2024-07-14T15:03:27.572+0000] {processor.py:840} INFO - DAG(s) 'process_employees' retrieved from /opt/airflow/dags/process_employees.py
[2024-07-14T15:03:27.591+0000] {logging_mixin.py:188} INFO - [2024-07-14T15:03:27.591+0000] {dag.py:3036} INFO - Sync 1 DAGs
[2024-07-14T15:03:27.614+0000] {logging_mixin.py:188} INFO - [2024-07-14T15:03:27.614+0000] {dag.py:3823} INFO - Setting next_dagrun for process_employees to 2024-07-13 00:00:00+00:00, run_after=2024-07-14 00:00:00+00:00
[2024-07-14T15:03:27.633+0000] {processor.py:183} INFO - Processing /opt/airflow/dags/process_employees.py took 0.085 seconds
[2024-07-14T15:03:58.336+0000] {processor.py:161} INFO - Started process (PID=5508) to work on /opt/airflow/dags/process_employees.py
[2024-07-14T15:03:58.337+0000] {processor.py:830} INFO - Processing file /opt/airflow/dags/process_employees.py for tasks to queue
[2024-07-14T15:03:58.338+0000] {logging_mixin.py:188} INFO - [2024-07-14T15:03:58.338+0000] {dagbag.py:538} INFO - Filling up the DagBag from /opt/airflow/dags/process_employees.py
[2024-07-14T15:03:58.358+0000] {processor.py:840} INFO - DAG(s) 'process_employees' retrieved from /opt/airflow/dags/process_employees.py
[2024-07-14T15:03:58.378+0000] {logging_mixin.py:188} INFO - [2024-07-14T15:03:58.378+0000] {dag.py:3036} INFO - Sync 1 DAGs
[2024-07-14T15:03:58.402+0000] {logging_mixin.py:188} INFO - [2024-07-14T15:03:58.402+0000] {dag.py:3823} INFO - Setting next_dagrun for process_employees to 2024-07-13 00:00:00+00:00, run_after=2024-07-14 00:00:00+00:00
[2024-07-14T15:03:58.421+0000] {processor.py:183} INFO - Processing /opt/airflow/dags/process_employees.py took 0.090 seconds
[2024-07-14T15:04:28.935+0000] {processor.py:161} INFO - Started process (PID=5564) to work on /opt/airflow/dags/process_employees.py
[2024-07-14T15:04:28.936+0000] {processor.py:830} INFO - Processing file /opt/airflow/dags/process_employees.py for tasks to queue
[2024-07-14T15:04:28.937+0000] {logging_mixin.py:188} INFO - [2024-07-14T15:04:28.937+0000] {dagbag.py:538} INFO - Filling up the DagBag from /opt/airflow/dags/process_employees.py
[2024-07-14T15:04:28.956+0000] {processor.py:840} INFO - DAG(s) 'process_employees' retrieved from /opt/airflow/dags/process_employees.py
[2024-07-14T15:04:28.975+0000] {logging_mixin.py:188} INFO - [2024-07-14T15:04:28.975+0000] {dag.py:3036} INFO - Sync 1 DAGs
[2024-07-14T15:04:28.997+0000] {logging_mixin.py:188} INFO - [2024-07-14T15:04:28.997+0000] {dag.py:3823} INFO - Setting next_dagrun for process_employees to 2024-07-13 00:00:00+00:00, run_after=2024-07-14 00:00:00+00:00
[2024-07-14T15:04:29.017+0000] {processor.py:183} INFO - Processing /opt/airflow/dags/process_employees.py took 0.084 seconds
[2024-07-14T15:04:59.693+0000] {processor.py:161} INFO - Started process (PID=5620) to work on /opt/airflow/dags/process_employees.py
[2024-07-14T15:04:59.694+0000] {processor.py:830} INFO - Processing file /opt/airflow/dags/process_employees.py for tasks to queue
[2024-07-14T15:04:59.695+0000] {logging_mixin.py:188} INFO - [2024-07-14T15:04:59.695+0000] {dagbag.py:538} INFO - Filling up the DagBag from /opt/airflow/dags/process_employees.py
[2024-07-14T15:04:59.714+0000] {processor.py:840} INFO - DAG(s) 'process_employees' retrieved from /opt/airflow/dags/process_employees.py
[2024-07-14T15:04:59.733+0000] {logging_mixin.py:188} INFO - [2024-07-14T15:04:59.733+0000] {dag.py:3036} INFO - Sync 1 DAGs
[2024-07-14T15:04:59.755+0000] {logging_mixin.py:188} INFO - [2024-07-14T15:04:59.755+0000] {dag.py:3823} INFO - Setting next_dagrun for process_employees to 2024-07-13 00:00:00+00:00, run_after=2024-07-14 00:00:00+00:00
[2024-07-14T15:04:59.773+0000] {processor.py:183} INFO - Processing /opt/airflow/dags/process_employees.py took 0.083 seconds
[2024-07-14T15:05:15.019+0000] {processor.py:161} INFO - Started process (PID=5627) to work on /opt/airflow/dags/process_employees.py
[2024-07-14T15:05:15.020+0000] {processor.py:830} INFO - Processing file /opt/airflow/dags/process_employees.py for tasks to queue
[2024-07-14T15:05:15.021+0000] {logging_mixin.py:188} INFO - [2024-07-14T15:05:15.020+0000] {dagbag.py:538} INFO - Filling up the DagBag from /opt/airflow/dags/process_employees.py
[2024-07-14T15:05:15.049+0000] {processor.py:840} INFO - DAG(s) 'process_employees' retrieved from /opt/airflow/dags/process_employees.py
[2024-07-14T15:05:15.071+0000] {logging_mixin.py:188} INFO - [2024-07-14T15:05:15.071+0000] {dag.py:3036} INFO - Sync 1 DAGs
[2024-07-14T15:05:15.097+0000] {logging_mixin.py:188} INFO - [2024-07-14T15:05:15.097+0000] {dag.py:3823} INFO - Setting next_dagrun for process_employees to 2024-07-13 00:00:00+00:00, run_after=2024-07-14 00:00:00+00:00
[2024-07-14T15:05:15.123+0000] {processor.py:183} INFO - Processing /opt/airflow/dags/process_employees.py took 0.107 seconds
[2024-07-14T15:05:45.703+0000] {processor.py:161} INFO - Started process (PID=5683) to work on /opt/airflow/dags/process_employees.py
[2024-07-14T15:05:45.705+0000] {processor.py:830} INFO - Processing file /opt/airflow/dags/process_employees.py for tasks to queue
[2024-07-14T15:05:45.706+0000] {logging_mixin.py:188} INFO - [2024-07-14T15:05:45.706+0000] {dagbag.py:538} INFO - Filling up the DagBag from /opt/airflow/dags/process_employees.py
[2024-07-14T15:05:45.735+0000] {processor.py:840} INFO - DAG(s) 'process_employees' retrieved from /opt/airflow/dags/process_employees.py
[2024-07-14T15:05:45.762+0000] {logging_mixin.py:188} INFO - [2024-07-14T15:05:45.761+0000] {dag.py:3036} INFO - Sync 1 DAGs
[2024-07-14T15:05:45.793+0000] {logging_mixin.py:188} INFO - [2024-07-14T15:05:45.793+0000] {dag.py:3823} INFO - Setting next_dagrun for process_employees to 2024-07-13 00:00:00+00:00, run_after=2024-07-14 00:00:00+00:00
[2024-07-14T15:05:45.817+0000] {processor.py:183} INFO - Processing /opt/airflow/dags/process_employees.py took 0.118 seconds
[2024-07-14T15:06:16.509+0000] {processor.py:161} INFO - Started process (PID=5739) to work on /opt/airflow/dags/process_employees.py
[2024-07-14T15:06:16.510+0000] {processor.py:830} INFO - Processing file /opt/airflow/dags/process_employees.py for tasks to queue
[2024-07-14T15:06:16.511+0000] {logging_mixin.py:188} INFO - [2024-07-14T15:06:16.511+0000] {dagbag.py:538} INFO - Filling up the DagBag from /opt/airflow/dags/process_employees.py
[2024-07-14T15:06:16.530+0000] {processor.py:840} INFO - DAG(s) 'process_employees' retrieved from /opt/airflow/dags/process_employees.py
[2024-07-14T15:06:16.548+0000] {logging_mixin.py:188} INFO - [2024-07-14T15:06:16.548+0000] {dag.py:3036} INFO - Sync 1 DAGs
[2024-07-14T15:06:16.574+0000] {logging_mixin.py:188} INFO - [2024-07-14T15:06:16.574+0000] {dag.py:3823} INFO - Setting next_dagrun for process_employees to 2024-07-13 00:00:00+00:00, run_after=2024-07-14 00:00:00+00:00
[2024-07-14T15:06:16.592+0000] {processor.py:183} INFO - Processing /opt/airflow/dags/process_employees.py took 0.085 seconds
[2024-07-14T15:06:47.281+0000] {processor.py:161} INFO - Started process (PID=5795) to work on /opt/airflow/dags/process_employees.py
[2024-07-14T15:06:47.283+0000] {processor.py:830} INFO - Processing file /opt/airflow/dags/process_employees.py for tasks to queue
[2024-07-14T15:06:47.284+0000] {logging_mixin.py:188} INFO - [2024-07-14T15:06:47.284+0000] {dagbag.py:538} INFO - Filling up the DagBag from /opt/airflow/dags/process_employees.py
[2024-07-14T15:06:47.305+0000] {processor.py:840} INFO - DAG(s) 'process_employees' retrieved from /opt/airflow/dags/process_employees.py
[2024-07-14T15:06:47.327+0000] {logging_mixin.py:188} INFO - [2024-07-14T15:06:47.327+0000] {dag.py:3036} INFO - Sync 1 DAGs
[2024-07-14T15:06:47.359+0000] {logging_mixin.py:188} INFO - [2024-07-14T15:06:47.359+0000] {dag.py:3823} INFO - Setting next_dagrun for process_employees to 2024-07-13 00:00:00+00:00, run_after=2024-07-14 00:00:00+00:00
[2024-07-14T15:06:47.392+0000] {processor.py:183} INFO - Processing /opt/airflow/dags/process_employees.py took 0.119 seconds
