[2024-07-22T08:55:54.624+0000] {taskinstance.py:1956} INFO - Dependencies all met for dep_context=non-requeueable deps ti=<TaskInstance: dim_customer.ingest_data_task manual__2024-07-22T08:55:48.734048+00:00 [queued]>
[2024-07-22T08:55:54.637+0000] {taskinstance.py:1956} INFO - Dependencies all met for dep_context=requeueable deps ti=<TaskInstance: dim_customer.ingest_data_task manual__2024-07-22T08:55:48.734048+00:00 [queued]>
[2024-07-22T08:55:54.638+0000] {taskinstance.py:2170} INFO - Starting attempt 1 of 1
[2024-07-22T08:55:54.657+0000] {taskinstance.py:2191} INFO - Executing <Task(_PythonDecoratedOperator): ingest_data_task> on 2024-07-22 08:55:48.734048+00:00
[2024-07-22T08:55:54.667+0000] {standard_task_runner.py:60} INFO - Started process 10555 to run task
[2024-07-22T08:55:54.672+0000] {standard_task_runner.py:87} INFO - Running: ['***', 'tasks', 'run', 'dim_customer', 'ingest_data_task', 'manual__2024-07-22T08:55:48.734048+00:00', '--job-id', '228', '--raw', '--subdir', 'DAGS_FOLDER/dim_customer.py', '--cfg-path', '/tmp/tmp_4jzokxm']
[2024-07-22T08:55:54.674+0000] {standard_task_runner.py:88} INFO - Job 228: Subtask ingest_data_task
[2024-07-22T08:55:54.748+0000] {task_command.py:423} INFO - Running <TaskInstance: dim_customer.ingest_data_task manual__2024-07-22T08:55:48.734048+00:00 [running]> on host 087c584822ad
[2024-07-22T08:55:54.893+0000] {taskinstance.py:2480} INFO - Exporting env vars: AIRFLOW_CTX_DAG_OWNER='***' AIRFLOW_CTX_DAG_ID='dim_customer' AIRFLOW_CTX_TASK_ID='ingest_data_task' AIRFLOW_CTX_EXECUTION_DATE='2024-07-22T08:55:48.734048+00:00' AIRFLOW_CTX_TRY_NUMBER='1' AIRFLOW_CTX_DAG_RUN_ID='manual__2024-07-22T08:55:48.734048+00:00'
[2024-07-22T08:55:54.896+0000] {logging_mixin.py:188} INFO - Start data ingestion stage
[2024-07-22T08:55:58.841+0000] {logging_mixin.py:188} INFO - Number records captured: 175
[2024-07-22T08:55:58.862+0000] {logging_mixin.py:188} INFO - 136    2024-06-28 08:04:03
97     2024-06-28 08:04:03
50     2024-06-28 08:04:03
89     2024-06-28 08:04:03
105    2024-06-28 08:04:03
Name: created_at, dtype: object
[2024-07-22T08:55:58.864+0000] {logging_mixin.py:188} INFO - Ingest data successfully
[2024-07-22T08:55:58.866+0000] {python.py:201} INFO - Done. Returned value was: None
[2024-07-22T08:55:58.899+0000] {taskinstance.py:1138} INFO - Marking task as SUCCESS. dag_id=dim_customer, task_id=ingest_data_task, execution_date=20240722T085548, start_date=20240722T085554, end_date=20240722T085558
[2024-07-22T08:55:58.987+0000] {local_task_job_runner.py:234} INFO - Task exited with return code 0
[2024-07-22T08:55:59.045+0000] {taskinstance.py:3280} INFO - 0 downstream tasks scheduled from follow-on schedule check
