[2024-07-23T09:39:49.311+0000] {taskinstance.py:1956} INFO - Dependencies all met for dep_context=non-requeueable deps ti=<TaskInstance: dim_country_etl_daily.transform_and_load_task manual__2024-07-23T09:39:37.282524+00:00 [queued]>
[2024-07-23T09:39:49.325+0000] {taskinstance.py:1956} INFO - Dependencies all met for dep_context=requeueable deps ti=<TaskInstance: dim_country_etl_daily.transform_and_load_task manual__2024-07-23T09:39:37.282524+00:00 [queued]>
[2024-07-23T09:39:49.326+0000] {taskinstance.py:2170} INFO - Starting attempt 1 of 1
[2024-07-23T09:39:49.345+0000] {taskinstance.py:2191} INFO - Executing <Task(_PythonDecoratedOperator): transform_and_load_task> on 2024-07-23 09:39:37.282524+00:00
[2024-07-23T09:39:49.355+0000] {standard_task_runner.py:60} INFO - Started process 9245 to run task
[2024-07-23T09:39:49.391+0000] {standard_task_runner.py:87} INFO - Running: ['***', 'tasks', 'run', 'dim_country_etl_daily', 'transform_and_load_task', 'manual__2024-07-23T09:39:37.282524+00:00', '--job-id', '309', '--raw', '--subdir', 'DAGS_FOLDER/dim_country.py', '--cfg-path', '/tmp/tmp1vw0_gce']
[2024-07-23T09:39:49.394+0000] {standard_task_runner.py:88} INFO - Job 309: Subtask transform_and_load_task
[2024-07-23T09:39:50.307+0000] {task_command.py:423} INFO - Running <TaskInstance: dim_country_etl_daily.transform_and_load_task manual__2024-07-23T09:39:37.282524+00:00 [running]> on host 087c584822ad
[2024-07-23T09:39:50.805+0000] {taskinstance.py:2480} INFO - Exporting env vars: AIRFLOW_CTX_DAG_OWNER='***' AIRFLOW_CTX_DAG_ID='dim_country_etl_daily' AIRFLOW_CTX_TASK_ID='transform_and_load_task' AIRFLOW_CTX_EXECUTION_DATE='2024-07-23T09:39:37.282524+00:00' AIRFLOW_CTX_TRY_NUMBER='1' AIRFLOW_CTX_DAG_RUN_ID='manual__2024-07-23T09:39:37.282524+00:00'
[2024-07-23T09:39:50.807+0000] {logging_mixin.py:188} INFO - Start data transformation and load stage
[2024-07-23T09:39:51.607+0000] {pipeline_options.py:923} WARNING - Bucket specified in temp_location has soft-delete policy enabled. To avoid being billed for unnecessary storage costs, turn off the soft delete feature on buckets that your Dataflow jobs use for temporary and staging storage. For more information, see https://cloud.google.com/storage/docs/use-soft-delete#remove-soft-delete-policy.
[2024-07-23T09:39:51.944+0000] {pipeline_options.py:923} WARNING - Bucket specified in staging_location has soft-delete policy enabled. To avoid being billed for unnecessary storage costs, turn off the soft delete feature on buckets that your Dataflow jobs use for temporary and staging storage. For more information, see https://cloud.google.com/storage/docs/use-soft-delete#remove-soft-delete-policy.
[2024-07-23T09:39:56.614+0000] {pipeline_options.py:923} WARNING - Bucket specified in temp_location has soft-delete policy enabled. To avoid being billed for unnecessary storage costs, turn off the soft delete feature on buckets that your Dataflow jobs use for temporary and staging storage. For more information, see https://cloud.google.com/storage/docs/use-soft-delete#remove-soft-delete-policy.
[2024-07-23T09:39:57.402+0000] {pipeline_options.py:923} WARNING - Bucket specified in staging_location has soft-delete policy enabled. To avoid being billed for unnecessary storage costs, turn off the soft delete feature on buckets that your Dataflow jobs use for temporary and staging storage. For more information, see https://cloud.google.com/storage/docs/use-soft-delete#remove-soft-delete-policy.
[2024-07-23T09:39:57.939+0000] {stager.py:800} INFO - Executing command: ['/usr/local/bin/python', '-m', 'build', '--no-isolation', '--sdist', '--outdir', '/tmp/tmp9fyuyplc', '/opt/***/plugins']
[2024-07-23T09:39:58.106+0000] {stager.py:810} INFO - Executing command: ['/usr/local/bin/python', 'setup.py', 'sdist', '--dist-dir', '/tmp/tmp9fyuyplc']
[2024-07-23T09:40:01.332+0000] {dataflow_runner.py:397} INFO - Pipeline has additional dependencies to be installed in SDK worker container, consider using the SDK container image pre-building workflow to avoid repetitive installations. Learn more on https://cloud.google.com/dataflow/docs/guides/using-custom-containers#prebuild
[2024-07-23T09:40:01.335+0000] {environments.py:314} INFO - Using provided Python SDK container image: gcr.io/cloud-dataflow/v1beta3/beam_python3.8_sdk:2.57.0
[2024-07-23T09:40:01.336+0000] {environments.py:321} INFO - Python SDK container image set to "gcr.io/cloud-dataflow/v1beta3/beam_python3.8_sdk:2.57.0" for Docker environment
[2024-07-23T09:40:01.734+0000] {apiclient.py:663} INFO - Starting GCS upload to gs://ingestion_layer/staging/dim-country-bigquery-etl.1721727601.724773/workflow.tar.gz...
[2024-07-23T09:40:02.749+0000] {apiclient.py:673} INFO - Completed GCS upload to gs://ingestion_layer/staging/dim-country-bigquery-etl.1721727601.724773/workflow.tar.gz in 1 seconds.
[2024-07-23T09:40:02.750+0000] {apiclient.py:663} INFO - Starting GCS upload to gs://ingestion_layer/staging/dim-country-bigquery-etl.1721727601.724773/submission_environment_dependencies.txt...
[2024-07-23T09:40:03.705+0000] {apiclient.py:673} INFO - Completed GCS upload to gs://ingestion_layer/staging/dim-country-bigquery-etl.1721727601.724773/submission_environment_dependencies.txt in 0 seconds.
[2024-07-23T09:40:03.731+0000] {apiclient.py:663} INFO - Starting GCS upload to gs://ingestion_layer/staging/dim-country-bigquery-etl.1721727601.724773/pipeline.pb...
[2024-07-23T09:40:04.806+0000] {apiclient.py:673} INFO - Completed GCS upload to gs://ingestion_layer/staging/dim-country-bigquery-etl.1721727601.724773/pipeline.pb in 1 seconds.
[2024-07-23T09:40:04.818+0000] {pipeline_options.py:339} WARNING - Unknown pipeline options received: celery,worker. Ignore if flags are used for internal purposes.
[2024-07-23T09:40:04.830+0000] {pipeline_options.py:339} WARNING - Unknown pipeline options received: celery,worker. Ignore if flags are used for internal purposes.
[2024-07-23T09:40:06.254+0000] {apiclient.py:844} INFO - Create job: <Job
 clientRequestId: '20240723094001726212-4980'
 createTime: '2024-07-23T09:40:08.669886Z'
 currentStateTime: '1970-01-01T00:00:00Z'
 id: '2024-07-23_02_40_07-13088410612660706873'
 location: 'asia-southeast2'
 name: 'dim-country-bigquery-etl'
 projectId: 'liquid-kite-423215-s2'
 stageStates: []
 startTime: '2024-07-23T09:40:08.669886Z'
 steps: []
 tempFiles: []
 type: TypeValueValuesEnum(JOB_TYPE_BATCH, 1)>
[2024-07-23T09:40:06.272+0000] {apiclient.py:846} INFO - Created job with id: [2024-07-23_02_40_07-13088410612660706873]
[2024-07-23T09:40:06.274+0000] {apiclient.py:847} INFO - Submitted job: 2024-07-23_02_40_07-13088410612660706873
[2024-07-23T09:40:06.276+0000] {apiclient.py:848} INFO - To access the Dataflow monitoring console, please navigate to https://console.cloud.google.com/dataflow/jobs/asia-southeast2/2024-07-23_02_40_07-13088410612660706873?project=liquid-kite-423215-s2
[2024-07-23T09:40:06.782+0000] {dataflow_runner.py:153} INFO - Job 2024-07-23_02_40_07-13088410612660706873 is in state JOB_STATE_PENDING
[2024-07-23T09:40:11.958+0000] {dataflow_runner.py:203} INFO - 2024-07-23T09:40:12.369Z: JOB_MESSAGE_BASIC: Worker configuration: n1-standard-1 in asia-southeast2-c.
[2024-07-23T09:40:17.327+0000] {dataflow_runner.py:203} INFO - 2024-07-23T09:40:15.122Z: JOB_MESSAGE_BASIC: Executing operation WriteToBigQuery/WriteToBigQuery/BigQueryBatchFileLoads/ImpulseEmptyPC/Impulse+WriteToBigQuery/WriteToBigQuery/BigQueryBatchFileLoads/ImpulseEmptyPC/FlatMap(<lambda at core.py:3788>)+WriteToBigQuery/WriteToBigQuery/BigQueryBatchFileLoads/ImpulseEmptyPC/Map(decode)
[2024-07-23T09:40:17.338+0000] {dataflow_runner.py:203} INFO - 2024-07-23T09:40:15.134Z: JOB_MESSAGE_BASIC: Executing operation Start/Impulse+Start/FlatMap(<lambda at core.py:3788>)+Start/Map(decode)
[2024-07-23T09:40:17.339+0000] {dataflow_runner.py:203} INFO - 2024-07-23T09:40:15.147Z: JOB_MESSAGE_BASIC: Executing operation WriteToBigQuery/WriteToBigQuery/BigQueryBatchFileLoads/ImpulseSingleElementPC/Impulse+WriteToBigQuery/WriteToBigQuery/BigQueryBatchFileLoads/ImpulseSingleElementPC/FlatMap(<lambda at core.py:3788>)+WriteToBigQuery/WriteToBigQuery/BigQueryBatchFileLoads/ImpulseSingleElementPC/Map(decode)+WriteToBigQuery/WriteToBigQuery/BigQueryBatchFileLoads/CopyJobNamePrefix+WriteToBigQuery/WriteToBigQuery/BigQueryBatchFileLoads/GenerateFilePrefix+WriteToBigQuery/WriteToBigQuery/BigQueryBatchFileLoads/LoadJobNamePrefix+WriteToBigQuery/WriteToBigQuery/BigQueryBatchFileLoads/SchemaModJobNamePrefix
[2024-07-23T09:40:17.343+0000] {dataflow_runner.py:203} INFO - 2024-07-23T09:40:15.159Z: JOB_MESSAGE_BASIC: Executing operation WriteLog/WriteLogGCS/Write/WriteImpl/DoOnce/Impulse+WriteLog/WriteLogGCS/Write/WriteImpl/DoOnce/FlatMap(<lambda at core.py:3788>)+WriteLog/WriteLogGCS/Write/WriteImpl/DoOnce/Map(decode)+WriteLog/WriteLogGCS/Write/WriteImpl/InitializeWrite
[2024-07-23T09:40:17.345+0000] {dataflow_runner.py:203} INFO - 2024-07-23T09:40:15.159Z: JOB_MESSAGE_BASIC: Starting 1 workers in asia-southeast2...
[2024-07-23T09:40:17.346+0000] {dataflow_runner.py:203} INFO - 2024-07-23T09:40:15.171Z: JOB_MESSAGE_BASIC: Executing operation ReadAvro/ReadAvro/Read/Impulse+ReadAvro/ReadAvro/Read/EmitSource+ref_AppliedPTransform_ReadAvro-ReadAvro-Read-SDFBoundedSourceReader-ParDo-SDFBoundedSourceDoFn-_13/PairWithRestriction+ref_AppliedPTransform_ReadAvro-ReadAvro-Read-SDFBoundedSourceReader-ParDo-SDFBoundedSourceDoFn-_13/SplitWithSizing
[2024-07-23T09:40:17.535+0000] {dataflow_runner.py:153} INFO - Job 2024-07-23_02_40_07-13088410612660706873 is in state JOB_STATE_RUNNING
[2024-07-23T09:44:00.432+0000] {dataflow_runner.py:203} INFO - 2024-07-23T09:43:58.637Z: JOB_MESSAGE_BASIC: All workers have finished the startup processes and began to receive work requests.
[2024-07-23T09:44:00.432+0000] {dataflow_runner.py:203} INFO - 2024-07-23T09:44:01.035Z: JOB_MESSAGE_BASIC: Finished operation Start/Impulse+Start/FlatMap(<lambda at core.py:3788>)+Start/Map(decode)
[2024-07-23T09:44:00.433+0000] {dataflow_runner.py:203} INFO - 2024-07-23T09:44:01.107Z: JOB_MESSAGE_BASIC: Finished operation WriteToBigQuery/WriteToBigQuery/BigQueryBatchFileLoads/ImpulseEmptyPC/Impulse+WriteToBigQuery/WriteToBigQuery/BigQueryBatchFileLoads/ImpulseEmptyPC/FlatMap(<lambda at core.py:3788>)+WriteToBigQuery/WriteToBigQuery/BigQueryBatchFileLoads/ImpulseEmptyPC/Map(decode)
[2024-07-23T09:44:00.433+0000] {dataflow_runner.py:203} INFO - 2024-07-23T09:44:01.684Z: JOB_MESSAGE_BASIC: Finished operation ReadAvro/ReadAvro/Read/Impulse+ReadAvro/ReadAvro/Read/EmitSource+ref_AppliedPTransform_ReadAvro-ReadAvro-Read-SDFBoundedSourceReader-ParDo-SDFBoundedSourceDoFn-_13/PairWithRestriction+ref_AppliedPTransform_ReadAvro-ReadAvro-Read-SDFBoundedSourceReader-ParDo-SDFBoundedSourceDoFn-_13/SplitWithSizing
[2024-07-23T09:44:00.434+0000] {dataflow_runner.py:203} INFO - 2024-07-23T09:44:01.738Z: JOB_MESSAGE_BASIC: Executing operation RemoveDuplicates/GroupByKey/Create
[2024-07-23T09:44:00.434+0000] {dataflow_runner.py:203} INFO - 2024-07-23T09:44:02.228Z: JOB_MESSAGE_BASIC: Finished operation RemoveDuplicates/GroupByKey/Create
[2024-07-23T09:44:00.435+0000] {dataflow_runner.py:203} INFO - 2024-07-23T09:44:02.236Z: JOB_MESSAGE_BASIC: Finished operation WriteLog/WriteLogGCS/Write/WriteImpl/DoOnce/Impulse+WriteLog/WriteLogGCS/Write/WriteImpl/DoOnce/FlatMap(<lambda at core.py:3788>)+WriteLog/WriteLogGCS/Write/WriteImpl/DoOnce/Map(decode)+WriteLog/WriteLogGCS/Write/WriteImpl/InitializeWrite
[2024-07-23T09:44:00.435+0000] {dataflow_runner.py:203} INFO - 2024-07-23T09:44:02.287Z: JOB_MESSAGE_BASIC: Executing operation ref_AppliedPTransform_ReadAvro-ReadAvro-Read-SDFBoundedSourceReader-ParDo-SDFBoundedSourceDoFn-_13/ProcessElementAndRestrictionWithSizing+RemoveDuplicates/PairWithKey+RemoveDuplicates/GroupByKey/Write
[2024-07-23T09:44:00.435+0000] {dataflow_runner.py:203} INFO - 2024-07-23T09:44:02.299Z: JOB_MESSAGE_BASIC: Executing operation WriteLog/WriteLogGCS/Write/WriteImpl/WriteBundles/View-python_side_input0
[2024-07-23T09:44:00.436+0000] {dataflow_runner.py:203} INFO - 2024-07-23T09:44:02.311Z: JOB_MESSAGE_BASIC: Executing operation WriteLog/WriteLogGCS/Write/WriteImpl/FinalizeWrite/View-python_side_input0
[2024-07-23T09:44:00.436+0000] {dataflow_runner.py:203} INFO - 2024-07-23T09:44:02.322Z: JOB_MESSAGE_BASIC: Executing operation WriteLog/WriteLogGCS/Write/WriteImpl/PreFinalize/View-python_side_input0
[2024-07-23T09:44:00.437+0000] {dataflow_runner.py:203} INFO - 2024-07-23T09:44:02.391Z: JOB_MESSAGE_BASIC: Finished operation WriteLog/WriteLogGCS/Write/WriteImpl/WriteBundles/View-python_side_input0
[2024-07-23T09:44:00.437+0000] {dataflow_runner.py:203} INFO - 2024-07-23T09:44:02.404Z: JOB_MESSAGE_BASIC: Finished operation WriteLog/WriteLogGCS/Write/WriteImpl/FinalizeWrite/View-python_side_input0
[2024-07-23T09:44:00.437+0000] {dataflow_runner.py:203} INFO - 2024-07-23T09:44:02.413Z: JOB_MESSAGE_BASIC: Finished operation WriteLog/WriteLogGCS/Write/WriteImpl/PreFinalize/View-python_side_input0
[2024-07-23T09:44:05.751+0000] {dataflow_runner.py:203} INFO - 2024-07-23T09:44:03.135Z: JOB_MESSAGE_BASIC: Finished operation WriteToBigQuery/WriteToBigQuery/BigQueryBatchFileLoads/ImpulseSingleElementPC/Impulse+WriteToBigQuery/WriteToBigQuery/BigQueryBatchFileLoads/ImpulseSingleElementPC/FlatMap(<lambda at core.py:3788>)+WriteToBigQuery/WriteToBigQuery/BigQueryBatchFileLoads/ImpulseSingleElementPC/Map(decode)+WriteToBigQuery/WriteToBigQuery/BigQueryBatchFileLoads/CopyJobNamePrefix+WriteToBigQuery/WriteToBigQuery/BigQueryBatchFileLoads/GenerateFilePrefix+WriteToBigQuery/WriteToBigQuery/BigQueryBatchFileLoads/LoadJobNamePrefix+WriteToBigQuery/WriteToBigQuery/BigQueryBatchFileLoads/SchemaModJobNamePrefix
[2024-07-23T09:44:05.752+0000] {dataflow_runner.py:203} INFO - 2024-07-23T09:44:03.207Z: JOB_MESSAGE_BASIC: Executing operation WriteToBigQuery/WriteToBigQuery/BigQueryBatchFileLoads/ParDo(TriggerCopyJobs)/ParDo(TriggerCopyJobs)/View-python_side_input0
[2024-07-23T09:44:05.753+0000] {dataflow_runner.py:203} INFO - 2024-07-23T09:44:03.217Z: JOB_MESSAGE_BASIC: Executing operation WriteToBigQuery/WriteToBigQuery/BigQueryBatchFileLoads/WriteGroupedRecordsToFile/View-python_side_input0
[2024-07-23T09:44:05.754+0000] {dataflow_runner.py:203} INFO - 2024-07-23T09:44:03.229Z: JOB_MESSAGE_BASIC: Executing operation WriteToBigQuery/WriteToBigQuery/BigQueryBatchFileLoads/ParDo(WriteRecordsToFile)/ParDo(WriteRecordsToFile)/View-python_side_input0
[2024-07-23T09:44:05.755+0000] {dataflow_runner.py:203} INFO - 2024-07-23T09:44:03.241Z: JOB_MESSAGE_BASIC: Executing operation WriteToBigQuery/WriteToBigQuery/BigQueryBatchFileLoads/TriggerLoadJobsWithTempTables/ParDo(TriggerLoadJobs)/View-python_side_input0
[2024-07-23T09:44:05.755+0000] {dataflow_runner.py:203} INFO - 2024-07-23T09:44:03.253Z: JOB_MESSAGE_BASIC: Executing operation WriteToBigQuery/WriteToBigQuery/BigQueryBatchFileLoads/TriggerLoadJobsWithoutTempTables/ParDo(TriggerLoadJobs)/View-python_side_input0
[2024-07-23T09:44:05.756+0000] {dataflow_runner.py:203} INFO - 2024-07-23T09:44:03.265Z: JOB_MESSAGE_BASIC: Executing operation WriteToBigQuery/WriteToBigQuery/BigQueryBatchFileLoads/ParDo(UpdateDestinationSchema)/View-python_side_input0
[2024-07-23T09:44:05.756+0000] {dataflow_runner.py:203} INFO - 2024-07-23T09:44:03.301Z: JOB_MESSAGE_BASIC: Finished operation WriteToBigQuery/WriteToBigQuery/BigQueryBatchFileLoads/ParDo(TriggerCopyJobs)/ParDo(TriggerCopyJobs)/View-python_side_input0
[2024-07-23T09:44:05.757+0000] {dataflow_runner.py:203} INFO - 2024-07-23T09:44:03.321Z: JOB_MESSAGE_BASIC: Finished operation WriteToBigQuery/WriteToBigQuery/BigQueryBatchFileLoads/WriteGroupedRecordsToFile/View-python_side_input0
[2024-07-23T09:44:05.757+0000] {dataflow_runner.py:203} INFO - 2024-07-23T09:44:03.327Z: JOB_MESSAGE_BASIC: Finished operation WriteToBigQuery/WriteToBigQuery/BigQueryBatchFileLoads/ParDo(WriteRecordsToFile)/ParDo(WriteRecordsToFile)/View-python_side_input0
[2024-07-23T09:44:05.758+0000] {dataflow_runner.py:203} INFO - 2024-07-23T09:44:03.336Z: JOB_MESSAGE_BASIC: Finished operation WriteToBigQuery/WriteToBigQuery/BigQueryBatchFileLoads/TriggerLoadJobsWithTempTables/ParDo(TriggerLoadJobs)/View-python_side_input0
[2024-07-23T09:44:05.758+0000] {dataflow_runner.py:203} INFO - 2024-07-23T09:44:03.350Z: JOB_MESSAGE_BASIC: Finished operation WriteToBigQuery/WriteToBigQuery/BigQueryBatchFileLoads/TriggerLoadJobsWithoutTempTables/ParDo(TriggerLoadJobs)/View-python_side_input0
[2024-07-23T09:44:05.758+0000] {dataflow_runner.py:203} INFO - 2024-07-23T09:44:03.355Z: JOB_MESSAGE_BASIC: Finished operation WriteToBigQuery/WriteToBigQuery/BigQueryBatchFileLoads/ParDo(UpdateDestinationSchema)/View-python_side_input0
[2024-07-23T09:44:05.759+0000] {dataflow_runner.py:203} INFO - 2024-07-23T09:44:03.557Z: JOB_MESSAGE_BASIC: Finished operation ref_AppliedPTransform_ReadAvro-ReadAvro-Read-SDFBoundedSourceReader-ParDo-SDFBoundedSourceDoFn-_13/ProcessElementAndRestrictionWithSizing+RemoveDuplicates/PairWithKey+RemoveDuplicates/GroupByKey/Write
[2024-07-23T09:44:05.759+0000] {dataflow_runner.py:203} INFO - 2024-07-23T09:44:03.582Z: JOB_MESSAGE_BASIC: Executing operation RemoveDuplicates/GroupByKey/Close
[2024-07-23T09:44:05.760+0000] {dataflow_runner.py:203} INFO - 2024-07-23T09:44:03.620Z: JOB_MESSAGE_BASIC: Finished operation RemoveDuplicates/GroupByKey/Close
[2024-07-23T09:44:05.760+0000] {dataflow_runner.py:203} INFO - 2024-07-23T09:44:03.644Z: JOB_MESSAGE_BASIC: Executing operation WriteToBigQuery/WriteToBigQuery/BigQueryBatchFileLoads/GroupShardedRows/Create
[2024-07-23T09:44:05.760+0000] {dataflow_runner.py:203} INFO - 2024-07-23T09:44:03.656Z: JOB_MESSAGE_BASIC: Executing operation FindMaxDateString/CombinePerKey/GroupByKey/Create
[2024-07-23T09:44:05.761+0000] {dataflow_runner.py:203} INFO - 2024-07-23T09:44:03.719Z: JOB_MESSAGE_BASIC: Finished operation WriteToBigQuery/WriteToBigQuery/BigQueryBatchFileLoads/GroupShardedRows/Create
[2024-07-23T09:44:05.761+0000] {dataflow_runner.py:203} INFO - 2024-07-23T09:44:03.738Z: JOB_MESSAGE_BASIC: Finished operation FindMaxDateString/CombinePerKey/GroupByKey/Create
[2024-07-23T09:44:05.761+0000] {dataflow_runner.py:203} INFO - 2024-07-23T09:44:03.775Z: JOB_MESSAGE_BASIC: Executing operation WriteToBigQuery/WriteToBigQuery/BigQueryBatchFileLoads/GroupFilesByTableDestinations/Create
[2024-07-23T09:44:05.762+0000] {dataflow_runner.py:203} INFO - 2024-07-23T09:44:03.850Z: JOB_MESSAGE_BASIC: Finished operation WriteToBigQuery/WriteToBigQuery/BigQueryBatchFileLoads/GroupFilesByTableDestinations/Create
[2024-07-23T09:44:05.762+0000] {dataflow_runner.py:203} INFO - 2024-07-23T09:44:03.901Z: JOB_MESSAGE_BASIC: Executing operation RemoveDuplicates/GroupByKey/Read+RemoveDuplicates/RemoveDuplicates+ExtractDateString+WriteToBigQuery/WriteToBigQuery/BigQueryBatchFileLoads/RewindowIntoGlobal+FindMaxDateString/KeyWithVoid+FindMaxDateString/CombinePerKey/GroupByKey+FindMaxDateString/CombinePerKey/Combine/Partial+FindMaxDateString/CombinePerKey/GroupByKey/Write+WriteToBigQuery/WriteToBigQuery/BigQueryBatchFileLoads/AppendDestination+WriteToBigQuery/WriteToBigQuery/BigQueryBatchFileLoads/ParDo(WriteRecordsToFile)/ParDo(WriteRecordsToFile)+WriteToBigQuery/WriteToBigQuery/BigQueryBatchFileLoads/IdentityWorkaround+WriteToBigQuery/WriteToBigQuery/BigQueryBatchFileLoads/GroupFilesByTableDestinations/Write+WriteToBigQuery/WriteToBigQuery/BigQueryBatchFileLoads/ParDo(_ShardDestinations)+WriteToBigQuery/WriteToBigQuery/BigQueryBatchFileLoads/GroupShardedRows/Write
[2024-07-23T09:44:05.763+0000] {dataflow_runner.py:203} INFO - 2024-07-23T09:44:05.515Z: JOB_MESSAGE_BASIC: Finished operation RemoveDuplicates/GroupByKey/Read+RemoveDuplicates/RemoveDuplicates+ExtractDateString+WriteToBigQuery/WriteToBigQuery/BigQueryBatchFileLoads/RewindowIntoGlobal+FindMaxDateString/KeyWithVoid+FindMaxDateString/CombinePerKey/GroupByKey+FindMaxDateString/CombinePerKey/Combine/Partial+FindMaxDateString/CombinePerKey/GroupByKey/Write+WriteToBigQuery/WriteToBigQuery/BigQueryBatchFileLoads/AppendDestination+WriteToBigQuery/WriteToBigQuery/BigQueryBatchFileLoads/ParDo(WriteRecordsToFile)/ParDo(WriteRecordsToFile)+WriteToBigQuery/WriteToBigQuery/BigQueryBatchFileLoads/IdentityWorkaround+WriteToBigQuery/WriteToBigQuery/BigQueryBatchFileLoads/GroupFilesByTableDestinations/Write+WriteToBigQuery/WriteToBigQuery/BigQueryBatchFileLoads/ParDo(_ShardDestinations)+WriteToBigQuery/WriteToBigQuery/BigQueryBatchFileLoads/GroupShardedRows/Write
[2024-07-23T09:44:05.764+0000] {dataflow_runner.py:203} INFO - 2024-07-23T09:44:05.542Z: JOB_MESSAGE_BASIC: Executing operation WriteToBigQuery/WriteToBigQuery/BigQueryBatchFileLoads/GroupShardedRows/Close
[2024-07-23T09:44:05.764+0000] {dataflow_runner.py:203} INFO - 2024-07-23T09:44:05.554Z: JOB_MESSAGE_BASIC: Executing operation FindMaxDateString/CombinePerKey/GroupByKey/Close
[2024-07-23T09:44:05.765+0000] {dataflow_runner.py:203} INFO - 2024-07-23T09:44:05.573Z: JOB_MESSAGE_BASIC: Finished operation WriteToBigQuery/WriteToBigQuery/BigQueryBatchFileLoads/GroupShardedRows/Close
[2024-07-23T09:44:05.765+0000] {dataflow_runner.py:203} INFO - 2024-07-23T09:44:05.599Z: JOB_MESSAGE_BASIC: Executing operation WriteToBigQuery/WriteToBigQuery/BigQueryBatchFileLoads/GroupShardedRows/Read+WriteToBigQuery/WriteToBigQuery/BigQueryBatchFileLoads/DropShardNumber+WriteToBigQuery/WriteToBigQuery/BigQueryBatchFileLoads/WriteGroupedRecordsToFile+WriteToBigQuery/WriteToBigQuery/BigQueryBatchFileLoads/DestinationFilesUnion/InputIdentity+WriteToBigQuery/WriteToBigQuery/BigQueryBatchFileLoads/IdentityWorkaround+WriteToBigQuery/WriteToBigQuery/BigQueryBatchFileLoads/GroupFilesByTableDestinations/Write
[2024-07-23T09:44:05.765+0000] {dataflow_runner.py:203} INFO - 2024-07-23T09:44:05.658Z: JOB_MESSAGE_BASIC: Finished operation FindMaxDateString/CombinePerKey/GroupByKey/Close
[2024-07-23T09:44:05.766+0000] {dataflow_runner.py:203} INFO - 2024-07-23T09:44:05.683Z: JOB_MESSAGE_BASIC: Executing operation FindMaxDateString/CombinePerKey/GroupByKey/Read+FindMaxDateString/CombinePerKey/Combine+FindMaxDateString/CombinePerKey/Combine/Extract+FindMaxDateString/UnKey
[2024-07-23T09:44:05.766+0000] {dataflow_runner.py:203} INFO - 2024-07-23T09:44:05.905Z: JOB_MESSAGE_BASIC: Finished operation WriteToBigQuery/WriteToBigQuery/BigQueryBatchFileLoads/GroupShardedRows/Read+WriteToBigQuery/WriteToBigQuery/BigQueryBatchFileLoads/DropShardNumber+WriteToBigQuery/WriteToBigQuery/BigQueryBatchFileLoads/WriteGroupedRecordsToFile+WriteToBigQuery/WriteToBigQuery/BigQueryBatchFileLoads/DestinationFilesUnion/InputIdentity+WriteToBigQuery/WriteToBigQuery/BigQueryBatchFileLoads/IdentityWorkaround+WriteToBigQuery/WriteToBigQuery/BigQueryBatchFileLoads/GroupFilesByTableDestinations/Write
[2024-07-23T09:44:05.767+0000] {dataflow_runner.py:203} INFO - 2024-07-23T09:44:05.929Z: JOB_MESSAGE_BASIC: Executing operation WriteToBigQuery/WriteToBigQuery/BigQueryBatchFileLoads/GroupFilesByTableDestinations/Close
[2024-07-23T09:44:05.767+0000] {dataflow_runner.py:203} INFO - 2024-07-23T09:44:05.958Z: JOB_MESSAGE_BASIC: Finished operation WriteToBigQuery/WriteToBigQuery/BigQueryBatchFileLoads/GroupFilesByTableDestinations/Close
[2024-07-23T09:44:05.767+0000] {dataflow_runner.py:203} INFO - 2024-07-23T09:44:05.985Z: JOB_MESSAGE_BASIC: Executing operation WriteToBigQuery/WriteToBigQuery/BigQueryBatchFileLoads/GroupFilesByTableDestinations/Read+WriteToBigQuery/WriteToBigQuery/BigQueryBatchFileLoads/ParDo(PartitionFiles)/ParDo(PartitionFiles)+WriteToBigQuery/WriteToBigQuery/BigQueryBatchFileLoads/TriggerLoadJobsWithTempTables/ParDo(TriggerLoadJobs)+WriteToBigQuery/WriteToBigQuery/BigQueryBatchFileLoads/Map(<lambda at bigquery_file_loads.py:1145>)+WriteToBigQuery/WriteToBigQuery/BigQueryBatchFileLoads/ParDo(UpdateDestinationSchema)+WriteToBigQuery/WriteToBigQuery/BigQueryBatchFileLoads/TriggerLoadJobsWithoutTempTables/ParDo(TriggerLoadJobs)
[2024-07-23T09:44:11.058+0000] {dataflow_runner.py:203} INFO - 2024-07-23T09:44:08.179Z: JOB_MESSAGE_BASIC: Finished operation FindMaxDateString/CombinePerKey/GroupByKey/Read+FindMaxDateString/CombinePerKey/Combine+FindMaxDateString/CombinePerKey/Combine/Extract+FindMaxDateString/UnKey
[2024-07-23T09:44:11.059+0000] {dataflow_runner.py:203} INFO - 2024-07-23T09:44:08.230Z: JOB_MESSAGE_BASIC: Executing operation FindMaxDateString/InjectDefault/View-python_side_input0
[2024-07-23T09:44:11.059+0000] {dataflow_runner.py:203} INFO - 2024-07-23T09:44:08.328Z: JOB_MESSAGE_BASIC: Finished operation FindMaxDateString/InjectDefault/View-python_side_input0
[2024-07-23T09:44:11.060+0000] {dataflow_runner.py:203} INFO - 2024-07-23T09:44:08.376Z: JOB_MESSAGE_BASIC: Executing operation WriteLog/WriteLogGCS/Write/WriteImpl/GroupByKey/Create
[2024-07-23T09:44:11.061+0000] {dataflow_runner.py:203} INFO - 2024-07-23T09:44:08.451Z: JOB_MESSAGE_BASIC: Finished operation WriteLog/WriteLogGCS/Write/WriteImpl/GroupByKey/Create
[2024-07-23T09:44:11.061+0000] {dataflow_runner.py:203} INFO - 2024-07-23T09:44:08.500Z: JOB_MESSAGE_BASIC: Executing operation FindMaxDateString/DoOnce/Impulse+FindMaxDateString/DoOnce/FlatMap(<lambda at core.py:3788>)+FindMaxDateString/DoOnce/Map(decode)+FindMaxDateString/InjectDefault+WriteLog/WriteLogGCS/Write/WriteImpl/WindowInto(WindowIntoFn)+WriteLog/WriteLogGCS/Write/WriteImpl/WriteBundles+WriteLog/WriteLogGCS/Write/WriteImpl/Pair+WriteLog/WriteLogGCS/Write/WriteImpl/GroupByKey/Write
[2024-07-23T09:44:21.702+0000] {dataflow_runner.py:203} INFO - 2024-07-23T09:44:20.709Z: JOB_MESSAGE_BASIC: Finished operation FindMaxDateString/DoOnce/Impulse+FindMaxDateString/DoOnce/FlatMap(<lambda at core.py:3788>)+FindMaxDateString/DoOnce/Map(decode)+FindMaxDateString/InjectDefault+WriteLog/WriteLogGCS/Write/WriteImpl/WindowInto(WindowIntoFn)+WriteLog/WriteLogGCS/Write/WriteImpl/WriteBundles+WriteLog/WriteLogGCS/Write/WriteImpl/Pair+WriteLog/WriteLogGCS/Write/WriteImpl/GroupByKey/Write
[2024-07-23T09:44:21.703+0000] {dataflow_runner.py:203} INFO - 2024-07-23T09:44:20.744Z: JOB_MESSAGE_BASIC: Executing operation WriteLog/WriteLogGCS/Write/WriteImpl/GroupByKey/Close
[2024-07-23T09:44:21.703+0000] {dataflow_runner.py:203} INFO - 2024-07-23T09:44:21.147Z: JOB_MESSAGE_BASIC: Finished operation WriteToBigQuery/WriteToBigQuery/BigQueryBatchFileLoads/GroupFilesByTableDestinations/Read+WriteToBigQuery/WriteToBigQuery/BigQueryBatchFileLoads/ParDo(PartitionFiles)/ParDo(PartitionFiles)+WriteToBigQuery/WriteToBigQuery/BigQueryBatchFileLoads/TriggerLoadJobsWithTempTables/ParDo(TriggerLoadJobs)+WriteToBigQuery/WriteToBigQuery/BigQueryBatchFileLoads/Map(<lambda at bigquery_file_loads.py:1145>)+WriteToBigQuery/WriteToBigQuery/BigQueryBatchFileLoads/ParDo(UpdateDestinationSchema)+WriteToBigQuery/WriteToBigQuery/BigQueryBatchFileLoads/TriggerLoadJobsWithoutTempTables/ParDo(TriggerLoadJobs)
[2024-07-23T09:44:21.704+0000] {dataflow_runner.py:203} INFO - 2024-07-23T09:44:21.258Z: JOB_MESSAGE_BASIC: Executing operation WriteToBigQuery/WriteToBigQuery/BigQueryBatchFileLoads/ParDo(TriggerCopyJobs)/ParDo(TriggerCopyJobs)/View-python_side_input1
[2024-07-23T09:44:21.704+0000] {dataflow_runner.py:203} INFO - 2024-07-23T09:44:21.274Z: JOB_MESSAGE_BASIC: Executing operation WriteToBigQuery/WriteToBigQuery/BigQueryBatchFileLoads/Flatten
[2024-07-23T09:44:21.705+0000] {dataflow_runner.py:203} INFO - 2024-07-23T09:44:21.361Z: JOB_MESSAGE_BASIC: Finished operation WriteToBigQuery/WriteToBigQuery/BigQueryBatchFileLoads/ParDo(TriggerCopyJobs)/ParDo(TriggerCopyJobs)/View-python_side_input1
[2024-07-23T09:44:21.705+0000] {dataflow_runner.py:203} INFO - 2024-07-23T09:44:21.428Z: JOB_MESSAGE_BASIC: Executing operation WriteToBigQuery/WriteToBigQuery/BigQueryBatchFileLoads/ParDo(TriggerCopyJobs)/ParDo(TriggerCopyJobs)
[2024-07-23T09:44:21.706+0000] {dataflow_runner.py:203} INFO - 2024-07-23T09:44:21.462Z: JOB_MESSAGE_BASIC: Finished operation WriteToBigQuery/WriteToBigQuery/BigQueryBatchFileLoads/Flatten
[2024-07-23T09:44:21.706+0000] {dataflow_runner.py:203} INFO - 2024-07-23T09:44:22.272Z: JOB_MESSAGE_BASIC: Finished operation WriteLog/WriteLogGCS/Write/WriteImpl/GroupByKey/Close
[2024-07-23T09:44:21.707+0000] {dataflow_runner.py:203} INFO - 2024-07-23T09:44:22.300Z: JOB_MESSAGE_BASIC: Executing operation WriteLog/WriteLogGCS/Write/WriteImpl/GroupByKey/Read+WriteLog/WriteLogGCS/Write/WriteImpl/Extract
[2024-07-23T09:44:27.011+0000] {dataflow_runner.py:203} INFO - 2024-07-23T09:44:24.547Z: JOB_MESSAGE_BASIC: Finished operation WriteToBigQuery/WriteToBigQuery/BigQueryBatchFileLoads/ParDo(TriggerCopyJobs)/ParDo(TriggerCopyJobs)
[2024-07-23T09:44:27.012+0000] {dataflow_runner.py:203} INFO - 2024-07-23T09:44:24.602Z: JOB_MESSAGE_BASIC: Executing operation WriteToBigQuery/WriteToBigQuery/BigQueryBatchFileLoads/RemoveTempTables/AddUselessValue/View-python_side_input0
[2024-07-23T09:44:27.013+0000] {dataflow_runner.py:203} INFO - 2024-07-23T09:44:24.694Z: JOB_MESSAGE_BASIC: Finished operation WriteToBigQuery/WriteToBigQuery/BigQueryBatchFileLoads/RemoveTempTables/AddUselessValue/View-python_side_input0
[2024-07-23T09:44:27.014+0000] {dataflow_runner.py:203} INFO - 2024-07-23T09:44:24.746Z: JOB_MESSAGE_BASIC: Executing operation WriteToBigQuery/WriteToBigQuery/BigQueryBatchFileLoads/RemoveTempTables/DeduplicateTables/Create
[2024-07-23T09:44:27.014+0000] {dataflow_runner.py:203} INFO - 2024-07-23T09:44:24.769Z: JOB_MESSAGE_BASIC: Finished operation WriteLog/WriteLogGCS/Write/WriteImpl/GroupByKey/Read+WriteLog/WriteLogGCS/Write/WriteImpl/Extract
[2024-07-23T09:44:27.015+0000] {dataflow_runner.py:203} INFO - 2024-07-23T09:44:24.821Z: JOB_MESSAGE_BASIC: Executing operation WriteLog/WriteLogGCS/Write/WriteImpl/FinalizeWrite/View-python_side_input1
[2024-07-23T09:44:27.015+0000] {dataflow_runner.py:203} INFO - 2024-07-23T09:44:24.833Z: JOB_MESSAGE_BASIC: Executing operation WriteLog/WriteLogGCS/Write/WriteImpl/PreFinalize/View-python_side_input1
[2024-07-23T09:44:27.015+0000] {dataflow_runner.py:203} INFO - 2024-07-23T09:44:24.920Z: JOB_MESSAGE_BASIC: Finished operation WriteLog/WriteLogGCS/Write/WriteImpl/FinalizeWrite/View-python_side_input1
[2024-07-23T09:44:27.016+0000] {dataflow_runner.py:203} INFO - 2024-07-23T09:44:24.924Z: JOB_MESSAGE_BASIC: Finished operation WriteLog/WriteLogGCS/Write/WriteImpl/PreFinalize/View-python_side_input1
[2024-07-23T09:44:27.016+0000] {dataflow_runner.py:203} INFO - 2024-07-23T09:44:24.980Z: JOB_MESSAGE_BASIC: Executing operation WriteLog/WriteLogGCS/Write/WriteImpl/PreFinalize
[2024-07-23T09:44:27.017+0000] {dataflow_runner.py:203} INFO - 2024-07-23T09:44:24.991Z: JOB_MESSAGE_BASIC: Finished operation WriteToBigQuery/WriteToBigQuery/BigQueryBatchFileLoads/RemoveTempTables/DeduplicateTables/Create
[2024-07-23T09:44:27.017+0000] {dataflow_runner.py:203} INFO - 2024-07-23T09:44:25.041Z: JOB_MESSAGE_BASIC: Executing operation WriteToBigQuery/WriteToBigQuery/BigQueryBatchFileLoads/RemoveTempTables/AddUselessValue+WriteToBigQuery/WriteToBigQuery/BigQueryBatchFileLoads/RemoveTempTables/DeduplicateTables/Write
[2024-07-23T09:44:27.018+0000] {dataflow_runner.py:203} INFO - 2024-07-23T09:44:25.673Z: JOB_MESSAGE_BASIC: Finished operation WriteToBigQuery/WriteToBigQuery/BigQueryBatchFileLoads/RemoveTempTables/AddUselessValue+WriteToBigQuery/WriteToBigQuery/BigQueryBatchFileLoads/RemoveTempTables/DeduplicateTables/Write
[2024-07-23T09:44:27.018+0000] {dataflow_runner.py:203} INFO - 2024-07-23T09:44:25.698Z: JOB_MESSAGE_BASIC: Executing operation WriteToBigQuery/WriteToBigQuery/BigQueryBatchFileLoads/RemoveTempTables/DeduplicateTables/Close
[2024-07-23T09:44:27.019+0000] {dataflow_runner.py:203} INFO - 2024-07-23T09:44:25.727Z: JOB_MESSAGE_BASIC: Finished operation WriteToBigQuery/WriteToBigQuery/BigQueryBatchFileLoads/RemoveTempTables/DeduplicateTables/Close
[2024-07-23T09:44:27.019+0000] {dataflow_runner.py:203} INFO - 2024-07-23T09:44:25.752Z: JOB_MESSAGE_BASIC: Executing operation WriteToBigQuery/WriteToBigQuery/BigQueryBatchFileLoads/RemoveTempTables/DeduplicateTables/Read+WriteToBigQuery/WriteToBigQuery/BigQueryBatchFileLoads/RemoveTempTables/GetTableNames/Keys+WriteToBigQuery/WriteToBigQuery/BigQueryBatchFileLoads/RemoveTempTables/Delete
[2024-07-23T09:44:27.020+0000] {dataflow_runner.py:203} INFO - 2024-07-23T09:44:25.876Z: JOB_MESSAGE_BASIC: Finished operation WriteToBigQuery/WriteToBigQuery/BigQueryBatchFileLoads/RemoveTempTables/DeduplicateTables/Read+WriteToBigQuery/WriteToBigQuery/BigQueryBatchFileLoads/RemoveTempTables/GetTableNames/Keys+WriteToBigQuery/WriteToBigQuery/BigQueryBatchFileLoads/RemoveTempTables/Delete
[2024-07-23T09:44:27.021+0000] {dataflow_runner.py:203} INFO - 2024-07-23T09:44:29.205Z: JOB_MESSAGE_BASIC: Finished operation WriteLog/WriteLogGCS/Write/WriteImpl/PreFinalize
[2024-07-23T09:44:27.021+0000] {dataflow_runner.py:203} INFO - 2024-07-23T09:44:29.254Z: JOB_MESSAGE_BASIC: Executing operation WriteLog/WriteLogGCS/Write/WriteImpl/FinalizeWrite/View-python_side_input2
[2024-07-23T09:44:27.022+0000] {dataflow_runner.py:203} INFO - 2024-07-23T09:44:29.357Z: JOB_MESSAGE_BASIC: Finished operation WriteLog/WriteLogGCS/Write/WriteImpl/FinalizeWrite/View-python_side_input2
[2024-07-23T09:44:32.395+0000] {dataflow_runner.py:203} INFO - 2024-07-23T09:44:29.407Z: JOB_MESSAGE_BASIC: Executing operation WriteLog/WriteLogGCS/Write/WriteImpl/FinalizeWrite
[2024-07-23T09:44:32.395+0000] {dataflow_runner.py:203} INFO - 2024-07-23T09:44:32.057Z: JOB_MESSAGE_BASIC: Finished operation WriteLog/WriteLogGCS/Write/WriteImpl/FinalizeWrite
[2024-07-23T09:44:32.396+0000] {dataflow_runner.py:203} INFO - 2024-07-23T09:44:32.515Z: JOB_MESSAGE_BASIC: Stopping worker pool...
[2024-07-23T09:45:15.321+0000] {dataflow_runner.py:203} INFO - 2024-07-23T09:45:14.002Z: JOB_MESSAGE_BASIC: Worker pool stopped.
[2024-07-23T09:45:20.878+0000] {dataflow_runner.py:153} INFO - Job 2024-07-23_02_40_07-13088410612660706873 is in state JOB_STATE_DONE
[2024-07-23T09:45:22.044+0000] {pipeline_options.py:923} WARNING - Bucket specified in temp_location has soft-delete policy enabled. To avoid being billed for unnecessary storage costs, turn off the soft delete feature on buckets that your Dataflow jobs use for temporary and staging storage. For more information, see https://cloud.google.com/storage/docs/use-soft-delete#remove-soft-delete-policy.
[2024-07-23T09:45:22.273+0000] {pipeline_options.py:923} WARNING - Bucket specified in staging_location has soft-delete policy enabled. To avoid being billed for unnecessary storage costs, turn off the soft delete feature on buckets that your Dataflow jobs use for temporary and staging storage. For more information, see https://cloud.google.com/storage/docs/use-soft-delete#remove-soft-delete-policy.
[2024-07-23T09:45:22.503+0000] {stager.py:800} INFO - Executing command: ['/usr/local/bin/python', '-m', 'build', '--no-isolation', '--sdist', '--outdir', '/tmp/tmp0p_35bhm', '/opt/***/plugins']
[2024-07-23T09:45:22.567+0000] {stager.py:810} INFO - Executing command: ['/usr/local/bin/python', 'setup.py', 'sdist', '--dist-dir', '/tmp/tmp0p_35bhm']
[2024-07-23T09:45:24.556+0000] {dataflow_runner.py:397} INFO - Pipeline has additional dependencies to be installed in SDK worker container, consider using the SDK container image pre-building workflow to avoid repetitive installations. Learn more on https://cloud.google.com/dataflow/docs/guides/using-custom-containers#prebuild
[2024-07-23T09:45:24.559+0000] {environments.py:314} INFO - Using provided Python SDK container image: gcr.io/cloud-dataflow/v1beta3/beam_python3.8_sdk:2.57.0
[2024-07-23T09:45:24.560+0000] {environments.py:321} INFO - Python SDK container image set to "gcr.io/cloud-dataflow/v1beta3/beam_python3.8_sdk:2.57.0" for Docker environment
[2024-07-23T09:45:24.902+0000] {apiclient.py:663} INFO - Starting GCS upload to gs://ingestion_layer/staging/dim-country-bigquery-etl.1721727601.724773/dim-country-bigquery-etl.1721727924.893908/workflow.tar.gz...
[2024-07-23T09:45:25.927+0000] {apiclient.py:673} INFO - Completed GCS upload to gs://ingestion_layer/staging/dim-country-bigquery-etl.1721727601.724773/dim-country-bigquery-etl.1721727924.893908/workflow.tar.gz in 1 seconds.
[2024-07-23T09:45:25.928+0000] {apiclient.py:663} INFO - Starting GCS upload to gs://ingestion_layer/staging/dim-country-bigquery-etl.1721727601.724773/dim-country-bigquery-etl.1721727924.893908/submission_environment_dependencies.txt...
[2024-07-23T09:45:26.783+0000] {apiclient.py:673} INFO - Completed GCS upload to gs://ingestion_layer/staging/dim-country-bigquery-etl.1721727601.724773/dim-country-bigquery-etl.1721727924.893908/submission_environment_dependencies.txt in 0 seconds.
[2024-07-23T09:45:26.784+0000] {apiclient.py:663} INFO - Starting GCS upload to gs://ingestion_layer/staging/dim-country-bigquery-etl.1721727601.724773/dim-country-bigquery-etl.1721727924.893908/pipeline.pb...
[2024-07-23T09:45:27.860+0000] {apiclient.py:673} INFO - Completed GCS upload to gs://ingestion_layer/staging/dim-country-bigquery-etl.1721727601.724773/dim-country-bigquery-etl.1721727924.893908/pipeline.pb in 1 seconds.
[2024-07-23T09:45:27.883+0000] {pipeline_options.py:339} WARNING - Unknown pipeline options received: celery,worker. Ignore if flags are used for internal purposes.
[2024-07-23T09:45:27.891+0000] {pipeline_options.py:339} WARNING - Unknown pipeline options received: celery,worker. Ignore if flags are used for internal purposes.
[2024-07-23T09:45:29.294+0000] {apiclient.py:844} INFO - Create job: <Job
 clientRequestId: '20240723094524894934-4315'
 createTime: '2024-07-23T09:45:31.725379Z'
 currentStateTime: '1970-01-01T00:00:00Z'
 id: '2024-07-23_02_45_31-17989481940801135369'
 location: 'asia-southeast2'
 name: 'dim-country-bigquery-etl'
 projectId: 'liquid-kite-423215-s2'
 stageStates: []
 startTime: '2024-07-23T09:45:31.725379Z'
 steps: []
 tempFiles: []
 type: TypeValueValuesEnum(JOB_TYPE_BATCH, 1)>
[2024-07-23T09:45:29.295+0000] {apiclient.py:846} INFO - Created job with id: [2024-07-23_02_45_31-17989481940801135369]
[2024-07-23T09:45:29.296+0000] {apiclient.py:847} INFO - Submitted job: 2024-07-23_02_45_31-17989481940801135369
[2024-07-23T09:45:29.297+0000] {apiclient.py:848} INFO - To access the Dataflow monitoring console, please navigate to https://console.cloud.google.com/dataflow/jobs/asia-southeast2/2024-07-23_02_45_31-17989481940801135369?project=liquid-kite-423215-s2
[2024-07-23T09:45:29.750+0000] {dataflow_runner.py:153} INFO - Job 2024-07-23_02_45_31-17989481940801135369 is in state JOB_STATE_PENDING
[2024-07-23T09:45:34.904+0000] {dataflow_runner.py:203} INFO - 2024-07-23T09:45:35.987Z: JOB_MESSAGE_BASIC: Worker configuration: n1-standard-1 in asia-southeast2-c.
[2024-07-23T09:45:40.280+0000] {dataflow_runner.py:203} INFO - 2024-07-23T09:45:38.426Z: JOB_MESSAGE_BASIC: Executing operation WriteToBigQuery/WriteToBigQuery/BigQueryBatchFileLoads/ImpulseEmptyPC/Impulse+WriteToBigQuery/WriteToBigQuery/BigQueryBatchFileLoads/ImpulseEmptyPC/FlatMap(<lambda at core.py:3788>)+WriteToBigQuery/WriteToBigQuery/BigQueryBatchFileLoads/ImpulseEmptyPC/Map(decode)
[2024-07-23T09:45:40.281+0000] {dataflow_runner.py:203} INFO - 2024-07-23T09:45:38.437Z: JOB_MESSAGE_BASIC: Executing operation Start/Impulse+Start/FlatMap(<lambda at core.py:3788>)+Start/Map(decode)
[2024-07-23T09:45:40.281+0000] {dataflow_runner.py:203} INFO - 2024-07-23T09:45:38.449Z: JOB_MESSAGE_BASIC: Executing operation WriteToBigQuery/WriteToBigQuery/BigQueryBatchFileLoads/ImpulseSingleElementPC/Impulse+WriteToBigQuery/WriteToBigQuery/BigQueryBatchFileLoads/ImpulseSingleElementPC/FlatMap(<lambda at core.py:3788>)+WriteToBigQuery/WriteToBigQuery/BigQueryBatchFileLoads/ImpulseSingleElementPC/Map(decode)+WriteToBigQuery/WriteToBigQuery/BigQueryBatchFileLoads/CopyJobNamePrefix+WriteToBigQuery/WriteToBigQuery/BigQueryBatchFileLoads/GenerateFilePrefix+WriteToBigQuery/WriteToBigQuery/BigQueryBatchFileLoads/LoadJobNamePrefix+WriteToBigQuery/WriteToBigQuery/BigQueryBatchFileLoads/SchemaModJobNamePrefix
[2024-07-23T09:45:40.282+0000] {dataflow_runner.py:203} INFO - 2024-07-23T09:45:38.460Z: JOB_MESSAGE_BASIC: Executing operation WriteLog/WriteLogGCS/Write/WriteImpl/DoOnce/Impulse+WriteLog/WriteLogGCS/Write/WriteImpl/DoOnce/FlatMap(<lambda at core.py:3788>)+WriteLog/WriteLogGCS/Write/WriteImpl/DoOnce/Map(decode)+WriteLog/WriteLogGCS/Write/WriteImpl/InitializeWrite
[2024-07-23T09:45:40.282+0000] {dataflow_runner.py:203} INFO - 2024-07-23T09:45:38.460Z: JOB_MESSAGE_BASIC: Starting 1 workers in asia-southeast2...
[2024-07-23T09:45:40.283+0000] {dataflow_runner.py:203} INFO - 2024-07-23T09:45:38.472Z: JOB_MESSAGE_BASIC: Executing operation ReadAvro/ReadAvro/Read/Impulse+ReadAvro/ReadAvro/Read/EmitSource+ref_AppliedPTransform_ReadAvro-ReadAvro-Read-SDFBoundedSourceReader-ParDo-SDFBoundedSourceDoFn-_13/PairWithRestriction+ref_AppliedPTransform_ReadAvro-ReadAvro-Read-SDFBoundedSourceReader-ParDo-SDFBoundedSourceDoFn-_13/SplitWithSizing
[2024-07-23T09:45:40.438+0000] {dataflow_runner.py:153} INFO - Job 2024-07-23_02_45_31-17989481940801135369 is in state JOB_STATE_RUNNING
[2024-07-23T09:49:21.308+0000] {dataflow_runner.py:203} INFO - 2024-07-23T09:49:21.549Z: JOB_MESSAGE_BASIC: All workers have finished the startup processes and began to receive work requests.
[2024-07-23T09:49:26.620+0000] {dataflow_runner.py:203} INFO - 2024-07-23T09:49:24.160Z: JOB_MESSAGE_BASIC: Finished operation Start/Impulse+Start/FlatMap(<lambda at core.py:3788>)+Start/Map(decode)
[2024-07-23T09:49:26.620+0000] {dataflow_runner.py:203} INFO - 2024-07-23T09:49:24.250Z: JOB_MESSAGE_BASIC: Finished operation WriteToBigQuery/WriteToBigQuery/BigQueryBatchFileLoads/ImpulseEmptyPC/Impulse+WriteToBigQuery/WriteToBigQuery/BigQueryBatchFileLoads/ImpulseEmptyPC/FlatMap(<lambda at core.py:3788>)+WriteToBigQuery/WriteToBigQuery/BigQueryBatchFileLoads/ImpulseEmptyPC/Map(decode)
[2024-07-23T09:49:26.621+0000] {dataflow_runner.py:203} INFO - 2024-07-23T09:49:24.300Z: JOB_MESSAGE_BASIC: Finished operation ReadAvro/ReadAvro/Read/Impulse+ReadAvro/ReadAvro/Read/EmitSource+ref_AppliedPTransform_ReadAvro-ReadAvro-Read-SDFBoundedSourceReader-ParDo-SDFBoundedSourceDoFn-_13/PairWithRestriction+ref_AppliedPTransform_ReadAvro-ReadAvro-Read-SDFBoundedSourceReader-ParDo-SDFBoundedSourceDoFn-_13/SplitWithSizing
[2024-07-23T09:49:26.621+0000] {dataflow_runner.py:203} INFO - 2024-07-23T09:49:24.372Z: JOB_MESSAGE_BASIC: Executing operation RemoveDuplicates/GroupByKey/Create
[2024-07-23T09:49:26.621+0000] {dataflow_runner.py:203} INFO - 2024-07-23T09:49:25.097Z: JOB_MESSAGE_BASIC: Finished operation RemoveDuplicates/GroupByKey/Create
[2024-07-23T09:49:26.621+0000] {dataflow_runner.py:203} INFO - 2024-07-23T09:49:25.166Z: JOB_MESSAGE_BASIC: Executing operation ref_AppliedPTransform_ReadAvro-ReadAvro-Read-SDFBoundedSourceReader-ParDo-SDFBoundedSourceDoFn-_13/ProcessElementAndRestrictionWithSizing+RemoveDuplicates/PairWithKey+RemoveDuplicates/GroupByKey/Write
[2024-07-23T09:49:26.622+0000] {dataflow_runner.py:203} INFO - 2024-07-23T09:49:25.284Z: JOB_MESSAGE_BASIC: Finished operation WriteToBigQuery/WriteToBigQuery/BigQueryBatchFileLoads/ImpulseSingleElementPC/Impulse+WriteToBigQuery/WriteToBigQuery/BigQueryBatchFileLoads/ImpulseSingleElementPC/FlatMap(<lambda at core.py:3788>)+WriteToBigQuery/WriteToBigQuery/BigQueryBatchFileLoads/ImpulseSingleElementPC/Map(decode)+WriteToBigQuery/WriteToBigQuery/BigQueryBatchFileLoads/CopyJobNamePrefix+WriteToBigQuery/WriteToBigQuery/BigQueryBatchFileLoads/GenerateFilePrefix+WriteToBigQuery/WriteToBigQuery/BigQueryBatchFileLoads/LoadJobNamePrefix+WriteToBigQuery/WriteToBigQuery/BigQueryBatchFileLoads/SchemaModJobNamePrefix
[2024-07-23T09:49:26.622+0000] {dataflow_runner.py:203} INFO - 2024-07-23T09:49:25.384Z: JOB_MESSAGE_BASIC: Executing operation WriteToBigQuery/WriteToBigQuery/BigQueryBatchFileLoads/ParDo(TriggerCopyJobs)/ParDo(TriggerCopyJobs)/View-python_side_input0
[2024-07-23T09:49:26.622+0000] {dataflow_runner.py:203} INFO - 2024-07-23T09:49:25.404Z: JOB_MESSAGE_BASIC: Executing operation WriteToBigQuery/WriteToBigQuery/BigQueryBatchFileLoads/WriteGroupedRecordsToFile/View-python_side_input0
[2024-07-23T09:49:26.622+0000] {dataflow_runner.py:203} INFO - 2024-07-23T09:49:25.417Z: JOB_MESSAGE_BASIC: Executing operation WriteToBigQuery/WriteToBigQuery/BigQueryBatchFileLoads/ParDo(WriteRecordsToFile)/ParDo(WriteRecordsToFile)/View-python_side_input0
[2024-07-23T09:49:26.623+0000] {dataflow_runner.py:203} INFO - 2024-07-23T09:49:25.432Z: JOB_MESSAGE_BASIC: Executing operation WriteToBigQuery/WriteToBigQuery/BigQueryBatchFileLoads/TriggerLoadJobsWithTempTables/ParDo(TriggerLoadJobs)/View-python_side_input0
[2024-07-23T09:49:26.623+0000] {dataflow_runner.py:203} INFO - 2024-07-23T09:49:25.446Z: JOB_MESSAGE_BASIC: Executing operation WriteToBigQuery/WriteToBigQuery/BigQueryBatchFileLoads/TriggerLoadJobsWithoutTempTables/ParDo(TriggerLoadJobs)/View-python_side_input0
[2024-07-23T09:49:26.623+0000] {dataflow_runner.py:203} INFO - 2024-07-23T09:49:25.463Z: JOB_MESSAGE_BASIC: Executing operation WriteToBigQuery/WriteToBigQuery/BigQueryBatchFileLoads/ParDo(UpdateDestinationSchema)/View-python_side_input0
[2024-07-23T09:49:26.624+0000] {dataflow_runner.py:203} INFO - 2024-07-23T09:49:25.501Z: JOB_MESSAGE_BASIC: Finished operation WriteToBigQuery/WriteToBigQuery/BigQueryBatchFileLoads/ParDo(TriggerCopyJobs)/ParDo(TriggerCopyJobs)/View-python_side_input0
[2024-07-23T09:49:26.624+0000] {dataflow_runner.py:203} INFO - 2024-07-23T09:49:25.504Z: JOB_MESSAGE_BASIC: Finished operation WriteToBigQuery/WriteToBigQuery/BigQueryBatchFileLoads/WriteGroupedRecordsToFile/View-python_side_input0
[2024-07-23T09:49:26.624+0000] {dataflow_runner.py:203} INFO - 2024-07-23T09:49:25.517Z: JOB_MESSAGE_BASIC: Finished operation WriteToBigQuery/WriteToBigQuery/BigQueryBatchFileLoads/ParDo(UpdateDestinationSchema)/View-python_side_input0
[2024-07-23T09:49:26.625+0000] {dataflow_runner.py:203} INFO - 2024-07-23T09:49:25.524Z: JOB_MESSAGE_BASIC: Finished operation WriteToBigQuery/WriteToBigQuery/BigQueryBatchFileLoads/ParDo(WriteRecordsToFile)/ParDo(WriteRecordsToFile)/View-python_side_input0
[2024-07-23T09:49:26.625+0000] {dataflow_runner.py:203} INFO - 2024-07-23T09:49:25.544Z: JOB_MESSAGE_BASIC: Finished operation WriteToBigQuery/WriteToBigQuery/BigQueryBatchFileLoads/TriggerLoadJobsWithTempTables/ParDo(TriggerLoadJobs)/View-python_side_input0
[2024-07-23T09:49:26.625+0000] {dataflow_runner.py:203} INFO - 2024-07-23T09:49:25.570Z: JOB_MESSAGE_BASIC: Finished operation WriteToBigQuery/WriteToBigQuery/BigQueryBatchFileLoads/TriggerLoadJobsWithoutTempTables/ParDo(TriggerLoadJobs)/View-python_side_input0
[2024-07-23T09:49:26.625+0000] {dataflow_runner.py:203} INFO - 2024-07-23T09:49:25.897Z: JOB_MESSAGE_BASIC: Finished operation WriteLog/WriteLogGCS/Write/WriteImpl/DoOnce/Impulse+WriteLog/WriteLogGCS/Write/WriteImpl/DoOnce/FlatMap(<lambda at core.py:3788>)+WriteLog/WriteLogGCS/Write/WriteImpl/DoOnce/Map(decode)+WriteLog/WriteLogGCS/Write/WriteImpl/InitializeWrite
[2024-07-23T09:49:26.626+0000] {dataflow_runner.py:203} INFO - 2024-07-23T09:49:25.990Z: JOB_MESSAGE_BASIC: Executing operation WriteLog/WriteLogGCS/Write/WriteImpl/WriteBundles/View-python_side_input0
[2024-07-23T09:49:26.626+0000] {dataflow_runner.py:203} INFO - 2024-07-23T09:49:26.006Z: JOB_MESSAGE_BASIC: Executing operation WriteLog/WriteLogGCS/Write/WriteImpl/FinalizeWrite/View-python_side_input0
[2024-07-23T09:49:26.626+0000] {dataflow_runner.py:203} INFO - 2024-07-23T09:49:26.023Z: JOB_MESSAGE_BASIC: Executing operation WriteLog/WriteLogGCS/Write/WriteImpl/PreFinalize/View-python_side_input0
[2024-07-23T09:49:26.626+0000] {dataflow_runner.py:203} INFO - 2024-07-23T09:49:26.097Z: JOB_MESSAGE_BASIC: Finished operation WriteLog/WriteLogGCS/Write/WriteImpl/WriteBundles/View-python_side_input0
[2024-07-23T09:49:26.627+0000] {dataflow_runner.py:203} INFO - 2024-07-23T09:49:26.105Z: JOB_MESSAGE_BASIC: Finished operation WriteLog/WriteLogGCS/Write/WriteImpl/FinalizeWrite/View-python_side_input0
[2024-07-23T09:49:26.627+0000] {dataflow_runner.py:203} INFO - 2024-07-23T09:49:26.129Z: JOB_MESSAGE_BASIC: Finished operation WriteLog/WriteLogGCS/Write/WriteImpl/PreFinalize/View-python_side_input0
[2024-07-23T09:49:26.627+0000] {dataflow_runner.py:203} INFO - 2024-07-23T09:49:26.456Z: JOB_MESSAGE_BASIC: Finished operation ref_AppliedPTransform_ReadAvro-ReadAvro-Read-SDFBoundedSourceReader-ParDo-SDFBoundedSourceDoFn-_13/ProcessElementAndRestrictionWithSizing+RemoveDuplicates/PairWithKey+RemoveDuplicates/GroupByKey/Write
[2024-07-23T09:49:26.628+0000] {dataflow_runner.py:203} INFO - 2024-07-23T09:49:26.490Z: JOB_MESSAGE_BASIC: Executing operation RemoveDuplicates/GroupByKey/Close
[2024-07-23T09:49:26.628+0000] {dataflow_runner.py:203} INFO - 2024-07-23T09:49:26.755Z: JOB_MESSAGE_BASIC: Finished operation RemoveDuplicates/GroupByKey/Close
[2024-07-23T09:49:26.628+0000] {dataflow_runner.py:203} INFO - 2024-07-23T09:49:26.794Z: JOB_MESSAGE_BASIC: Executing operation WriteToBigQuery/WriteToBigQuery/BigQueryBatchFileLoads/GroupShardedRows/Create
[2024-07-23T09:49:26.629+0000] {dataflow_runner.py:203} INFO - 2024-07-23T09:49:26.808Z: JOB_MESSAGE_BASIC: Executing operation FindMaxDateString/CombinePerKey/GroupByKey/Create
[2024-07-23T09:49:26.629+0000] {dataflow_runner.py:203} INFO - 2024-07-23T09:49:26.883Z: JOB_MESSAGE_BASIC: Finished operation WriteToBigQuery/WriteToBigQuery/BigQueryBatchFileLoads/GroupShardedRows/Create
[2024-07-23T09:49:26.630+0000] {dataflow_runner.py:203} INFO - 2024-07-23T09:49:26.891Z: JOB_MESSAGE_BASIC: Finished operation FindMaxDateString/CombinePerKey/GroupByKey/Create
[2024-07-23T09:49:26.630+0000] {dataflow_runner.py:203} INFO - 2024-07-23T09:49:26.955Z: JOB_MESSAGE_BASIC: Executing operation WriteToBigQuery/WriteToBigQuery/BigQueryBatchFileLoads/GroupFilesByTableDestinations/Create
[2024-07-23T09:49:26.630+0000] {dataflow_runner.py:203} INFO - 2024-07-23T09:49:27.044Z: JOB_MESSAGE_BASIC: Finished operation WriteToBigQuery/WriteToBigQuery/BigQueryBatchFileLoads/GroupFilesByTableDestinations/Create
[2024-07-23T09:49:26.631+0000] {dataflow_runner.py:203} INFO - 2024-07-23T09:49:27.120Z: JOB_MESSAGE_BASIC: Executing operation RemoveDuplicates/GroupByKey/Read+RemoveDuplicates/RemoveDuplicates+ExtractDateString+WriteToBigQuery/WriteToBigQuery/BigQueryBatchFileLoads/RewindowIntoGlobal+FindMaxDateString/KeyWithVoid+FindMaxDateString/CombinePerKey/GroupByKey+FindMaxDateString/CombinePerKey/Combine/Partial+FindMaxDateString/CombinePerKey/GroupByKey/Write+WriteToBigQuery/WriteToBigQuery/BigQueryBatchFileLoads/AppendDestination+WriteToBigQuery/WriteToBigQuery/BigQueryBatchFileLoads/ParDo(WriteRecordsToFile)/ParDo(WriteRecordsToFile)+WriteToBigQuery/WriteToBigQuery/BigQueryBatchFileLoads/IdentityWorkaround+WriteToBigQuery/WriteToBigQuery/BigQueryBatchFileLoads/GroupFilesByTableDestinations/Write+WriteToBigQuery/WriteToBigQuery/BigQueryBatchFileLoads/ParDo(_ShardDestinations)+WriteToBigQuery/WriteToBigQuery/BigQueryBatchFileLoads/GroupShardedRows/Write
[2024-07-23T09:49:26.631+0000] {dataflow_runner.py:203} INFO - 2024-07-23T09:49:28.695Z: JOB_MESSAGE_BASIC: Finished operation RemoveDuplicates/GroupByKey/Read+RemoveDuplicates/RemoveDuplicates+ExtractDateString+WriteToBigQuery/WriteToBigQuery/BigQueryBatchFileLoads/RewindowIntoGlobal+FindMaxDateString/KeyWithVoid+FindMaxDateString/CombinePerKey/GroupByKey+FindMaxDateString/CombinePerKey/Combine/Partial+FindMaxDateString/CombinePerKey/GroupByKey/Write+WriteToBigQuery/WriteToBigQuery/BigQueryBatchFileLoads/AppendDestination+WriteToBigQuery/WriteToBigQuery/BigQueryBatchFileLoads/ParDo(WriteRecordsToFile)/ParDo(WriteRecordsToFile)+WriteToBigQuery/WriteToBigQuery/BigQueryBatchFileLoads/IdentityWorkaround+WriteToBigQuery/WriteToBigQuery/BigQueryBatchFileLoads/GroupFilesByTableDestinations/Write+WriteToBigQuery/WriteToBigQuery/BigQueryBatchFileLoads/ParDo(_ShardDestinations)+WriteToBigQuery/WriteToBigQuery/BigQueryBatchFileLoads/GroupShardedRows/Write
[2024-07-23T09:49:26.632+0000] {dataflow_runner.py:203} INFO - 2024-07-23T09:49:28.722Z: JOB_MESSAGE_BASIC: Executing operation WriteToBigQuery/WriteToBigQuery/BigQueryBatchFileLoads/GroupShardedRows/Close
[2024-07-23T09:49:26.633+0000] {dataflow_runner.py:203} INFO - 2024-07-23T09:49:28.734Z: JOB_MESSAGE_BASIC: Executing operation FindMaxDateString/CombinePerKey/GroupByKey/Close
[2024-07-23T09:49:26.633+0000] {dataflow_runner.py:203} INFO - 2024-07-23T09:49:28.754Z: JOB_MESSAGE_BASIC: Finished operation WriteToBigQuery/WriteToBigQuery/BigQueryBatchFileLoads/GroupShardedRows/Close
[2024-07-23T09:49:26.634+0000] {dataflow_runner.py:203} INFO - 2024-07-23T09:49:28.780Z: JOB_MESSAGE_BASIC: Executing operation WriteToBigQuery/WriteToBigQuery/BigQueryBatchFileLoads/GroupShardedRows/Read+WriteToBigQuery/WriteToBigQuery/BigQueryBatchFileLoads/DropShardNumber+WriteToBigQuery/WriteToBigQuery/BigQueryBatchFileLoads/WriteGroupedRecordsToFile+WriteToBigQuery/WriteToBigQuery/BigQueryBatchFileLoads/DestinationFilesUnion/InputIdentity+WriteToBigQuery/WriteToBigQuery/BigQueryBatchFileLoads/IdentityWorkaround+WriteToBigQuery/WriteToBigQuery/BigQueryBatchFileLoads/GroupFilesByTableDestinations/Write
[2024-07-23T09:49:31.939+0000] {dataflow_runner.py:203} INFO - 2024-07-23T09:49:29.069Z: JOB_MESSAGE_BASIC: Finished operation WriteToBigQuery/WriteToBigQuery/BigQueryBatchFileLoads/GroupShardedRows/Read+WriteToBigQuery/WriteToBigQuery/BigQueryBatchFileLoads/DropShardNumber+WriteToBigQuery/WriteToBigQuery/BigQueryBatchFileLoads/WriteGroupedRecordsToFile+WriteToBigQuery/WriteToBigQuery/BigQueryBatchFileLoads/DestinationFilesUnion/InputIdentity+WriteToBigQuery/WriteToBigQuery/BigQueryBatchFileLoads/IdentityWorkaround+WriteToBigQuery/WriteToBigQuery/BigQueryBatchFileLoads/GroupFilesByTableDestinations/Write
[2024-07-23T09:49:31.941+0000] {dataflow_runner.py:203} INFO - 2024-07-23T09:49:29.094Z: JOB_MESSAGE_BASIC: Executing operation WriteToBigQuery/WriteToBigQuery/BigQueryBatchFileLoads/GroupFilesByTableDestinations/Close
[2024-07-23T09:49:31.942+0000] {dataflow_runner.py:203} INFO - 2024-07-23T09:49:29.124Z: JOB_MESSAGE_BASIC: Finished operation WriteToBigQuery/WriteToBigQuery/BigQueryBatchFileLoads/GroupFilesByTableDestinations/Close
[2024-07-23T09:49:31.943+0000] {dataflow_runner.py:203} INFO - 2024-07-23T09:49:29.151Z: JOB_MESSAGE_BASIC: Executing operation WriteToBigQuery/WriteToBigQuery/BigQueryBatchFileLoads/GroupFilesByTableDestinations/Read+WriteToBigQuery/WriteToBigQuery/BigQueryBatchFileLoads/ParDo(PartitionFiles)/ParDo(PartitionFiles)+WriteToBigQuery/WriteToBigQuery/BigQueryBatchFileLoads/TriggerLoadJobsWithTempTables/ParDo(TriggerLoadJobs)+WriteToBigQuery/WriteToBigQuery/BigQueryBatchFileLoads/Map(<lambda at bigquery_file_loads.py:1145>)+WriteToBigQuery/WriteToBigQuery/BigQueryBatchFileLoads/ParDo(UpdateDestinationSchema)+WriteToBigQuery/WriteToBigQuery/BigQueryBatchFileLoads/TriggerLoadJobsWithoutTempTables/ParDo(TriggerLoadJobs)
[2024-07-23T09:49:31.943+0000] {dataflow_runner.py:203} INFO - 2024-07-23T09:49:29.239Z: JOB_MESSAGE_BASIC: Finished operation FindMaxDateString/CombinePerKey/GroupByKey/Close
[2024-07-23T09:49:31.944+0000] {dataflow_runner.py:203} INFO - 2024-07-23T09:49:29.266Z: JOB_MESSAGE_BASIC: Executing operation FindMaxDateString/CombinePerKey/GroupByKey/Read+FindMaxDateString/CombinePerKey/Combine+FindMaxDateString/CombinePerKey/Combine/Extract+FindMaxDateString/UnKey
[2024-07-23T09:49:31.945+0000] {dataflow_runner.py:203} INFO - 2024-07-23T09:49:32.073Z: JOB_MESSAGE_BASIC: Finished operation FindMaxDateString/CombinePerKey/GroupByKey/Read+FindMaxDateString/CombinePerKey/Combine+FindMaxDateString/CombinePerKey/Combine/Extract+FindMaxDateString/UnKey
[2024-07-23T09:49:31.946+0000] {dataflow_runner.py:203} INFO - 2024-07-23T09:49:32.125Z: JOB_MESSAGE_BASIC: Executing operation FindMaxDateString/InjectDefault/View-python_side_input0
[2024-07-23T09:49:31.946+0000] {dataflow_runner.py:203} INFO - 2024-07-23T09:49:32.215Z: JOB_MESSAGE_BASIC: Finished operation FindMaxDateString/InjectDefault/View-python_side_input0
[2024-07-23T09:49:31.947+0000] {dataflow_runner.py:203} INFO - 2024-07-23T09:49:32.269Z: JOB_MESSAGE_BASIC: Executing operation WriteLog/WriteLogGCS/Write/WriteImpl/GroupByKey/Create
[2024-07-23T09:49:31.947+0000] {dataflow_runner.py:203} INFO - 2024-07-23T09:49:32.350Z: JOB_MESSAGE_BASIC: Finished operation WriteLog/WriteLogGCS/Write/WriteImpl/GroupByKey/Create
[2024-07-23T09:49:31.948+0000] {dataflow_runner.py:203} INFO - 2024-07-23T09:49:32.403Z: JOB_MESSAGE_BASIC: Executing operation FindMaxDateString/DoOnce/Impulse+FindMaxDateString/DoOnce/FlatMap(<lambda at core.py:3788>)+FindMaxDateString/DoOnce/Map(decode)+FindMaxDateString/InjectDefault+WriteLog/WriteLogGCS/Write/WriteImpl/WindowInto(WindowIntoFn)+WriteLog/WriteLogGCS/Write/WriteImpl/WriteBundles+WriteLog/WriteLogGCS/Write/WriteImpl/Pair+WriteLog/WriteLogGCS/Write/WriteImpl/GroupByKey/Write
[2024-07-23T09:49:42.661+0000] {dataflow_runner.py:203} INFO - 2024-07-23T09:49:44.072Z: JOB_MESSAGE_BASIC: Finished operation FindMaxDateString/DoOnce/Impulse+FindMaxDateString/DoOnce/FlatMap(<lambda at core.py:3788>)+FindMaxDateString/DoOnce/Map(decode)+FindMaxDateString/InjectDefault+WriteLog/WriteLogGCS/Write/WriteImpl/WindowInto(WindowIntoFn)+WriteLog/WriteLogGCS/Write/WriteImpl/WriteBundles+WriteLog/WriteLogGCS/Write/WriteImpl/Pair+WriteLog/WriteLogGCS/Write/WriteImpl/GroupByKey/Write
[2024-07-23T09:49:42.662+0000] {dataflow_runner.py:203} INFO - 2024-07-23T09:49:44.113Z: JOB_MESSAGE_BASIC: Executing operation WriteLog/WriteLogGCS/Write/WriteImpl/GroupByKey/Close
[2024-07-23T09:49:42.662+0000] {dataflow_runner.py:203} INFO - 2024-07-23T09:49:44.593Z: JOB_MESSAGE_BASIC: Finished operation WriteToBigQuery/WriteToBigQuery/BigQueryBatchFileLoads/GroupFilesByTableDestinations/Read+WriteToBigQuery/WriteToBigQuery/BigQueryBatchFileLoads/ParDo(PartitionFiles)/ParDo(PartitionFiles)+WriteToBigQuery/WriteToBigQuery/BigQueryBatchFileLoads/TriggerLoadJobsWithTempTables/ParDo(TriggerLoadJobs)+WriteToBigQuery/WriteToBigQuery/BigQueryBatchFileLoads/Map(<lambda at bigquery_file_loads.py:1145>)+WriteToBigQuery/WriteToBigQuery/BigQueryBatchFileLoads/ParDo(UpdateDestinationSchema)+WriteToBigQuery/WriteToBigQuery/BigQueryBatchFileLoads/TriggerLoadJobsWithoutTempTables/ParDo(TriggerLoadJobs)
[2024-07-23T09:49:42.663+0000] {dataflow_runner.py:203} INFO - 2024-07-23T09:49:44.722Z: JOB_MESSAGE_BASIC: Executing operation WriteToBigQuery/WriteToBigQuery/BigQueryBatchFileLoads/ParDo(TriggerCopyJobs)/ParDo(TriggerCopyJobs)/View-python_side_input1
[2024-07-23T09:49:42.663+0000] {dataflow_runner.py:203} INFO - 2024-07-23T09:49:44.743Z: JOB_MESSAGE_BASIC: Executing operation WriteToBigQuery/WriteToBigQuery/BigQueryBatchFileLoads/Flatten
[2024-07-23T09:49:42.663+0000] {dataflow_runner.py:203} INFO - 2024-07-23T09:49:44.829Z: JOB_MESSAGE_BASIC: Finished operation WriteToBigQuery/WriteToBigQuery/BigQueryBatchFileLoads/ParDo(TriggerCopyJobs)/ParDo(TriggerCopyJobs)/View-python_side_input1
[2024-07-23T09:49:42.663+0000] {dataflow_runner.py:203} INFO - 2024-07-23T09:49:44.906Z: JOB_MESSAGE_BASIC: Executing operation WriteToBigQuery/WriteToBigQuery/BigQueryBatchFileLoads/ParDo(TriggerCopyJobs)/ParDo(TriggerCopyJobs)
[2024-07-23T09:49:42.664+0000] {dataflow_runner.py:203} INFO - 2024-07-23T09:49:44.926Z: JOB_MESSAGE_BASIC: Finished operation WriteToBigQuery/WriteToBigQuery/BigQueryBatchFileLoads/Flatten
[2024-07-23T09:49:47.974+0000] {dataflow_runner.py:203} INFO - 2024-07-23T09:49:45.468Z: JOB_MESSAGE_BASIC: Finished operation WriteLog/WriteLogGCS/Write/WriteImpl/GroupByKey/Close
[2024-07-23T09:49:47.975+0000] {dataflow_runner.py:203} INFO - 2024-07-23T09:49:45.502Z: JOB_MESSAGE_BASIC: Executing operation WriteLog/WriteLogGCS/Write/WriteImpl/GroupByKey/Read+WriteLog/WriteLogGCS/Write/WriteImpl/Extract
[2024-07-23T09:49:47.975+0000] {dataflow_runner.py:203} INFO - 2024-07-23T09:49:48.147Z: JOB_MESSAGE_BASIC: Finished operation WriteToBigQuery/WriteToBigQuery/BigQueryBatchFileLoads/ParDo(TriggerCopyJobs)/ParDo(TriggerCopyJobs)
[2024-07-23T09:49:47.976+0000] {dataflow_runner.py:203} INFO - 2024-07-23T09:49:48.200Z: JOB_MESSAGE_BASIC: Executing operation WriteToBigQuery/WriteToBigQuery/BigQueryBatchFileLoads/RemoveTempTables/AddUselessValue/View-python_side_input0
[2024-07-23T09:49:47.976+0000] {dataflow_runner.py:203} INFO - 2024-07-23T09:49:48.287Z: JOB_MESSAGE_BASIC: Finished operation WriteToBigQuery/WriteToBigQuery/BigQueryBatchFileLoads/RemoveTempTables/AddUselessValue/View-python_side_input0
[2024-07-23T09:49:47.977+0000] {dataflow_runner.py:203} INFO - 2024-07-23T09:49:48.337Z: JOB_MESSAGE_BASIC: Finished operation WriteLog/WriteLogGCS/Write/WriteImpl/GroupByKey/Read+WriteLog/WriteLogGCS/Write/WriteImpl/Extract
[2024-07-23T09:49:47.977+0000] {dataflow_runner.py:203} INFO - 2024-07-23T09:49:48.339Z: JOB_MESSAGE_BASIC: Executing operation WriteToBigQuery/WriteToBigQuery/BigQueryBatchFileLoads/RemoveTempTables/DeduplicateTables/Create
[2024-07-23T09:49:47.978+0000] {dataflow_runner.py:203} INFO - 2024-07-23T09:49:48.389Z: JOB_MESSAGE_BASIC: Executing operation WriteLog/WriteLogGCS/Write/WriteImpl/FinalizeWrite/View-python_side_input1
[2024-07-23T09:49:47.978+0000] {dataflow_runner.py:203} INFO - 2024-07-23T09:49:48.401Z: JOB_MESSAGE_BASIC: Executing operation WriteLog/WriteLogGCS/Write/WriteImpl/PreFinalize/View-python_side_input1
[2024-07-23T09:49:47.978+0000] {dataflow_runner.py:203} INFO - 2024-07-23T09:49:48.483Z: JOB_MESSAGE_BASIC: Finished operation WriteLog/WriteLogGCS/Write/WriteImpl/FinalizeWrite/View-python_side_input1
[2024-07-23T09:49:47.979+0000] {dataflow_runner.py:203} INFO - 2024-07-23T09:49:48.499Z: JOB_MESSAGE_BASIC: Finished operation WriteLog/WriteLogGCS/Write/WriteImpl/PreFinalize/View-python_side_input1
[2024-07-23T09:49:47.979+0000] {dataflow_runner.py:203} INFO - 2024-07-23T09:49:48.553Z: JOB_MESSAGE_BASIC: Executing operation WriteLog/WriteLogGCS/Write/WriteImpl/PreFinalize
[2024-07-23T09:49:47.980+0000] {dataflow_runner.py:203} INFO - 2024-07-23T09:49:48.570Z: JOB_MESSAGE_BASIC: Finished operation WriteToBigQuery/WriteToBigQuery/BigQueryBatchFileLoads/RemoveTempTables/DeduplicateTables/Create
[2024-07-23T09:49:47.980+0000] {dataflow_runner.py:203} INFO - 2024-07-23T09:49:48.622Z: JOB_MESSAGE_BASIC: Executing operation WriteToBigQuery/WriteToBigQuery/BigQueryBatchFileLoads/RemoveTempTables/AddUselessValue+WriteToBigQuery/WriteToBigQuery/BigQueryBatchFileLoads/RemoveTempTables/DeduplicateTables/Write
[2024-07-23T09:49:47.981+0000] {dataflow_runner.py:203} INFO - 2024-07-23T09:49:49.254Z: JOB_MESSAGE_BASIC: Finished operation WriteToBigQuery/WriteToBigQuery/BigQueryBatchFileLoads/RemoveTempTables/AddUselessValue+WriteToBigQuery/WriteToBigQuery/BigQueryBatchFileLoads/RemoveTempTables/DeduplicateTables/Write
[2024-07-23T09:49:47.981+0000] {dataflow_runner.py:203} INFO - 2024-07-23T09:49:49.279Z: JOB_MESSAGE_BASIC: Executing operation WriteToBigQuery/WriteToBigQuery/BigQueryBatchFileLoads/RemoveTempTables/DeduplicateTables/Close
[2024-07-23T09:49:47.982+0000] {dataflow_runner.py:203} INFO - 2024-07-23T09:49:49.309Z: JOB_MESSAGE_BASIC: Finished operation WriteToBigQuery/WriteToBigQuery/BigQueryBatchFileLoads/RemoveTempTables/DeduplicateTables/Close
[2024-07-23T09:49:47.982+0000] {dataflow_runner.py:203} INFO - 2024-07-23T09:49:49.335Z: JOB_MESSAGE_BASIC: Executing operation WriteToBigQuery/WriteToBigQuery/BigQueryBatchFileLoads/RemoveTempTables/DeduplicateTables/Read+WriteToBigQuery/WriteToBigQuery/BigQueryBatchFileLoads/RemoveTempTables/GetTableNames/Keys+WriteToBigQuery/WriteToBigQuery/BigQueryBatchFileLoads/RemoveTempTables/Delete
[2024-07-23T09:49:47.982+0000] {dataflow_runner.py:203} INFO - 2024-07-23T09:49:49.450Z: JOB_MESSAGE_BASIC: Finished operation WriteToBigQuery/WriteToBigQuery/BigQueryBatchFileLoads/RemoveTempTables/DeduplicateTables/Read+WriteToBigQuery/WriteToBigQuery/BigQueryBatchFileLoads/RemoveTempTables/GetTableNames/Keys+WriteToBigQuery/WriteToBigQuery/BigQueryBatchFileLoads/RemoveTempTables/Delete
[2024-07-23T09:49:53.326+0000] {dataflow_runner.py:203} INFO - 2024-07-23T09:49:53.631Z: JOB_MESSAGE_BASIC: Finished operation WriteLog/WriteLogGCS/Write/WriteImpl/PreFinalize
[2024-07-23T09:49:53.327+0000] {dataflow_runner.py:203} INFO - 2024-07-23T09:49:53.684Z: JOB_MESSAGE_BASIC: Executing operation WriteLog/WriteLogGCS/Write/WriteImpl/FinalizeWrite/View-python_side_input2
[2024-07-23T09:49:53.327+0000] {dataflow_runner.py:203} INFO - 2024-07-23T09:49:53.785Z: JOB_MESSAGE_BASIC: Finished operation WriteLog/WriteLogGCS/Write/WriteImpl/FinalizeWrite/View-python_side_input2
[2024-07-23T09:49:53.328+0000] {dataflow_runner.py:203} INFO - 2024-07-23T09:49:53.838Z: JOB_MESSAGE_BASIC: Executing operation WriteLog/WriteLogGCS/Write/WriteImpl/FinalizeWrite
[2024-07-23T09:49:58.684+0000] {dataflow_runner.py:203} INFO - 2024-07-23T09:49:56.680Z: JOB_MESSAGE_BASIC: Finished operation WriteLog/WriteLogGCS/Write/WriteImpl/FinalizeWrite
[2024-07-23T09:49:58.685+0000] {dataflow_runner.py:203} INFO - 2024-07-23T09:49:57.086Z: JOB_MESSAGE_BASIC: Stopping worker pool...
[2024-07-23T09:50:41.679+0000] {dataflow_runner.py:203} INFO - 2024-07-23T09:50:42.303Z: JOB_MESSAGE_BASIC: Worker pool stopped.
[2024-07-23T09:50:47.189+0000] {dataflow_runner.py:153} INFO - Job 2024-07-23_02_45_31-17989481940801135369 is in state JOB_STATE_DONE
[2024-07-23T09:50:49.533+0000] {logging_mixin.py:188} INFO - Transform and load stage successfully
[2024-07-23T09:50:49.539+0000] {python.py:201} INFO - Done. Returned value was: None
[2024-07-23T09:50:49.674+0000] {taskinstance.py:1138} INFO - Marking task as SUCCESS. dag_id=dim_country_etl_daily, task_id=transform_and_load_task, execution_date=20240723T093937, start_date=20240723T093949, end_date=20240723T095049
[2024-07-23T09:50:49.983+0000] {local_task_job_runner.py:234} INFO - Task exited with return code 0
[2024-07-23T09:50:50.082+0000] {taskinstance.py:3280} INFO - 0 downstream tasks scheduled from follow-on schedule check
